<?xml version="1.0"?><coverage lines-covered="2476" lines-valid="13874" line-rate="0.1784633126711835" branches-covered="0" branches-valid="0" branch-rate="0" complexity="0" version="1.9" timestamp="1759782970"><sources><source>/home/eastgate/Development/ecoPrimals/nestgate</source></sources><packages><package name="code/crates/nestgate-api/src/handlers/performance_dashboard/types" line-rate="0" branch-rate="0" complexity="0"><classes></classes></package><package name="code/crates/nestgate-core/src/monitoring/dashboards" line-rate="0" branch-rate="0" complexity="0"><classes></classes></package><package name="code/crates/nestgate-core/src/config/canonical_config" line-rate="0" branch-rate="0" complexity="0"><classes></classes></package><package name="code/crates/nestgate-core/src/orchestration" line-rate="0" branch-rate="0" complexity="0"><classes></classes></package><package name="code/crates/nestgate-api/src" line-rate="0.2884130982367758" branch-rate="0" complexity="0"><classes></classes></package><package name="code/crates/nestgate-core/src/data_sources/providers" line-rate="0" branch-rate="0" complexity="0"><classes></classes></package><package name="code/crates/nestgate-zfs/examples" line-rate="0" branch-rate="0" complexity="0"><classes></classes></package><package name="code/crates/nestgate-core/src/safe_operations" line-rate="0.005649717514124294" branch-rate="0" complexity="0"><classes><class name="async_ops" filename="code/crates/nestgate-core/src/safe_operations/async_ops.rs" line-rate="0" branch-rate="0" complexity="0"><methods/><lines><line number="10" hits="0"/><line number="11" hits="0"/><line number="12" hits="0"/><line number="13" hits="0"/></lines></class><class name="collections" filename="code/crates/nestgate-core/src/safe_operations/collections.rs" line-rate="0" branch-rate="0" complexity="0"><methods/><lines><line number="9" hits="0"/><line number="10" hits="0"/><line number="11" hits="0"/><line number="12" hits="0"/><line number="13" hits="0"/><line number="14" hits="0"/><line number="16" hits="0"/><line number="27" hits="0"/><line number="28" hits="0"/><line number="29" hits="0"/><line number="30" hits="0"/><line number="41" hits="0"/><line number="42" hits="0"/><line number="43" hits="0"/><line number="44" hits="0"/><line number="45" hits="0"/><line number="47" hits="0"/></lines></class><class name="files" filename="code/crates/nestgate-core/src/safe_operations/files.rs" line-rate="0.041666666666666664" branch-rate="0" complexity="0"><methods/><lines><line number="10" hits="0"/><line number="11" hits="0"/><line number="12" hits="0"/><line number="13" hits="0"/><line number="14" hits="0"/><line number="15" hits="0"/><line number="16" hits="0"/><line number="22" hits="0"/><line number="23" hits="0"/><line number="24" hits="0"/><line number="25" hits="0"/><line number="26" hits="0"/><line number="27" hits="0"/><line number="28" hits="0"/><line number="34" hits="0"/><line number="35" hits="0"/><line number="36" hits="0"/><line number="37" hits="0"/><line number="38" hits="0"/><line number="39" hits="0"/><line number="40" hits="0"/><line number="46" hits="0"/><line number="47" hits="1"/><line number="48" hits="0"/></lines></class><class name="memory" filename="code/crates/nestgate-core/src/safe_operations/memory.rs" line-rate="0" branch-rate="0" complexity="0"><methods/><lines><line number="8" hits="0"/><line number="9" hits="0"/><line number="10" hits="0"/><line number="11" hits="0"/><line number="12" hits="0"/><line number="13" hits="0"/><line number="15" hits="0"/><line number="18" hits="0"/><line number="29" hits="0"/><line number="31" hits="0"/><line number="32" hits="0"/><line number="33" hits="0"/><line number="34" hits="0"/><line number="35" hits="0"/><line number="37" hits="0"/><line number="40" hits="0"/><line number="41" hits="0"/><line number="46" hits="0"/><line number="47" hits="0"/><line number="48" hits="0"/><line number="49" hits="0"/><line number="50" hits="0"/><line number="56" hits="0"/><line number="57" hits="0"/><line number="58" hits="0"/><line number="59" hits="0"/><line number="60" hits="0"/><line number="61" hits="0"/><line number="62" hits="0"/><line number="65" hits="0"/><line number="66" hits="0"/></lines></class><class name="mod" filename="code/crates/nestgate-core/src/safe_operations/mod.rs" line-rate="0" branch-rate="0" complexity="0"><methods/><lines><line number="38" hits="0"/><line number="39" hits="0"/><line number="40" hits="0"/><line number="41" hits="0"/><line number="42" hits="0"/><line number="44" hits="0"/><line number="45" hits="0"/><line number="47" hits="0"/><line number="56" hits="0"/><line number="57" hits="0"/><line number="58" hits="0"/><line number="59" hits="0"/><line number="60" hits="0"/><line number="61" hits="0"/></lines></class><class name="mutexes" filename="code/crates/nestgate-core/src/safe_operations/mutexes.rs" line-rate="0" branch-rate="0" complexity="0"><methods/><lines><line number="9" hits="0"/><line number="10" hits="0"/><line number="11" hits="0"/><line number="16" hits="0"/><line number="17" hits="0"/><line number="18" hits="0"/><line number="23" hits="0"/><line number="24" hits="0"/><line number="25" hits="0"/></lines></class><class name="network" filename="code/crates/nestgate-core/src/safe_operations/network.rs" line-rate="0" branch-rate="0" complexity="0"><methods/><lines><line number="9" hits="0"/><line number="10" hits="0"/><line number="11" hits="0"/><line number="12" hits="0"/><line number="19" hits="0"/><line number="20" hits="0"/><line number="21" hits="0"/><line number="22" hits="0"/><line number="23" hits="0"/><line number="30" hits="0"/><line number="36" hits="0"/><line number="37" hits="0"/><line number="38" hits="0"/><line number="39" hits="0"/></lines></class><class name="options" filename="code/crates/nestgate-core/src/safe_operations/options.rs" line-rate="0" branch-rate="0" complexity="0"><methods/><lines><line number="8" hits="0"/><line number="9" hits="0"/><line number="10" hits="0"/><line number="11" hits="0"/><line number="12" hits="0"/><line number="18" hits="0"/><line number="19" hits="0"/><line number="20" hits="0"/><line number="23" hits="0"/><line number="24" hits="0"/><line number="25" hits="0"/><line number="27" hits="0"/><line number="32" hits="0"/><line number="33" hits="0"/><line number="34" hits="0"/><line number="35" hits="0"/><line number="36" hits="0"/></lines></class><class name="pedantic" filename="code/crates/nestgate-core/src/safe_operations/pedantic.rs" line-rate="0" branch-rate="0" complexity="0"><methods/><lines><line number="37" hits="0"/><line number="38" hits="0"/><line number="39" hits="0"/><line number="40" hits="0"/><line number="41" hits="0"/><line number="42" hits="0"/><line number="43" hits="0"/><line number="44" hits="0"/></lines></class><class name="results" filename="code/crates/nestgate-core/src/safe_operations/results.rs" line-rate="0" branch-rate="0" complexity="0"><methods/><lines><line number="14" hits="0"/><line number="15" hits="0"/><line number="16" hits="0"/><line number="17" hits="0"/></lines></class><class name="serialization" filename="code/crates/nestgate-core/src/safe_operations/serialization.rs" line-rate="0" branch-rate="0" complexity="0"><methods/><lines><line number="16" hits="0"/><line number="17" hits="0"/><line number="18" hits="0"/><line number="19" hits="0"/><line number="20" hits="0"/><line number="34" hits="0"/><line number="35" hits="0"/><line number="36" hits="0"/><line number="37" hits="0"/><line number="38" hits="0"/><line number="51" hits="0"/><line number="52" hits="0"/><line number="53" hits="0"/><line number="54" hits="0"/><line number="55" hits="0"/></lines></class><class name="services" filename="code/crates/nestgate-core/src/safe_operations/services.rs" line-rate="0" branch-rate="0" complexity="0"><methods/><lines><line number="11" hits="0"/><line number="12" hits="0"/><line number="13" hits="0"/><line number="14" hits="0"/><line number="15" hits="0"/><line number="21" hits="0"/><line number="23" hits="0"/></lines></class><class name="testing" filename="code/crates/nestgate-core/src/safe_operations/testing.rs" line-rate="0" branch-rate="0" complexity="0"><methods/><lines><line number="8" hits="0"/><line number="9" hits="0"/></lines></class><class name="threading" filename="code/crates/nestgate-core/src/safe_operations/threading.rs" line-rate="0" branch-rate="0" complexity="0"><methods/><lines><line number="9" hits="0"/><line number="10" hits="0"/><line number="11" hits="0"/><line number="12" hits="0"/><line number="13" hits="0"/><line number="25" hits="0"/><line number="26" hits="0"/><line number="27" hits="0"/><line number="28" hits="0"/><line number="29" hits="0"/><line number="30" hits="0"/></lines></class></classes></package><package name="ecosystem-expansion/templates/config-template/domains" line-rate="0" branch-rate="0" complexity="0"><classes></classes></package><package name="code/crates/nestgate-core/src/ecosystem_integration" line-rate="0" branch-rate="0" complexity="0"><classes><class name="capability_router" filename="code/crates/nestgate-core/src/ecosystem_integration/capability_router.rs" line-rate="0" branch-rate="0" complexity="0"><methods/><lines><line number="31" hits="0"/><line number="69" hits="0"/><line number="70" hits="0"/><line number="83" hits="0"/><line number="88" hits="0"/><line number="89" hits="0"/><line number="90" hits="0"/><line number="92" hits="0"/><line number="94" hits="0"/><line number="96" hits="0"/><line number="97" hits="0"/><line number="102" hits="0"/><line number="103" hits="0"/><line number="104" hits="0"/><line number="105" hits="0"/><line number="106" hits="0"/><line number="107" hits="0"/><line number="112" hits="0"/><line number="113" hits="0"/><line number="114" hits="0"/><line number="115" hits="0"/><line number="116" hits="0"/><line number="117" hits="0"/><line number="148" hits="0"/><line number="149" hits="0"/><line number="154" hits="0"/><line number="160" hits="0"/><line number="162" hits="0"/><line number="168" hits="0"/><line number="173" hits="0"/><line number="174" hits="0"/><line number="175" hits="0"/><line number="191" hits="0"/><line number="195" hits="0"/><line number="196" hits="0"/><line number="200" hits="0"/><line number="201" hits="0"/><line number="202" hits="0"/><line number="204" hits="0"/><line number="205" hits="0"/><line number="206" hits="0"/><line number="207" hits="0"/><line number="208" hits="0"/><line number="214" hits="0"/><line number="215" hits="0"/><line number="216" hits="0"/><line number="217" hits="0"/><line number="218" hits="0"/><line number="219" hits="0"/><line number="220" hits="0"/><line number="223" hits="0"/><line number="224" hits="0"/><line number="226" hits="0"/><line number="227" hits="0"/><line number="228" hits="0"/><line number="229" hits="0"/><line number="234" hits="0"/><line number="235" hits="0"/><line number="241" hits="0"/><line number="245" hits="0"/><line number="246" hits="0"/><line number="247" hits="0"/><line number="248" hits="0"/><line number="249" hits="0"/><line number="250" hits="0"/><line number="253" hits="0"/><line number="254" hits="0"/><line number="258" hits="0"/><line number="265" hits="0"/><line number="266" hits="0"/><line number="267" hits="0"/><line number="268" hits="0"/><line number="269" hits="0"/><line number="270" hits="0"/><line number="271" hits="0"/><line number="276" hits="0"/><line number="278" hits="0"/><line number="281" hits="0"/><line number="283" hits="0"/><line number="285" hits="0"/><line number="286" hits="0"/><line number="287" hits="0"/><line number="295" hits="0"/><line number="297" hits="0"/><line number="303" hits="0"/><line number="304" hits="0"/><line number="305" hits="0"/><line number="307" hits="0"/><line number="310" hits="0"/><line number="311" hits="0"/><line number="312" hits="0"/><line number="313" hits="0"/><line number="316" hits="0"/><line number="320" hits="0"/><line number="326" hits="0"/><line number="327" hits="0"/><line number="328" hits="0"/><line number="329" hits="0"/><line number="332" hits="0"/><line number="333" hits="0"/><line number="337" hits="0"/><line number="338" hits="0"/><line number="340" hits="0"/><line number="341" hits="0"/><line number="342" hits="0"/><line number="343" hits="0"/><line number="344" hits="0"/><line number="345" hits="0"/><line number="350" hits="0"/><line number="351" hits="0"/><line number="356" hits="0"/><line number="357" hits="0"/><line number="359" hits="0"/><line number="363" hits="0"/><line number="364" hits="0"/><line number="365" hits="0"/><line number="370" hits="0"/><line number="375" hits="0"/><line number="376" hits="0"/><line number="382" hits="0"/><line number="384" hits="0"/><line number="385" hits="0"/><line number="387" hits="0"/></lines></class><class name="mod" filename="code/crates/nestgate-core/src/ecosystem_integration/mod.rs" line-rate="0" branch-rate="0" complexity="0"><methods/><lines><line number="50" hits="0"/><line number="62" hits="0"/><line number="72" hits="0"/><line number="81" hits="0"/><line number="82" hits="0"/><line number="84" hits="0"/><line number="85" hits="0"/><line number="87" hits="0"/><line number="91" hits="0"/><line number="92" hits="0"/><line number="95" hits="0"/><line number="96" hits="0"/><line number="97" hits="0"/><line number="98" hits="0"/><line number="99" hits="0"/><line number="100" hits="0"/><line number="123" hits="0"/><line number="135" hits="0"/><line number="136" hits="0"/><line number="137" hits="0"/><line number="138" hits="0"/><line number="139" hits="0"/><line number="145" hits="0"/><line number="155" hits="0"/><line number="157" hits="0"/><line number="159" hits="0"/><line number="160" hits="0"/><line number="161" hits="0"/><line number="163" hits="0"/><line number="166" hits="0"/><line number="169" hits="0"/><line number="175" hits="0"/><line number="176" hits="0"/><line number="179" hits="0"/><line number="180" hits="0"/><line number="181" hits="0"/><line number="182" hits="0"/><line number="183" hits="0"/><line number="184" hits="0"/><line number="214" hits="0"/><line number="215" hits="0"/><line number="220" hits="0"/><line number="230" hits="0"/><line number="231" hits="0"/><line number="233" hits="0"/><line number="234" hits="0"/><line number="236" hits="0"/><line number="238" hits="0"/><line number="239" hits="0"/><line number="241" hits="0"/><line number="242" hits="0"/><line number="245" hits="0"/><line number="251" hits="0"/><line number="252" hits="0"/><line number="253" hits="0"/><line number="254" hits="0"/><line number="255" hits="0"/><line number="259" hits="0"/><line number="260" hits="0"/><line number="261" hits="0"/><line number="262" hits="0"/><line number="263" hits="0"/><line number="292" hits="0"/><line number="293" hits="0"/><line number="323" hits="0"/><line number="324" hits="0"/><line number="329" hits="0"/><line number="339" hits="0"/><line number="340" hits="0"/><line number="342" hits="0"/><line number="343" hits="0"/><line number="345" hits="0"/><line number="346" hits="0"/><line number="347" hits="0"/><line number="348" hits="0"/><line number="351" hits="0"/><line number="357" hits="0"/><line number="358" hits="0"/><line number="359" hits="0"/><line number="360" hits="0"/><line number="361" hits="0"/><line number="365" hits="0"/><line number="366" hits="0"/><line number="367" hits="0"/><line number="368" hits="0"/><line number="369" hits="0"/><line number="395" hits="0"/><line number="396" hits="0"/><line number="403" hits="0"/><line number="407" hits="0"/><line number="425" hits="0"/><line number="426" hits="0"/><line number="429" hits="0"/><line number="431" hits="0"/><line number="434" hits="0"/><line number="437" hits="0"/><line number="439" hits="0"/><line number="440" hits="0"/><line number="443" hits="0"/><line number="448" hits="0"/><line number="453" hits="0"/><line number="464" hits="0"/><line number="465" hits="0"/><line number="467" hits="0"/><line number="468" hits="0"/><line number="470" hits="0"/><line number="472" hits="0"/><line number="481" hits="0"/><line number="489" hits="0"/><line number="501" hits="0"/><line number="546" hits="0"/><line number="548" hits="0"/><line number="564" hits="0"/><line number="565" hits="0"/><line number="567" hits="0"/><line number="569" hits="0"/><line number="574" hits="0"/><line number="575" hits="0"/><line number="578" hits="0"/><line number="582" hits="0"/><line number="586" hits="0"/><line number="590" hits="0"/><line number="595" hits="0"/><line number="600" hits="0"/><line number="601" hits="0"/><line number="602" hits="0"/><line number="603" hits="0"/><line number="605" hits="0"/><line number="614" hits="0"/></lines></class><class name="real_adapter_router" filename="code/crates/nestgate-core/src/ecosystem_integration/real_adapter_router.rs" line-rate="0" branch-rate="0" complexity="0"><methods/><lines><line number="37" hits="0"/><line number="68" hits="0"/><line number="148" hits="0"/><line number="158" hits="0"/><line number="167" hits="0"/><line number="168" hits="0"/><line number="181" hits="0"/><line number="182" hits="0"/><line number="186" hits="0"/><line number="187" hits="0"/><line number="190" hits="0"/><line number="196" hits="0"/><line number="197" hits="0"/><line number="201" hits="0"/><line number="205" hits="0"/><line number="206" hits="0"/><line number="208" hits="0"/><line number="212" hits="0"/><line number="213" hits="0"/><line number="214" hits="0"/><line number="217" hits="0"/><line number="219" hits="0"/><line number="221" hits="0"/><line number="222" hits="0"/><line number="228" hits="0"/><line number="229" hits="0"/><line number="232" hits="0"/><line number="233" hits="0"/><line number="234" hits="0"/><line number="235" hits="0"/><line number="236" hits="0"/><line number="238" hits="0"/><line number="240" hits="0"/><line number="241" hits="0"/><line number="243" hits="0"/><line number="245" hits="0"/><line number="247" hits="0"/><line number="248" hits="0"/><line number="251" hits="0"/><line number="253" hits="0"/><line number="254" hits="0"/><line number="255" hits="0"/><line number="257" hits="0"/><line number="258" hits="0"/><line number="259" hits="0"/><line number="263" hits="0"/><line number="264" hits="0"/><line number="267" hits="0"/><line number="272" hits="0"/><line number="279" hits="0"/><line number="282" hits="0"/><line number="283" hits="0"/><line number="285" hits="0"/><line number="286" hits="0"/><line number="290" hits="0"/><line number="292" hits="0"/><line number="294" hits="0"/><line number="295" hits="0"/><line number="297" hits="0"/><line number="298" hits="0"/><line number="300" hits="0"/><line number="301" hits="0"/><line number="302" hits="0"/><line number="303" hits="0"/><line number="311" hits="0"/><line number="312" hits="0"/><line number="313" hits="0"/><line number="314" hits="0"/><line number="315" hits="0"/><line number="316" hits="0"/><line number="318" hits="0"/><line number="321" hits="0"/><line number="325" hits="0"/><line number="327" hits="0"/><line number="328" hits="0"/><line number="330" hits="0"/><line number="331" hits="0"/><line number="332" hits="0"/><line number="333" hits="0"/><line number="340" hits="0"/><line number="348" hits="0"/><line number="349" hits="0"/><line number="354" hits="0"/><line number="356" hits="0"/><line number="357" hits="0"/><line number="358" hits="0"/><line number="359" hits="0"/><line number="361" hits="0"/><line number="362" hits="0"/><line number="363" hits="0"/><line number="364" hits="0"/><line number="367" hits="0"/><line number="368" hits="0"/><line number="373" hits="0"/><line number="374" hits="0"/><line number="376" hits="0"/><line number="377" hits="0"/><line number="379" hits="0"/><line number="380" hits="0"/><line number="381" hits="0"/><line number="382" hits="0"/><line number="392" hits="0"/><line number="397" hits="0"/><line number="402" hits="0"/><line number="403" hits="0"/><line number="407" hits="0"/><line number="408" hits="0"/><line number="410" hits="0"/><line number="415" hits="0"/><line number="416" hits="0"/><line number="417" hits="0"/><line number="422" hits="0"/><line number="423" hits="0"/><line number="424" hits="0"/><line number="427" hits="0"/><line number="429" hits="0"/><line number="430" hits="0"/><line number="431" hits="0"/><line number="443" hits="0"/><line number="448" hits="0"/><line number="449" hits="0"/><line number="451" hits="0"/><line number="452" hits="0"/><line number="456" hits="0"/><line number="457" hits="0"/><line number="462" hits="0"/><line number="463" hits="0"/><line number="464" hits="0"/><line number="465" hits="0"/><line number="469" hits="0"/><line number="470" hits="0"/><line number="471" hits="0"/><line number="474" hits="0"/><line number="475" hits="0"/><line number="479" hits="0"/><line number="480" hits="0"/><line number="481" hits="0"/><line number="485" hits="0"/><line number="486" hits="0"/><line number="487" hits="0"/><line number="489" hits="0"/><line number="491" hits="0"/><line number="497" hits="0"/><line number="498" hits="0"/><line number="502" hits="0"/><line number="503" hits="0"/><line number="504" hits="0"/><line number="505" hits="0"/><line number="510" hits="0"/><line number="511" hits="0"/><line number="517" hits="0"/><line number="521" hits="0"/><line number="522" hits="0"/><line number="538" hits="0"/></lines></class></classes></package><package name="code/crates/nestgate-bin/tests" line-rate="0" branch-rate="0" complexity="0"><classes></classes></package><package name="code/crates/nestgate-core/src/enterprise" line-rate="0" branch-rate="0" complexity="0"><classes></classes></package><package name="code/crates/nestgate-api/src/handlers/load_testing" line-rate="0" branch-rate="0" complexity="0"><classes></classes></package><package name="code/crates/nestgate-core/src/error/domains" line-rate="0" branch-rate="0" complexity="0"><classes></classes></package><package name="code/crates/nestgate-core/src/config/canonical_master/domains/performance" line-rate="0" branch-rate="0" complexity="0"><classes><class name="concurrency" filename="code/crates/nestgate-core/src/config/canonical_master/domains/performance/concurrency.rs" line-rate="0" branch-rate="0" complexity="0"><methods/><lines><line number="33" hits="0"/></lines></class><class name="core" filename="code/crates/nestgate-core/src/config/canonical_master/domains/performance/core.rs" line-rate="0" branch-rate="0" complexity="0"><methods/><lines><line number="51" hits="0"/><line number="52" hits="0"/><line number="63" hits="0"/><line number="65" hits="0"/><line number="68" hits="0"/><line number="71" hits="0"/><line number="80" hits="0"/><line number="81" hits="0"/><line number="82" hits="0"/><line number="83" hits="0"/><line number="84" hits="0"/><line number="85" hits="0"/><line number="101" hits="0"/><line number="102" hits="0"/><line number="103" hits="0"/><line number="104" hits="0"/><line number="109" hits="0"/><line number="112" hits="0"/></lines></class><class name="cpu" filename="code/crates/nestgate-core/src/config/canonical_master/domains/performance/cpu.rs" line-rate="0" branch-rate="0" complexity="0"><methods/><lines><line number="127" hits="0"/><line number="130" hits="0"/><line number="137" hits="0"/><line number="140" hits="0"/><line number="143" hits="0"/><line number="149" hits="0"/><line number="159" hits="0"/><line number="162" hits="0"/><line number="169" hits="0"/><line number="189" hits="0"/><line number="191" hits="0"/><line number="192" hits="0"/><line number="198" hits="0"/><line number="199" hits="0"/><line number="206" hits="0"/><line number="207" hits="0"/></lines></class><class name="io" filename="code/crates/nestgate-core/src/config/canonical_master/domains/performance/io.rs" line-rate="0" branch-rate="0" complexity="0"><methods/><lines><line number="66" hits="0"/><line number="67" hits="0"/><line number="68" hits="0"/><line number="69" hits="0"/><line number="70" hits="0"/><line number="71" hits="0"/><line number="72" hits="0"/></lines></class><class name="memory" filename="code/crates/nestgate-core/src/config/canonical_master/domains/performance/memory.rs" line-rate="0" branch-rate="0" complexity="0"><methods/><lines><line number="55" hits="0"/><line number="65" hits="0"/><line number="75" hits="0"/><line number="90" hits="0"/><line number="91" hits="0"/></lines></class><class name="monitoring" filename="code/crates/nestgate-core/src/config/canonical_master/domains/performance/monitoring.rs" line-rate="0" branch-rate="0" complexity="0"><methods/><lines><line number="58" hits="0"/><line number="61" hits="0"/><line number="68" hits="0"/><line number="79" hits="0"/></lines></class></classes></package><package name="code/crates/nestgate-core/src/recovery" line-rate="0.47393364928909953" branch-rate="0" complexity="0"><classes><class name="circuit_breaker" filename="code/crates/nestgate-core/src/recovery/circuit_breaker.rs" line-rate="0.7156862745098039" branch-rate="0" complexity="0"><methods/><lines><line number="36" hits="0"/><line number="67" hits="1"/><line number="70" hits="1"/><line number="71" hits="1"/><line number="72" hits="1"/><line number="73" hits="1"/><line number="74" hits="1"/><line number="87" hits="5"/><line number="93" hits="12"/><line number="94" hits="0"/><line number="95" hits="1"/><line number="96" hits="2"/><line number="97" hits="1"/><line number="98" hits="2"/><line number="99" hits="0"/><line number="100" hits="0"/><line number="106" hits="8"/><line number="107" hits="1"/><line number="108" hits="2"/><line number="109" hits="1"/><line number="111" hits="3"/><line number="112" hits="9"/><line number="113" hits="3"/><line number="119" hits="2"/><line number="120" hits="2"/><line number="121" hits="1"/><line number="125" hits="4"/><line number="126" hits="1"/><line number="127" hits="1"/><line number="128" hits="2"/><line number="142" hits="2"/><line number="143" hits="2"/><line number="144" hits="1"/><line number="146" hits="3"/><line number="147" hits="1"/><line number="149" hits="2"/><line number="150" hits="1"/><line number="151" hits="1"/><line number="152" hits="2"/><line number="157" hits="0"/><line number="161" hits="0"/><line number="170" hits="2"/><line number="171" hits="2"/><line number="172" hits="1"/><line number="174" hits="2"/><line number="175" hits="4"/><line number="177" hits="1"/><line number="178" hits="1"/><line number="179" hits="2"/><line number="183" hits="0"/><line number="184" hits="0"/><line number="188" hits="0"/><line number="189" hits="0"/><line number="195" hits="2"/><line number="196" hits="2"/><line number="197" hits="1"/><line number="200" hits="3"/><line number="201" hits="1"/><line number="202" hits="3"/><line number="203" hits="1"/><line number="205" hits="4"/><line number="209" hits="2"/><line number="210" hits="2"/><line number="211" hits="1"/><line number="213" hits="3"/><line number="214" hits="1"/><line number="216" hits="4"/><line number="220" hits="2"/><line number="221" hits="2"/><line number="222" hits="1"/><line number="224" hits="3"/><line number="225" hits="1"/><line number="227" hits="4"/><line number="234" hits="2"/><line number="235" hits="2"/><line number="237" hits="3"/><line number="238" hits="1"/><line number="240" hits="4"/><line number="247" hits="0"/><line number="248" hits="0"/><line number="249" hits="0"/><line number="250" hits="0"/><line number="251" hits="0"/><line number="256" hits="2"/><line number="257" hits="2"/><line number="258" hits="1"/><line number="259" hits="0"/><line number="261" hits="0"/><line number="262" hits="0"/><line number="264" hits="0"/><line number="265" hits="0"/><line number="267" hits="0"/><line number="272" hits="2"/><line number="273" hits="2"/><line number="277" hits="0"/><line number="278" hits="0"/><line number="282" hits="0"/><line number="284" hits="0"/><line number="285" hits="0"/><line number="286" hits="0"/><line number="287" hits="0"/><line number="288" hits="0"/></lines></class><class name="graceful_degradation" filename="code/crates/nestgate-core/src/recovery/graceful_degradation.rs" line-rate="0" branch-rate="0" complexity="0"><methods/><lines><line number="49" hits="0"/><line number="57" hits="0"/><line number="58" hits="0"/><line number="59" hits="0"/><line number="60" hits="0"/><line number="66" hits="0"/><line number="70" hits="0"/><line number="83" hits="0"/><line number="84" hits="0"/><line number="86" hits="0"/><line number="87" hits="0"/><line number="89" hits="0"/><line number="92" hits="0"/><line number="95" hits="0"/><line number="97" hits="0"/><line number="98" hits="0"/><line number="111" hits="0"/></lines></class><class name="health_monitoring" filename="code/crates/nestgate-core/src/recovery/health_monitoring.rs" line-rate="0" branch-rate="0" complexity="0"><methods/><lines><line number="63" hits="0"/><line number="72" hits="0"/><line number="73" hits="0"/><line number="74" hits="0"/><line number="75" hits="0"/><line number="80" hits="0"/><line number="84" hits="0"/><line number="87" hits="0"/><line number="88" hits="0"/><line number="89" hits="0"/><line number="90" hits="0"/><line number="91" hits="0"/><line number="92" hits="0"/><line number="93" hits="0"/><line number="96" hits="0"/><line number="99" hits="0"/><line number="101" hits="0"/><line number="102" hits="0"/><line number="106" hits="0"/><line number="107" hits="0"/><line number="110" hits="0"/><line number="115" hits="0"/><line number="120" hits="0"/><line number="125" hits="0"/><line number="126" hits="0"/><line number="128" hits="0"/><line number="143" hits="0"/></lines></class><class name="retry_strategy" filename="code/crates/nestgate-core/src/recovery/retry_strategy.rs" line-rate="0.4153846153846154" branch-rate="0" complexity="0"><methods/><lines><line number="26" hits="0"/><line number="54" hits="0"/><line number="59" hits="0"/><line number="65" hits="0"/><line number="66" hits="2"/><line number="67" hits="2"/><line number="68" hits="2"/><line number="70" hits="6"/><line number="72" hits="2"/><line number="74" hits="0"/><line number="75" hits="0"/><line number="76" hits="0"/><line number="84" hits="5"/><line number="89" hits="3"/><line number="109" hits="0"/><line number="115" hits="0"/><line number="116" hits="0"/><line number="117" hits="4"/><line number="119" hits="0"/><line number="120" hits="0"/><line number="121" hits="0"/><line number="122" hits="0"/><line number="130" hits="0"/><line number="150" hits="0"/><line number="165" hits="3"/><line number="170" hits="3"/><line number="171" hits="3"/><line number="173" hits="2"/><line number="174" hits="12"/><line number="175" hits="0"/><line number="176" hits="0"/><line number="177" hits="0"/><line number="180" hits="6"/><line number="181" hits="1"/><line number="182" hits="1"/><line number="183" hits="0"/><line number="184" hits="0"/><line number="185" hits="0"/><line number="186" hits="0"/><line number="189" hits="0"/><line number="191" hits="4"/><line number="192" hits="6"/><line number="193" hits="6"/><line number="194" hits="0"/><line number="195" hits="0"/><line number="196" hits="0"/><line number="197" hits="0"/><line number="199" hits="2"/><line number="202" hits="4"/><line number="203" hits="8"/><line number="204" hits="0"/><line number="205" hits="0"/><line number="206" hits="0"/><line number="207" hits="0"/><line number="208" hits="0"/><line number="211" hits="4"/><line number="212" hits="7"/><line number="213" hits="2"/><line number="221" hits="0"/><line number="230" hits="0"/><line number="231" hits="3"/><line number="232" hits="6"/><line number="245" hits="0"/><line number="246" hits="0"/><line number="247" hits="0"/></lines></class></classes></package><package name="code/crates/nestgate-zfs/src/snapshot" line-rate="0.1076923076923077" branch-rate="0" complexity="0"><classes><class name="manager" filename="code/crates/nestgate-zfs/src/snapshot/manager.rs" line-rate="0" branch-rate="0" complexity="0"><methods/><lines><line number="101" hits="0"/><line number="105" hits="0"/><line number="106" hits="0"/><line number="108" hits="0"/><line number="113" hits="0"/><line number="114" hits="0"/><line number="115" hits="0"/><line number="116" hits="0"/><line number="187" hits="0"/><line number="271" hits="0"/><line number="296" hits="0"/><line number="372" hits="0"/><line number="399" hits="0"/><line number="436" hits="0"/><line number="437" hits="0"/><line number="439" hits="0"/><line number="440" hits="0"/><line number="441" hits="0"/><line number="442" hits="0"/></lines></class><class name="policy" filename="code/crates/nestgate-zfs/src/snapshot/policy.rs" line-rate="0.875" branch-rate="0" complexity="0"><methods/><lines><line number="31" hits="0"/><line number="87" hits="1"/><line number="89" hits="1"/><line number="90" hits="1"/><line number="92" hits="1"/><line number="94" hits="1"/><line number="95" hits="1"/><line number="96" hits="1"/></lines></class><class name="scheduler" filename="code/crates/nestgate-zfs/src/snapshot/scheduler.rs" line-rate="0" branch-rate="0" complexity="0"><methods/><lines><line number="35" hits="0"/><line number="48" hits="0"/><line number="67" hits="0"/><line number="68" hits="0"/><line number="69" hits="0"/><line number="71" hits="0"/><line number="73" hits="0"/><line number="74" hits="0"/><line number="77" hits="0"/><line number="78" hits="0"/><line number="81" hits="0"/><line number="82" hits="0"/><line number="85" hits="0"/><line number="86" hits="0"/><line number="91" hits="0"/><line number="92" hits="0"/><line number="98" hits="0"/><line number="105" hits="0"/><line number="159" hits="0"/><line number="176" hits="0"/><line number="177" hits="0"/><line number="182" hits="0"/><line number="183" hits="0"/><line number="184" hits="0"/><line number="185" hits="0"/><line number="187" hits="0"/><line number="192" hits="0"/><line number="258" hits="0"/><line number="276" hits="0"/><line number="349" hits="0"/><line number="362" hits="0"/><line number="363" hits="0"/><line number="364" hits="0"/><line number="365" hits="0"/><line number="366" hits="0"/><line number="367" hits="0"/><line number="369" hits="0"/><line number="371" hits="0"/></lines></class></classes></package><package name="code/crates/nestgate-core/src/performance" line-rate="0" branch-rate="0" complexity="0"><classes><class name="adaptive_caching" filename="code/crates/nestgate-core/src/performance/adaptive_caching.rs" line-rate="0" branch-rate="0" complexity="0"><methods/><lines><line number="49" hits="0"/><line number="50" hits="0"/><line number="61" hits="0"/><line number="62" hits="0"/><line number="65" hits="0"/><line number="66" hits="0"/><line number="67" hits="0"/><line number="109" hits="0"/><line number="111" hits="0"/><line number="113" hits="0"/><line number="117" hits="0"/><line number="118" hits="0"/><line number="120" hits="0"/><line number="121" hits="0"/><line number="122" hits="0"/><line number="123" hits="0"/><line number="124" hits="0"/><line number="125" hits="0"/><line number="126" hits="0"/><line number="128" hits="0"/><line number="129" hits="0"/><line number="130" hits="0"/><line number="131" hits="0"/><line number="132" hits="0"/><line number="135" hits="0"/><line number="136" hits="0"/><line number="137" hits="0"/><line number="138" hits="0"/><line number="147" hits="0"/><line number="148" hits="0"/><line number="151" hits="0"/><line number="153" hits="0"/><line number="156" hits="0"/><line number="157" hits="0"/><line number="160" hits="0"/><line number="161" hits="0"/><line number="162" hits="0"/><line number="163" hits="0"/><line number="165" hits="0"/><line number="168" hits="0"/><line number="169" hits="0"/><line number="171" hits="0"/><line number="173" hits="0"/><line number="174" hits="0"/><line number="176" hits="0"/><line number="177" hits="0"/><line number="178" hits="0"/><line number="179" hits="0"/><line number="183" hits="0"/><line number="186" hits="0"/><line number="188" hits="0"/><line number="193" hits="0"/><line number="198" hits="0"/><line number="203" hits="0"/><line number="208" hits="0"/></lines></class><class name="batch_processing" filename="code/crates/nestgate-core/src/performance/batch_processing.rs" line-rate="0" branch-rate="0" complexity="0"><methods/><lines><line number="80" hits="0"/><line number="82" hits="0"/><line number="83" hits="0"/><line number="86" hits="0"/><line number="96" hits="0"/><line number="99" hits="0"/><line number="103" hits="0"/><line number="105" hits="0"/><line number="106" hits="0"/><line number="107" hits="0"/><line number="108" hits="0"/><line number="109" hits="0"/><line number="113" hits="0"/><line number="114" hits="0"/><line number="122" hits="0"/><line number="124" hits="0"/><line number="127" hits="0"/><line number="128" hits="0"/><line number="130" hits="0"/><line number="131" hits="0"/><line number="132" hits="0"/><line number="133" hits="0"/><line number="134" hits="0"/><line number="135" hits="0"/><line number="136" hits="0"/><line number="137" hits="0"/><line number="139" hits="0"/><line number="143" hits="0"/><line number="146" hits="0"/><line number="147" hits="0"/><line number="148" hits="0"/><line number="150" hits="0"/><line number="151" hits="0"/><line number="152" hits="0"/><line number="154" hits="0"/><line number="155" hits="0"/><line number="156" hits="0"/><line number="162" hits="0"/><line number="166" hits="0"/><line number="169" hits="0"/></lines></class><class name="connection_pooling" filename="code/crates/nestgate-core/src/performance/connection_pooling.rs" line-rate="0" branch-rate="0" complexity="0"><methods/><lines><line number="68" hits="0"/><line number="69" hits="0"/><line number="79" hits="0"/><line number="80" hits="0"/><line number="81" hits="0"/><line number="84" hits="0"/><line number="85" hits="0"/><line number="90" hits="0"/><line number="92" hits="0"/><line number="93" hits="0"/><line number="94" hits="0"/><line number="104" hits="0"/><line number="106" hits="0"/><line number="109" hits="0"/><line number="111" hits="0"/><line number="112" hits="0"/><line number="113" hits="0"/><line number="114" hits="0"/><line number="115" hits="0"/><line number="116" hits="0"/><line number="119" hits="0"/><line number="120" hits="0"/><line number="121" hits="0"/><line number="122" hits="0"/><line number="127" hits="0"/><line number="128" hits="0"/><line number="129" hits="0"/><line number="130" hits="0"/><line number="131" hits="0"/><line number="132" hits="0"/><line number="135" hits="0"/><line number="137" hits="0"/><line number="140" hits="0"/><line number="143" hits="0"/><line number="146" hits="0"/><line number="149" hits="0"/><line number="152" hits="0"/></lines></class></classes></package><package name="tests/unit" line-rate="0" branch-rate="0" complexity="0"><classes></classes></package><package name="code/crates/nestgate-api/src/handlers/performance_analyzer" line-rate="0" branch-rate="0" complexity="0"><classes><class name="collectors" filename="code/crates/nestgate-api/src/handlers/performance_analyzer/collectors.rs" line-rate="0" branch-rate="0" complexity="0"><methods/><lines><line number="62" hits="0"/></lines></class><class name="metrics" filename="code/crates/nestgate-api/src/handlers/performance_analyzer/metrics.rs" line-rate="0" branch-rate="0" complexity="0"><methods/><lines><line number="29" hits="0"/><line number="39" hits="0"/><line number="44" hits="0"/><line number="49" hits="0"/><line number="58" hits="0"/></lines></class></classes></package><package name="code/crates/nestgate-core/src/canonical" line-rate="0" branch-rate="0" complexity="0"><classes></classes></package><package name="code/crates/nestgate-core/src/config_root" line-rate="0" branch-rate="0" complexity="0"><classes><class name="mod" filename="code/crates/nestgate-core/src/config_root/mod.rs" line-rate="0" branch-rate="0" complexity="0"><methods/><lines><line number="52" hits="0"/><line number="54" hits="0"/><line number="55" hits="0"/><line number="56" hits="0"/><line number="57" hits="0"/><line number="58" hits="0"/><line number="59" hits="0"/><line number="60" hits="0"/><line number="61" hits="0"/></lines></class></classes></package><package name="code/crates/nestgate-core/src" line-rate="0.1839574381010845" branch-rate="0" complexity="0"><classes><class name="advanced_optimizations" filename="code/crates/nestgate-core/src/advanced_optimizations.rs" line-rate="0.42105263157894735" branch-rate="0" complexity="0"><methods/><lines><line number="19" hits="0"/><line number="26" hits="0"/><line number="41" hits="0"/><line number="42" hits="0"/><line number="45" hits="1"/><line number="48" hits="3"/><line number="49" hits="1"/><line number="50" hits="1"/><line number="51" hits="1"/><line number="52" hits="1"/><line number="56" hits="1"/><line number="57" hits="0"/><line number="60" hits="0"/><line number="61" hits="0"/><line number="62" hits="0"/><line number="82" hits="0"/><line number="83" hits="0"/><line number="89" hits="0"/><line number="91" hits="0"/><line number="105" hits="0"/><line number="106" hits="0"/><line number="107" hits="1"/><line number="112" hits="0"/><line number="113" hits="2"/><line number="115" hits="1"/><line number="118" hits="1"/><line number="128" hits="0"/><line number="129" hits="0"/><line number="136" hits="0"/><line number="137" hits="0"/><line number="143" hits="0"/><line number="144" hits="2"/><line number="159" hits="0"/><line number="166" hits="0"/><line number="175" hits="0"/><line number="176" hits="0"/><line number="181" hits="0"/><line number="182" hits="0"/><line number="188" hits="0"/><line number="189" hits="0"/><line number="194" hits="0"/><line number="195" hits="0"/><line number="212" hits="0"/><line number="222" hits="1"/><line number="225" hits="1"/><line number="226" hits="0"/><line number="229" hits="1"/><line number="234" hits="1"/><line number="235" hits="2"/><line number="238" hits="1"/><line number="240" hits="1"/><line number="242" hits="1"/><line number="251" hits="0"/><line number="252" hits="1"/><line number="257" hits="1"/><line number="258" hits="1"/><line number="265" hits="1"/></lines></class><class name="ai_first_refactored" filename="code/crates/nestgate-core/src/ai_first_refactored.rs" line-rate="0" branch-rate="0" complexity="0"><methods/><lines><line number="271" hits="0"/><line number="277" hits="0"/><line number="283" hits="0"/><line number="284" hits="0"/><line number="285" hits="0"/><line number="286" hits="0"/><line number="290" hits="0"/><line number="291" hits="0"/><line number="292" hits="0"/><line number="296" hits="0"/><line number="297" hits="0"/><line number="298" hits="0"/><line number="302" hits="0"/><line number="303" hits="0"/><line number="304" hits="0"/><line number="307" hits="0"/><line number="309" hits="0"/><line number="310" hits="0"/><line number="311" hits="0"/><line number="312" hits="0"/><line number="314" hits="0"/><line number="316" hits="0"/><line number="317" hits="0"/><line number="318" hits="0"/><line number="336" hits="0"/><line number="338" hits="0"/><line number="342" hits="0"/><line number="348" hits="0"/><line number="359" hits="0"/><line number="370" hits="0"/><line number="374" hits="0"/><line number="384" hits="0"/><line number="386" hits="0"/><line number="387" hits="0"/><line number="388" hits="0"/><line number="390" hits="0"/><line number="403" hits="0"/><line number="405" hits="0"/><line number="409" hits="0"/><line number="413" hits="0"/><line number="420" hits="0"/><line number="421" hits="0"/><line number="422" hits="0"/><line number="423" hits="0"/><line number="440" hits="0"/><line number="441" hits="0"/><line number="442" hits="0"/><line number="443" hits="0"/><line number="444" hits="0"/><line number="445" hits="0"/><line number="446" hits="0"/><line number="447" hits="0"/><line number="448" hits="0"/><line number="453" hits="0"/><line number="463" hits="0"/><line number="464" hits="0"/><line number="478" hits="0"/><line number="479" hits="0"/><line number="480" hits="0"/><line number="481" hits="0"/><line number="482" hits="0"/><line number="483" hits="0"/><line number="485" hits="0"/><line number="486" hits="0"/><line number="487" hits="0"/><line number="488" hits="0"/><line number="490" hits="0"/><line number="495" hits="0"/><line number="504" hits="0"/><line number="510" hits="0"/><line number="511" hits="0"/><line number="512" hits="0"/><line number="513" hits="0"/><line number="514" hits="0"/><line number="517" hits="0"/><line number="536" hits="0"/><line number="537" hits="0"/><line number="542" hits="0"/><line number="543" hits="0"/><line number="544" hits="0"/><line number="549" hits="0"/><line number="550" hits="0"/><line number="551" hits="0"/><line number="556" hits="0"/><line number="557" hits="0"/><line number="558" hits="0"/><line number="559" hits="0"/><line number="561" hits="0"/></lines></class><class name="canonical_types" filename="code/crates/nestgate-core/src/canonical_types.rs" line-rate="0" branch-rate="0" complexity="0"><methods/><lines><line number="22" hits="0"/><line number="23" hits="0"/><line number="104" hits="0"/><line number="107" hits="0"/><line number="108" hits="0"/><line number="109" hits="0"/><line number="111" hits="0"/><line number="118" hits="0"/><line number="119" hits="0"/><line number="187" hits="0"/><line number="189" hits="0"/><line number="348" hits="0"/><line number="350" hits="0"/><line number="351" hits="0"/><line number="354" hits="0"/><line number="355" hits="0"/><line number="357" hits="0"/><line number="500" hits="0"/><line number="502" hits="0"/><line number="504" hits="0"/><line number="506" hits="0"/><line number="507" hits="0"/><line number="508" hits="0"/><line number="509" hits="0"/><line number="515" hits="0"/><line number="525" hits="0"/><line number="537" hits="0"/><line number="573" hits="0"/><line number="574" hits="0"/><line number="575" hits="0"/><line number="576" hits="0"/><line number="577" hits="0"/><line number="578" hits="0"/><line number="586" hits="0"/><line number="587" hits="0"/><line number="588" hits="0"/><line number="589" hits="0"/><line number="590" hits="0"/><line number="591" hits="0"/><line number="592" hits="0"/></lines></class><class name="defaults" filename="code/crates/nestgate-core/src/defaults.rs" line-rate="0.90625" branch-rate="0" complexity="0"><methods/><lines><line number="70" hits="0"/><line number="72" hits="7"/><line number="74" hits="3"/><line number="75" hits="7"/><line number="81" hits="1"/><line number="82" hits="1"/><line number="83" hits="1"/><line number="89" hits="1"/><line number="90" hits="1"/><line number="91" hits="1"/><line number="96" hits="0"/><line number="98" hits="3"/><line number="100" hits="3"/><line number="101" hits="3"/><line number="106" hits="0"/><line number="108" hits="3"/><line number="110" hits="3"/><line number="111" hits="3"/><line number="122" hits="1"/><line number="123" hits="2"/><line number="125" hits="1"/><line number="126" hits="1"/><line number="133" hits="1"/><line number="134" hits="1"/><line number="136" hits="3"/><line number="137" hits="1"/><line number="138" hits="2"/><line number="144" hits="1"/><line number="145" hits="1"/><line number="147" hits="3"/><line number="148" hits="1"/><line number="149" hits="2"/></lines></class><class name="enhanced_error_handling" filename="code/crates/nestgate-core/src/enhanced_error_handling.rs" line-rate="0" branch-rate="0" complexity="0"><methods/><lines><line number="305" hits="0"/><line number="306" hits="0"/><line number="307" hits="0"/><line number="308" hits="0"/><line number="309" hits="0"/><line number="310" hits="0"/><line number="311" hits="0"/><line number="316" hits="0"/><line number="317" hits="0"/><line number="319" hits="0"/><line number="320" hits="0"/><line number="321" hits="0"/><line number="322" hits="0"/><line number="323" hits="0"/><line number="324" hits="0"/><line number="325" hits="0"/><line number="329" hits="0"/><line number="330" hits="0"/><line number="332" hits="0"/><line number="333" hits="0"/><line number="334" hits="0"/><line number="339" hits="0"/><line number="345" hits="0"/><line number="346" hits="0"/><line number="348" hits="0"/><line number="349" hits="0"/><line number="350" hits="0"/><line number="352" hits="0"/><line number="354" hits="0"/><line number="355" hits="0"/><line number="357" hits="0"/><line number="358" hits="0"/><line number="361" hits="0"/><line number="447" hits="0"/><line number="449" hits="0"/><line number="450" hits="0"/><line number="451" hits="0"/><line number="452" hits="0"/><line number="453" hits="0"/><line number="454" hits="0"/><line number="457" hits="0"/><line number="460" hits="0"/><line number="461" hits="0"/><line number="462" hits="0"/><line number="468" hits="0"/><line number="469" hits="0"/><line number="470" hits="0"/><line number="471" hits="0"/></lines></class><class name="hardware_tuning" filename="code/crates/nestgate-core/src/hardware_tuning.rs" line-rate="0.5" branch-rate="0" complexity="0"><methods/><lines><line number="24" hits="0"/><line number="33" hits="0"/><line number="34" hits="0"/><line number="46" hits="0"/><line number="47" hits="0"/><line number="49" hits="0"/><line number="53" hits="0"/><line number="54" hits="0"/><line number="55" hits="0"/><line number="61" hits="0"/><line number="81" hits="1"/><line number="83" hits="1"/><line number="84" hits="1"/><line number="103" hits="0"/><line number="105" hits="1"/><line number="106" hits="1"/><line number="167" hits="1"/><line number="169" hits="1"/><line number="170" hits="1"/><line number="171" hits="1"/><line number="173" hits="1"/><line number="317" hits="1"/><line number="320" hits="1"/><line number="321" hits="1"/><line number="322" hits="1"/><line number="352" hits="0"/><line number="354" hits="0"/><line number="355" hits="0"/><line number="356" hits="0"/><line number="375" hits="0"/><line number="377" hits="1"/><line number="380" hits="1"/></lines></class><class name="idiomatic_evolution" filename="code/crates/nestgate-core/src/idiomatic_evolution.rs" line-rate="0" branch-rate="0" complexity="0"><methods/><lines><line number="8" hits="0"/><line number="9" hits="0"/></lines></class><class name="security_provider" filename="code/crates/nestgate-core/src/security_provider.rs" line-rate="0.14893617021276595" branch-rate="0" complexity="0"><methods/><lines><line number="31" hits="0"/><line number="37" hits="0"/><line number="39" hits="1"/><line number="52" hits="0"/><line number="55" hits="0"/><line number="56" hits="0"/><line number="59" hits="0"/><line number="61" hits="0"/><line number="62" hits="0"/><line number="66" hits="0"/><line number="68" hits="0"/><line number="71" hits="0"/><line number="73" hits="0"/><line number="76" hits="0"/><line number="80" hits="0"/><line number="81" hits="0"/><line number="86" hits="0"/><line number="88" hits="0"/><line number="89" hits="0"/><line number="90" hits="0"/><line number="91" hits="0"/><line number="96" hits="0"/><line number="101" hits="0"/><line number="102" hits="1"/><line number="103" hits="2"/><line number="106" hits="0"/><line number="115" hits="0"/><line number="120" hits="0"/><line number="121" hits="0"/><line number="122" hits="0"/><line number="125" hits="0"/><line number="127" hits="0"/><line number="130" hits="0"/><line number="135" hits="0"/><line number="136" hits="0"/><line number="137" hits="0"/><line number="138" hits="0"/><line number="141" hits="0"/><line number="143" hits="0"/><line number="146" hits="0"/><line number="151" hits="0"/><line number="161" hits="1"/><line number="163" hits="1"/><line number="164" hits="1"/><line number="166" hits="1"/><line number="170" hits="0"/><line number="178" hits="0"/></lines></class><class name="simple_memory_pool" filename="code/crates/nestgate-core/src/simple_memory_pool.rs" line-rate="0.75" branch-rate="0" complexity="0"><methods/><lines><line number="22" hits="1"/><line number="24" hits="4"/><line number="31" hits="1"/><line number="32" hits="1"/><line number="33" hits="2"/><line number="35" hits="1"/><line number="36" hits="1"/><line number="37" hits="1"/><line number="42" hits="1"/><line number="46" hits="1"/><line number="47" hits="1"/><line number="48" hits="1"/><line number="49" hits="1"/><line number="50" hits="1"/><line number="58" hits="1"/><line number="59" hits="2"/><line number="61" hits="2"/><line number="85" hits="0"/><line number="94" hits="0"/><line number="101" hits="0"/><line number="108" hits="0"/><line number="109" hits="2"/><line number="113" hits="0"/><line number="114" hits="0"/><line number="119" hits="1"/><line number="120" hits="1"/><line number="122" hits="1"/><line number="123" hits="1"/><line number="124" hits="1"/><line number="134" hits="0"/><line number="140" hits="0"/><line number="152" hits="1"/><line number="159" hits="0"/><line number="160" hits="1"/><line number="161" hits="1"/><line number="165" hits="1"/></lines></class><class name="temporal_storage" filename="code/crates/nestgate-core/src/temporal_storage.rs" line-rate="1" branch-rate="0" complexity="0"><methods/><lines><line number="404" hits="1"/><line number="416" hits="1"/></lines></class><class name="unified_config_consolidation" filename="code/crates/nestgate-core/src/unified_config_consolidation.rs" line-rate="0.1323529411764706" branch-rate="0" complexity="0"><methods/><lines><line number="47" hits="1"/><line number="49" hits="1"/><line number="50" hits="1"/><line number="51" hits="1"/><line number="52" hits="1"/><line number="53" hits="1"/><line number="54" hits="1"/><line number="55" hits="0"/><line number="56" hits="1"/><line number="57" hits="1"/><line number="68" hits="0"/><line number="70" hits="0"/><line number="71" hits="0"/><line number="72" hits="0"/><line number="73" hits="0"/><line number="74" hits="0"/><line number="75" hits="0"/><line number="77" hits="0"/><line number="78" hits="0"/><line number="83" hits="0"/><line number="84" hits="0"/><line number="88" hits="0"/><line number="89" hits="0"/><line number="93" hits="0"/><line number="94" hits="0"/><line number="98" hits="0"/><line number="99" hits="0"/><line number="103" hits="0"/><line number="104" hits="0"/><line number="108" hits="0"/><line number="109" hits="0"/><line number="113" hits="0"/><line number="114" hits="0"/><line number="118" hits="0"/><line number="123" hits="0"/><line number="124" hits="0"/><line number="125" hits="0"/><line number="126" hits="0"/><line number="127" hits="0"/><line number="128" hits="0"/><line number="129" hits="0"/><line number="133" hits="0"/><line number="166" hits="0"/><line number="168" hits="0"/><line number="280" hits="0"/><line number="282" hits="0"/><line number="283" hits="0"/><line number="284" hits="0"/><line number="324" hits="0"/><line number="328" hits="0"/><line number="354" hits="0"/><line number="359" hits="0"/><line number="384" hits="0"/><line number="389" hits="0"/><line number="393" hits="0"/><line number="417" hits="0"/><line number="438" hits="0"/><line number="441" hits="0"/><line number="442" hits="0"/><line number="445" hits="0"/><line number="446" hits="0"/><line number="450" hits="0"/><line number="451" hits="0"/><line number="454" hits="0"/><line number="455" hits="0"/><line number="458" hits="0"/><line number="459" hits="0"/><line number="461" hits="0"/></lines></class><class name="universal_providers_zero_cost" filename="code/crates/nestgate-core/src/universal_providers_zero_cost.rs" line-rate="0" branch-rate="0" complexity="0"><methods/><lines><line number="138" hits="0"/><line number="139" hits="0"/><line number="143" hits="0"/><line number="144" hits="0"/><line number="148" hits="0"/><line number="149" hits="0"/><line number="160" hits="0"/><line number="161" hits="0"/><line number="162" hits="0"/><line number="163" hits="0"/><line number="164" hits="0"/><line number="175" hits="0"/><line number="176" hits="0"/><line number="177" hits="0"/><line number="178" hits="0"/><line number="179" hits="0"/><line number="190" hits="0"/><line number="191" hits="0"/><line number="192" hits="0"/><line number="193" hits="0"/><line number="194" hits="0"/><line number="209" hits="0"/><line number="211" hits="0"/><line number="212" hits="0"/><line number="213" hits="0"/><line number="216" hits="0"/><line number="321" hits="0"/><line number="325" hits="0"/><line number="326" hits="0"/></lines></class><class name="uuid_cache" filename="code/crates/nestgate-core/src/uuid_cache.rs" line-rate="0.43103448275862066" branch-rate="0" complexity="0"><methods/><lines><line number="31" hits="1"/><line number="33" hits="1"/><line number="34" hits="1"/><line number="35" hits="1"/><line number="45" hits="1"/><line number="46" hits="2"/><line number="47" hits="2"/><line number="53" hits="2"/><line number="55" hits="3"/><line number="61" hits="2"/><line number="62" hits="3"/><line number="68" hits="1"/><line number="72" hits="0"/><line number="77" hits="1"/><line number="78" hits="2"/><line number="82" hits="1"/><line number="83" hits="2"/><line number="84" hits="3"/><line number="85" hits="3"/><line number="91" hits="0"/><line number="92" hits="0"/><line number="93" hits="0"/><line number="99" hits="1"/><line number="103" hits="1"/><line number="105" hits="1"/><line number="111" hits="0"/><line number="124" hits="0"/><line number="125" hits="0"/><line number="130" hits="0"/><line number="131" hits="0"/><line number="136" hits="0"/><line number="137" hits="0"/><line number="171" hits="1"/><line number="178" hits="0"/><line number="179" hits="0"/><line number="180" hits="0"/><line number="189" hits="1"/><line number="194" hits="0"/><line number="195" hits="2"/><line number="199" hits="0"/><line number="200" hits="1"/><line number="203" hits="0"/><line number="204" hits="0"/><line number="208" hits="0"/><line number="209" hits="0"/><line number="222" hits="0"/><line number="223" hits="0"/><line number="228" hits="0"/><line number="229" hits="0"/><line number="234" hits="0"/><line number="235" hits="0"/><line number="240" hits="0"/><line number="241" hits="0"/><line number="246" hits="0"/><line number="247" hits="0"/><line number="248" hits="0"/><line number="253" hits="0"/><line number="254" hits="0"/></lines></class><class name="zero_copy_enhancements" filename="code/crates/nestgate-core/src/zero_copy_enhancements.rs" line-rate="0" branch-rate="0" complexity="0"><methods/><lines><line number="89" hits="0"/><line number="91" hits="0"/><line number="92" hits="0"/><line number="97" hits="0"/><line number="98" hits="0"/><line number="99" hits="0"/><line number="100" hits="0"/><line number="101" hits="0"/><line number="105" hits="0"/><line number="106" hits="0"/><line number="107" hits="0"/><line number="108" hits="0"/><line number="110" hits="0"/><line number="112" hits="0"/><line number="117" hits="0"/><line number="118" hits="0"/><line number="119" hits="0"/><line number="144" hits="0"/><line number="145" hits="0"/><line number="148" hits="0"/><line number="149" hits="0"/><line number="156" hits="0"/><line number="157" hits="0"/><line number="159" hits="0"/><line number="163" hits="0"/><line number="164" hits="0"/><line number="165" hits="0"/><line number="167" hits="0"/><line number="183" hits="0"/><line number="186" hits="0"/><line number="187" hits="0"/><line number="193" hits="0"/><line number="194" hits="0"/><line number="195" hits="0"/><line number="200" hits="0"/><line number="201" hits="0"/><line number="202" hits="0"/><line number="207" hits="0"/><line number="208" hits="0"/><line number="209" hits="0"/><line number="214" hits="0"/><line number="215" hits="0"/><line number="216" hits="0"/><line number="221" hits="0"/><line number="222" hits="0"/><line number="223" hits="0"/><line number="227" hits="0"/><line number="229" hits="0"/><line number="230" hits="0"/><line number="231" hits="0"/><line number="247" hits="0"/><line number="248" hits="0"/><line number="252" hits="0"/><line number="253" hits="0"/><line number="257" hits="0"/><line number="258" hits="0"/><line number="262" hits="0"/><line number="263" hits="0"/><line number="264" hits="0"/><line number="265" hits="0"/><line number="366" hits="0"/><line number="375" hits="0"/><line number="376" hits="0"/><line number="378" hits="0"/><line number="379" hits="0"/><line number="382" hits="0"/><line number="385" hits="0"/><line number="386" hits="0"/><line number="387" hits="0"/><line number="388" hits="0"/><line number="389" hits="0"/><line number="391" hits="0"/><line number="394" hits="0"/><line number="399" hits="0"/><line number="400" hits="0"/><line number="402" hits="0"/><line number="405" hits="0"/><line number="406" hits="0"/><line number="407" hits="0"/><line number="408" hits="0"/><line number="409" hits="0"/><line number="411" hits="0"/><line number="415" hits="0"/><line number="416" hits="0"/><line number="418" hits="0"/><line number="422" hits="0"/><line number="423" hits="0"/><line number="424" hits="0"/><line number="425" hits="0"/><line number="426" hits="0"/><line number="428" hits="0"/><line number="433" hits="0"/><line number="434" hits="0"/><line number="435" hits="0"/><line number="436" hits="0"/><line number="437" hits="0"/><line number="439" hits="0"/></lines></class><class name="zero_cost_architecture" filename="code/crates/nestgate-core/src/zero_cost_architecture.rs" line-rate="0" branch-rate="0" complexity="0"><methods/><lines><line number="39" hits="0"/><line number="40" hits="0"/><line number="42" hits="0"/><line number="43" hits="0"/><line number="45" hits="0"/><line number="47" hits="0"/><line number="49" hits="0"/><line number="50" hits="0"/></lines></class><class name="zero_cost_evolution" filename="code/crates/nestgate-core/src/zero_cost_evolution.rs" line-rate="0.046511627906976744" branch-rate="0" complexity="0"><methods/><lines><line number="26" hits="0"/><line number="27" hits="0"/><line number="79" hits="0"/><line number="80" hits="0"/><line number="87" hits="0"/><line number="89" hits="0"/><line number="102" hits="0"/><line number="103" hits="2"/><line number="104" hits="0"/><line number="105" hits="0"/><line number="107" hits="0"/><line number="113" hits="0"/><line number="114" hits="0"/><line number="120" hits="0"/><line number="126" hits="0"/><line number="127" hits="0"/><line number="132" hits="0"/><line number="133" hits="0"/><line number="139" hits="0"/><line number="140" hits="0"/><line number="146" hits="0"/><line number="147" hits="0"/><line number="152" hits="0"/><line number="153" hits="0"/><line number="168" hits="0"/><line number="169" hits="0"/><line number="177" hits="0"/><line number="178" hits="0"/><line number="187" hits="0"/><line number="196" hits="0"/><line number="197" hits="0"/><line number="202" hits="0"/><line number="205" hits="0"/><line number="214" hits="0"/><line number="226" hits="0"/><line number="227" hits="0"/><line number="228" hits="0"/><line number="229" hits="0"/><line number="230" hits="0"/><line number="233" hits="0"/><line number="238" hits="0"/><line number="239" hits="0"/><line number="253" hits="0"/><line number="254" hits="0"/><line number="260" hits="0"/><line number="261" hits="0"/><line number="267" hits="0"/><line number="268" hits="0"/><line number="269" hits="0"/><line number="275" hits="0"/><line number="276" hits="0"/><line number="277" hits="0"/><line number="291" hits="0"/><line number="297" hits="0"/><line number="298" hits="0"/><line number="303" hits="0"/><line number="304" hits="0"/><line number="317" hits="0"/><line number="318" hits="0"/><line number="325" hits="0"/><line number="334" hits="0"/><line number="335" hits="0"/><line number="341" hits="0"/><line number="342" hits="0"/><line number="348" hits="0"/><line number="349" hits="0"/><line number="355" hits="0"/><line number="356" hits="0"/><line number="361" hits="0"/><line number="362" hits="1"/><line number="365" hits="0"/><line number="367" hits="0"/><line number="371" hits="1"/><line number="372" hits="1"/><line number="391" hits="0"/><line number="392" hits="0"/><line number="393" hits="0"/><line number="394" hits="0"/><line number="395" hits="0"/><line number="401" hits="0"/><line number="407" hits="0"/><line number="414" hits="0"/><line number="415" hits="0"/><line number="417" hits="0"/><line number="418" hits="0"/><line number="419" hits="0"/></lines></class></classes></package><package name="code/crates/nestgate-core/src/optimized/vectorized" line-rate="0" branch-rate="0" complexity="0"><classes><class name="array" filename="code/crates/nestgate-core/src/optimized/vectorized/array.rs" line-rate="0" branch-rate="0" complexity="0"><methods/><lines><line number="35" hits="0"/><line number="36" hits="0"/><line number="37" hits="0"/><line number="38" hits="0"/><line number="41" hits="0"/><line number="42" hits="0"/><line number="69" hits="0"/><line number="70" hits="0"/><line number="71" hits="0"/><line number="73" hits="0"/><line number="75" hits="0"/><line number="76" hits="0"/><line number="78" hits="0"/></lines></class><class name="checksum" filename="code/crates/nestgate-core/src/optimized/vectorized/checksum.rs" line-rate="0" branch-rate="0" complexity="0"><methods/><lines><line number="30" hits="0"/><line number="31" hits="0"/><line number="34" hits="0"/><line number="35" hits="0"/><line number="37" hits="0"/><line number="41" hits="0"/><line number="45" hits="0"/><line number="46" hits="0"/><line number="70" hits="0"/><line number="71" hits="0"/><line number="73" hits="0"/><line number="75" hits="0"/><line number="76" hits="0"/><line number="78" hits="0"/></lines></class><class name="hash" filename="code/crates/nestgate-core/src/optimized/vectorized/hash.rs" line-rate="0" branch-rate="0" complexity="0"><methods/><lines><line number="48" hits="0"/><line number="49" hits="0"/><line number="53" hits="0"/><line number="55" hits="0"/><line number="56" hits="0"/><line number="57" hits="0"/><line number="60" hits="0"/><line number="61" hits="0"/><line number="62" hits="0"/><line number="68" hits="0"/><line number="69" hits="0"/><line number="70" hits="0"/></lines></class><class name="string" filename="code/crates/nestgate-core/src/optimized/vectorized/string.rs" line-rate="0" branch-rate="0" complexity="0"><methods/><lines><line number="32" hits="0"/><line number="33" hits="0"/><line number="36" hits="0"/><line number="37" hits="0"/><line number="38" hits="0"/><line number="41" hits="0"/><line number="66" hits="0"/><line number="67" hits="0"/><line number="69" hits="0"/><line number="71" hits="0"/><line number="72" hits="0"/><line number="73" hits="0"/><line number="76" hits="0"/></lines></class></classes></package><package name="code/crates/nestgate-nas/tests" line-rate="0" branch-rate="0" complexity="0"><classes></classes></package><package name="code/crates/nestgate-zfs/src/config" line-rate="0" branch-rate="0" complexity="0"><classes></classes></package><package name="code/crates/nestgate-mcp/src" line-rate="0.7407407407407407" branch-rate="0" complexity="0"><classes><class name="error" filename="code/crates/nestgate-mcp/src/error.rs" line-rate="0.9090909090909091" branch-rate="0" complexity="0"><methods/><lines><line number="12" hits="1"/><line number="13" hits="1"/><line number="14" hits="2"/><line number="15" hits="1"/><line number="16" hits="1"/><line number="22" hits="1"/><line number="23" hits="1"/><line number="24" hits="2"/><line number="25" hits="1"/><line number="26" hits="2"/><line number="32" hits="1"/><line number="33" hits="1"/><line number="34" hits="2"/><line number="35" hits="1"/><line number="36" hits="1"/><line number="42" hits="1"/><line number="43" hits="1"/><line number="44" hits="2"/><line number="45" hits="1"/><line number="46" hits="1"/><line number="52" hits="1"/><line number="53" hits="1"/><line number="54" hits="2"/><line number="55" hits="1"/><line number="56" hits="1"/><line number="62" hits="1"/><line number="63" hits="1"/><line number="64" hits="2"/><line number="65" hits="1"/><line number="79" hits="1"/><line number="80" hits="1"/><line number="81" hits="2"/><line number="82" hits="1"/><line number="84" hits="2"/><line number="85" hits="1"/><line number="87" hits="0"/><line number="92" hits="2"/><line number="93" hits="2"/><line number="94" hits="0"/><line number="99" hits="2"/><line number="100" hits="2"/><line number="101" hits="0"/><line number="107" hits="0"/><line number="108" hits="1"/></lines></class><class name="lib" filename="code/crates/nestgate-mcp/src/lib.rs" line-rate="0" branch-rate="0" complexity="0"><methods/><lines><line number="48" hits="0"/><line number="51" hits="0"/><line number="108" hits="0"/><line number="109" hits="0"/><line number="110" hits="0"/><line number="111" hits="0"/><line number="112" hits="0"/><line number="113" hits="0"/><line number="114" hits="0"/><line number="115" hits="0"/></lines></class></classes></package><package name="code/crates/nestgate-core/src/services/native_async" line-rate="0.12698412698412698" branch-rate="0" complexity="0"><classes><class name="development" filename="code/crates/nestgate-core/src/services/native_async/development.rs" line-rate="0.20754716981132076" branch-rate="0" complexity="0"><methods/><lines><line number="21" hits="1"/><line number="35" hits="2"/><line number="39" hits="1"/><line number="43" hits="0"/><line number="46" hits="0"/><line number="50" hits="0"/><line number="52" hits="0"/><line number="54" hits="0"/><line number="55" hits="0"/><line number="57" hits="0"/><line number="58" hits="0"/><line number="59" hits="0"/><line number="60" hits="0"/><line number="61" hits="0"/><line number="65" hits="0"/><line number="66" hits="0"/><line number="67" hits="0"/><line number="68" hits="0"/><line number="72" hits="1"/><line number="74" hits="1"/><line number="80" hits="1"/><line number="86" hits="0"/><line number="95" hits="0"/><line number="99" hits="1"/><line number="100" hits="2"/><line number="102" hits="2"/><line number="103" hits="1"/><line number="104" hits="1"/><line number="109" hits="0"/><line number="110" hits="0"/><line number="114" hits="0"/><line number="116" hits="0"/><line number="119" hits="0"/><line number="120" hits="0"/><line number="121" hits="0"/><line number="122" hits="0"/><line number="123" hits="0"/><line number="124" hits="0"/><line number="125" hits="0"/><line number="126" hits="0"/><line number="127" hits="0"/><line number="128" hits="0"/><line number="129" hits="0"/><line number="131" hits="0"/><line number="132" hits="0"/><line number="133" hits="0"/><line number="134" hits="0"/><line number="136" hits="0"/><line number="137" hits="0"/><line number="138" hits="0"/><line number="140" hits="0"/><line number="142" hits="0"/><line number="149" hits="0"/></lines></class><class name="production" filename="code/crates/nestgate-core/src/services/native_async/production.rs" line-rate="0.13291139240506328" branch-rate="0" complexity="0"><methods/><lines><line number="57" hits="1"/><line number="59" hits="1"/><line number="60" hits="2"/><line number="81" hits="3"/><line number="83" hits="1"/><line number="84" hits="3"/><line number="85" hits="1"/><line number="88" hits="3"/><line number="89" hits="1"/><line number="91" hits="1"/><line number="95" hits="2"/><line number="97" hits="2"/><line number="98" hits="1"/><line number="101" hits="3"/><line number="102" hits="1"/><line number="106" hits="0"/><line number="107" hits="0"/><line number="108" hits="0"/><line number="111" hits="0"/><line number="113" hits="0"/><line number="119" hits="0"/><line number="122" hits="0"/><line number="124" hits="0"/><line number="129" hits="0"/><line number="131" hits="0"/><line number="132" hits="0"/><line number="134" hits="0"/><line number="135" hits="0"/><line number="138" hits="0"/><line number="139" hits="0"/><line number="140" hits="0"/><line number="142" hits="0"/><line number="144" hits="0"/><line number="145" hits="0"/><line number="146" hits="0"/><line number="147" hits="0"/><line number="148" hits="0"/><line number="152" hits="0"/><line number="154" hits="0"/><line number="156" hits="0"/><line number="157" hits="0"/><line number="158" hits="0"/><line number="160" hits="0"/><line number="162" hits="0"/><line number="163" hits="0"/><line number="164" hits="0"/><line number="167" hits="0"/><line number="172" hits="0"/><line number="173" hits="0"/><line number="174" hits="0"/><line number="176" hits="0"/><line number="178" hits="0"/><line number="181" hits="0"/><line number="182" hits="0"/><line number="187" hits="0"/><line number="189" hits="0"/><line number="193" hits="0"/><line number="195" hits="0"/><line number="196" hits="0"/><line number="197" hits="0"/><line number="201" hits="0"/><line number="203" hits="0"/><line number="205" hits="0"/><line number="208" hits="0"/><line number="210" hits="0"/><line number="211" hits="0"/><line number="213" hits="0"/><line number="217" hits="0"/><line number="220" hits="0"/><line number="224" hits="0"/><line number="226" hits="0"/><line number="230" hits="0"/><line number="232" hits="0"/><line number="233" hits="0"/><line number="236" hits="2"/><line number="238" hits="2"/><line number="239" hits="2"/><line number="242" hits="2"/><line number="244" hits="2"/><line number="245" hits="1"/><line number="254" hits="0"/><line number="256" hits="0"/><line number="266" hits="0"/><line number="268" hits="0"/><line number="275" hits="0"/><line number="277" hits="0"/><line number="278" hits="0"/><line number="279" hits="0"/><line number="280" hits="0"/><line number="281" hits="0"/><line number="282" hits="0"/><line number="283" hits="0"/><line number="288" hits="0"/><line number="291" hits="0"/><line number="293" hits="0"/><line number="300" hits="0"/><line number="301" hits="0"/><line number="303" hits="0"/><line number="306" hits="0"/><line number="308" hits="0"/><line number="309" hits="0"/><line number="313" hits="0"/><line number="315" hits="0"/><line number="318" hits="0"/><line number="320" hits="0"/><line number="321" hits="0"/><line number="322" hits="0"/><line number="326" hits="0"/><line number="329" hits="0"/><line number="331" hits="0"/><line number="332" hits="0"/><line number="335" hits="0"/><line number="337" hits="0"/><line number="344" hits="0"/><line number="350" hits="0"/><line number="353" hits="0"/><line number="355" hits="0"/><line number="357" hits="0"/><line number="358" hits="0"/><line number="359" hits="0"/><line number="361" hits="0"/><line number="367" hits="0"/><line number="374" hits="0"/><line number="379" hits="0"/><line number="380" hits="0"/><line number="381" hits="0"/><line number="382" hits="0"/><line number="386" hits="0"/><line number="391" hits="0"/><line number="394" hits="0"/><line number="395" hits="0"/><line number="396" hits="0"/><line number="404" hits="0"/><line number="405" hits="0"/><line number="407" hits="0"/><line number="409" hits="0"/><line number="410" hits="0"/><line number="414" hits="0"/><line number="415" hits="0"/><line number="417" hits="0"/><line number="423" hits="0"/><line number="427" hits="0"/><line number="432" hits="0"/><line number="434" hits="0"/><line number="435" hits="0"/><line number="437" hits="0"/><line number="438" hits="0"/><line number="439" hits="0"/><line number="440" hits="0"/><line number="441" hits="0"/><line number="445" hits="0"/><line number="447" hits="0"/><line number="448" hits="0"/><line number="452" hits="0"/><line number="453" hits="0"/><line number="455" hits="0"/><line number="456" hits="0"/><line number="458" hits="0"/></lines></class><class name="traits" filename="code/crates/nestgate-core/src/services/native_async/traits.rs" line-rate="0" branch-rate="0" complexity="0"><methods/><lines><line number="118" hits="0"/><line number="119" hits="0"/><line number="122" hits="0"/><line number="123" hits="0"/><line number="126" hits="0"/><line number="127" hits="0"/><line number="130" hits="0"/><line number="131" hits="0"/><line number="192" hits="0"/><line number="193" hits="0"/><line number="196" hits="0"/><line number="197" hits="0"/><line number="200" hits="0"/><line number="201" hits="0"/><line number="204" hits="0"/><line number="205" hits="0"/><line number="258" hits="0"/><line number="259" hits="0"/><line number="262" hits="0"/><line number="263" hits="0"/><line number="266" hits="0"/><line number="267" hits="0"/><line number="270" hits="0"/><line number="271" hits="0"/><line number="308" hits="0"/><line number="309" hits="0"/><line number="312" hits="0"/><line number="313" hits="0"/><line number="342" hits="0"/><line number="343" hits="0"/><line number="346" hits="0"/><line number="347" hits="0"/><line number="370" hits="0"/><line number="371" hits="0"/><line number="374" hits="0"/><line number="375" hits="0"/><line number="401" hits="0"/><line number="402" hits="0"/><line number="405" hits="0"/><line number="406" hits="0"/></lines></class><class name="types" filename="code/crates/nestgate-core/src/services/native_async/types.rs" line-rate="0" branch-rate="0" complexity="0"><methods/><lines><line number="53" hits="0"/></lines></class></classes></package><package name="code/crates/nestgate-core/src/scheduling" line-rate="0" branch-rate="0" complexity="0"><classes></classes></package><package name="code/crates/nestgate-api/src/byob/handlers" line-rate="0" branch-rate="0" complexity="0"><classes></classes></package><package name="code/crates/nestgate-core/src/observability" line-rate="0.42857142857142855" branch-rate="0" complexity="0"><classes><class name="health_checks" filename="code/crates/nestgate-core/src/observability/health_checks.rs" line-rate="0.5135135135135135" branch-rate="0" complexity="0"><methods/><lines><line number="66" hits="0"/><line number="68" hits="3"/><line number="73" hits="0"/><line number="78" hits="5"/><line number="89" hits="2"/><line number="91" hits="1"/><line number="94" hits="3"/><line number="95" hits="1"/><line number="97" hits="1"/><line number="98" hits="1"/><line number="99" hits="1"/><line number="100" hits="1"/><line number="102" hits="1"/><line number="104" hits="0"/><line number="105" hits="0"/><line number="107" hits="0"/><line number="108" hits="0"/><line number="110" hits="0"/><line number="112" hits="0"/><line number="113" hits="0"/><line number="121" hits="1"/><line number="122" hits="1"/><line number="127" hits="1"/><line number="135" hits="1"/><line number="137" hits="1"/><line number="138" hits="1"/><line number="151" hits="2"/><line number="152" hits="2"/><line number="157" hits="0"/><line number="165" hits="0"/><line number="167" hits="0"/><line number="168" hits="0"/><line number="170" hits="0"/><line number="176" hits="0"/><line number="178" hits="0"/><line number="179" hits="0"/><line number="181" hits="0"/></lines></class><class name="metrics" filename="code/crates/nestgate-core/src/observability/metrics.rs" line-rate="0.7352941176470589" branch-rate="0" complexity="0"><methods/><lines><line number="29" hits="0"/><line number="31" hits="0"/><line number="50" hits="0"/><line number="51" hits="0"/><line number="58" hits="1"/><line number="60" hits="1"/><line number="62" hits="1"/><line number="74" hits="2"/><line number="75" hits="3"/><line number="77" hits="3"/><line number="78" hits="1"/><line number="81" hits="1"/><line number="82" hits="0"/><line number="96" hits="2"/><line number="97" hits="2"/><line number="108" hits="2"/><line number="109" hits="2"/><line number="111" hits="1"/><line number="112" hits="1"/><line number="115" hits="4"/><line number="127" hits="2"/><line number="128" hits="2"/><line number="129" hits="1"/><line number="133" hits="2"/><line number="141" hits="2"/><line number="142" hits="2"/><line number="146" hits="1"/><line number="147" hits="1"/><line number="153" hits="0"/><line number="154" hits="2"/><line number="156" hits="0"/><line number="157" hits="0"/><line number="158" hits="1"/><line number="161" hits="0"/></lines></class><class name="mod" filename="code/crates/nestgate-core/src/observability/mod.rs" line-rate="0.2727272727272727" branch-rate="0" complexity="0"><methods/><lines><line number="43" hits="0"/><line number="58" hits="1"/><line number="59" hits="2"/><line number="60" hits="2"/><line number="78" hits="0"/><line number="79" hits="0"/><line number="81" hits="0"/><line number="82" hits="0"/><line number="83" hits="0"/
[...]
estgate-core/src/config/canonical_master/domains/consolidated_domains.rs" line-rate="0.1111111111111111" branch-rate="0" complexity="0"><methods/><lines><line number="332" hits="0"/><line number="334" hits="2"/><line number="361" hits="0"/><line number="362" hits="0"/><line number="365" hits="0"/><line number="366" hits="0"/><line number="367" hits="0"/><line number="368" hits="0"/><line number="369" hits="0"/><line number="370" hits="0"/><line number="371" hits="0"/><line number="372" hits="0"/><line number="373" hits="0"/><line number="375" hits="0"/><line number="378" hits="0"/><line number="381" hits="0"/><line number="383" hits="0"/><line number="384" hits="0"/><line number="385" hits="0"/><line number="386" hits="0"/><line number="387" hits="0"/><line number="388" hits="0"/><line number="404" hits="0"/><line number="405" hits="0"/><line number="412" hits="0"/><line number="413" hits="0"/><line number="435" hits="0"/><line number="438" hits="0"/><line number="441" hits="0"/><line number="442" hits="0"/><line number="446" hits="0"/><line number="447" hits="0"/><line number="452" hits="0"/><line number="457" hits="0"/><line number="580" hits="0"/><line number="581" hits="0"/><line number="586" hits="0"/><line number="589" hits="0"/><line number="595" hits="0"/><line number="596" hits="0"/><line number="601" hits="0"/><line number="604" hits="0"/><line number="613" hits="0"/><line number="614" hits="0"/><line number="619" hits="0"/><line number="622" hits="0"/><line number="640" hits="2"/><line number="642" hits="2"/><line number="645" hits="2"/><line number="651" hits="0"/><line number="654" hits="2"/><line number="662" hits="0"/><line number="664" hits="2"/><line number="695" hits="0"/></lines></class></classes></package><package name="code/crates/nestgate-api/src/handlers/zfs/universal_zfs/fail_safe" line-rate="0" branch-rate="0" complexity="0"><classes><class name="retry_executor" filename="code/crates/nestgate-api/src/handlers/zfs/universal_zfs/fail_safe/retry_executor.rs" line-rate="0" branch-rate="0" complexity="0"><methods/><lines><line number="48" hits="0"/><line number="49" hits="0"/><line number="51" hits="0"/><line number="52" hits="0"/><line number="54" hits="0"/><line number="55" hits="0"/><line number="56" hits="0"/><line number="57" hits="0"/><line number="58" hits="0"/><line number="61" hits="0"/><line number="62" hits="0"/><line number="63" hits="0"/><line number="65" hits="0"/><line number="67" hits="0"/><line number="68" hits="0"/><line number="69" hits="0"/><line number="71" hits="0"/></lines></class></classes></package><package name="code/crates/nestgate-zfs/tests/unit_tests" line-rate="0" branch-rate="0" complexity="0"><classes></classes></package><package name="code/crates/nestgate-core/src/examples" line-rate="0" branch-rate="0" complexity="0"><classes></classes></package><package name="code/crates/nestgate-zfs/src/advanced_features" line-rate="0" branch-rate="0" complexity="0"><classes></classes></package><package name="standalone-tests/src" line-rate="0" branch-rate="0" complexity="0"><classes></classes></package><package name="code/crates/nestgate-zfs/src/operations/production" line-rate="0" branch-rate="0" complexity="0"><classes></classes></package><package name="code/crates/nestgate-core/src/capabilities/discovery/dynamic_config" line-rate="0" branch-rate="0" complexity="0"><classes></classes></package><package name="code/crates/nestgate-core/src/security" line-rate="0" branch-rate="0" complexity="0"><classes></classes></package><package name="code/crates/nestgate-core/src/unified_enums" line-rate="0" branch-rate="0" complexity="0"><classes><class name="data_types" filename="code/crates/nestgate-core/src/unified_enums/data_types.rs" line-rate="0" branch-rate="0" complexity="0"><methods/><lines><line number="48" hits="0"/><line number="49" hits="0"/><line number="54" hits="0"/><line number="55" hits="0"/><line number="56" hits="0"/><line number="57" hits="0"/><line number="58" hits="0"/><line number="59" hits="0"/><line number="60" hits="0"/><line number="61" hits="0"/><line number="62" hits="0"/><line number="63" hits="0"/><line number="64" hits="0"/><line number="65" hits="0"/><line number="66" hits="0"/><line number="67" hits="0"/><line number="68" hits="0"/><line number="69" hits="0"/><line number="122" hits="0"/><line number="123" hits="0"/><line number="128" hits="0"/><line number="129" hits="0"/><line number="130" hits="0"/><line number="131" hits="0"/><line number="132" hits="0"/><line number="133" hits="0"/><line number="134" hits="0"/><line number="135" hits="0"/><line number="136" hits="0"/><line number="137" hits="0"/><line number="138" hits="0"/><line number="139" hits="0"/><line number="140" hits="0"/><line number="141" hits="0"/><line number="142" hits="0"/><line number="143" hits="0"/><line number="144" hits="0"/><line number="145" hits="0"/><line number="146" hits="0"/><line number="147" hits="0"/><line number="148" hits="0"/><line number="149" hits="0"/><line number="180" hits="0"/><line number="181" hits="0"/><line number="186" hits="0"/><line number="187" hits="0"/><line number="188" hits="0"/><line number="189" hits="0"/><line number="190" hits="0"/><line number="191" hits="0"/><line number="192" hits="0"/><line number="193" hits="0"/><line number="194" hits="0"/><line number="195" hits="0"/><line number="196" hits="0"/></lines></class><class name="message_event_types" filename="code/crates/nestgate-core/src/unified_enums/message_event_types.rs" line-rate="0" branch-rate="0" complexity="0"><methods/><lines><line number="36" hits="0"/><line number="37" hits="0"/><line number="42" hits="0"/><line number="43" hits="0"/><line number="44" hits="0"/><line number="45" hits="0"/><line number="46" hits="0"/><line number="47" hits="0"/><line number="48" hits="0"/><line number="49" hits="0"/><line number="50" hits="0"/><line number="51" hits="0"/><line number="52" hits="0"/><line number="53" hits="0"/><line number="54" hits="0"/><line number="95" hits="0"/><line number="96" hits="0"/><line number="101" hits="0"/><line number="102" hits="0"/><line number="103" hits="0"/><line number="104" hits="0"/><line number="105" hits="0"/><line number="106" hits="0"/><line number="107" hits="0"/><line number="108" hits="0"/><line number="109" hits="0"/><line number="110" hits="0"/><line number="111" hits="0"/><line number="112" hits="0"/><line number="113" hits="0"/><line number="114" hits="0"/><line number="115" hits="0"/><line number="116" hits="0"/><line number="157" hits="0"/><line number="158" hits="0"/><line number="163" hits="0"/><line number="164" hits="0"/><line number="165" hits="0"/><line number="166" hits="0"/><line number="167" hits="0"/><line number="168" hits="0"/><line number="169" hits="0"/><line number="170" hits="0"/><line number="171" hits="0"/><line number="172" hits="0"/><line number="173" hits="0"/><line number="174" hits="0"/><line number="175" hits="0"/><line number="176" hits="0"/><line number="177" hits="0"/><line number="178" hits="0"/><line number="209" hits="0"/><line number="210" hits="0"/><line number="232" hits="0"/><line number="233" hits="0"/></lines></class><class name="network_types" filename="code/crates/nestgate-core/src/unified_enums/network_types.rs" line-rate="0" branch-rate="0" complexity="0"><methods/><lines><line number="34" hits="0"/><line number="35" hits="0"/><line number="40" hits="0"/><line number="41" hits="0"/><line number="42" hits="0"/><line number="43" hits="0"/><line number="44" hits="0"/><line number="45" hits="0"/><line number="46" hits="0"/><line number="47" hits="0"/><line number="48" hits="0"/><line number="49" hits="0"/><line number="50" hits="0"/><line number="51" hits="0"/><line number="82" hits="0"/><line number="83" hits="0"/><line number="88" hits="0"/><line number="89" hits="0"/><line number="90" hits="0"/><line number="91" hits="0"/><line number="92" hits="0"/><line number="93" hits="0"/><line number="94" hits="0"/><line number="95" hits="0"/><line number="96" hits="0"/><line number="97" hits="0"/><line number="98" hits="0"/><line number="129" hits="0"/><line number="130" hits="0"/><line number="135" hits="0"/><line number="136" hits="0"/><line number="137" hits="0"/><line number="138" hits="0"/><line number="139" hits="0"/><line number="140" hits="0"/><line number="141" hits="0"/><line number="142" hits="0"/><line number="143" hits="0"/><line number="144" hits="0"/><line number="145" hits="0"/></lines></class><class name="service_types" filename="code/crates/nestgate-core/src/unified_enums/service_types.rs" line-rate="0" branch-rate="0" complexity="0"><methods/><lines><line number="40" hits="0"/><line number="41" hits="0"/><line number="46" hits="0"/><line number="47" hits="0"/><line number="48" hits="0"/><line number="49" hits="0"/><line number="50" hits="0"/><line number="51" hits="0"/><line number="52" hits="0"/><line number="53" hits="0"/><line number="54" hits="0"/><line number="55" hits="0"/><line number="56" hits="0"/><line number="57" hits="0"/><line number="58" hits="0"/><line number="59" hits="0"/><line number="60" hits="0"/><line number="97" hits="0"/><line number="98" hits="0"/><line number="103" hits="0"/><line number="104" hits="0"/><line number="105" hits="0"/><line number="106" hits="0"/><line number="107" hits="0"/><line number="108" hits="0"/><line number="109" hits="0"/><line number="110" hits="0"/><line number="111" hits="0"/><line number="112" hits="0"/><line number="113" hits="0"/><line number="114" hits="0"/><line number="115" hits="0"/><line number="116" hits="0"/><line number="148" hits="0"/><line number="149" hits="0"/><line number="154" hits="0"/><line number="155" hits="0"/><line number="156" hits="0"/><line number="157" hits="0"/><line number="158" hits="0"/><line number="159" hits="0"/><line number="160" hits="0"/><line number="161" hits="0"/><line number="162" hits="0"/><line number="163" hits="0"/><line number="164" hits="0"/><line number="195" hits="0"/><line number="196" hits="0"/><line number="201" hits="0"/><line number="202" hits="0"/><line number="203" hits="0"/><line number="204" hits="0"/><line number="205" hits="0"/><line number="206" hits="0"/><line number="207" hits="0"/><line number="208" hits="0"/><line number="209" hits="0"/><line number="210" hits="0"/><line number="211" hits="0"/><line number="219" hits="0"/><line number="236" hits="0"/><line number="237" hits="0"/><line number="238" hits="0"/><line number="239" hits="0"/><line number="240" hits="0"/><line number="241" hits="0"/><line number="242" hits="0"/><line number="243" hits="0"/><line number="244" hits="0"/><line number="245" hits="0"/><line number="246" hits="0"/><line number="247" hits="0"/><line number="248" hits="0"/><line number="249" hits="0"/><line number="250" hits="0"/><line number="255" hits="0"/></lines></class><class name="storage_access_types" filename="code/crates/nestgate-core/src/unified_enums/storage_access_types.rs" line-rate="0" branch-rate="0" complexity="0"><methods/><lines><line number="38" hits="0"/><line number="39" hits="0"/><line number="44" hits="0"/><line number="45" hits="0"/><line number="46" hits="0"/><line number="47" hits="0"/><line number="48" hits="0"/><line number="49" hits="0"/><line number="50" hits="0"/><line number="51" hits="0"/><line number="52" hits="0"/><line number="53" hits="0"/><line number="54" hits="0"/><line number="55" hits="0"/><line number="56" hits="0"/><line number="57" hits="0"/><line number="84" hits="0"/><line number="85" hits="0"/><line number="90" hits="0"/><line number="91" hits="0"/><line number="92" hits="0"/><line number="93" hits="0"/><line number="94" hits="0"/><line number="95" hits="0"/><line number="96" hits="0"/><line number="97" hits="0"/><line number="98" hits="0"/><line number="123" hits="0"/><line number="124" hits="0"/><line number="129" hits="0"/><line number="130" hits="0"/><line number="131" hits="0"/><line number="132" hits="0"/><line number="133" hits="0"/><line number="134" hits="0"/><line number="135" hits="0"/><line number="136" hits="0"/></lines></class><class name="storage_types" filename="code/crates/nestgate-core/src/unified_enums/storage_types.rs" line-rate="0" branch-rate="0" complexity="0"><methods/><lines><line number="24" hits="0"/><line number="25" hits="0"/><line number="77" hits="0"/><line number="89" hits="0"/><line number="114" hits="0"/><line number="116" hits="0"/><line number="133" hits="0"/><line number="139" hits="0"/><line number="144" hits="0"/></lines></class><class name="system_health_types" filename="code/crates/nestgate-core/src/unified_enums/system_health_types.rs" line-rate="0" branch-rate="0" complexity="0"><methods/><lines><line number="30" hits="0"/><line number="31" hits="0"/><line number="36" hits="0"/><line number="37" hits="0"/><line number="38" hits="0"/><line number="39" hits="0"/><line number="40" hits="0"/><line number="41" hits="0"/><line number="42" hits="0"/><line number="43" hits="0"/><line number="44" hits="0"/><line number="45" hits="0"/><line number="82" hits="0"/><line number="83" hits="0"/><line number="88" hits="0"/><line number="89" hits="0"/><line number="90" hits="0"/><line number="91" hits="0"/><line number="92" hits="0"/><line number="93" hits="0"/><line number="94" hits="0"/><line number="95" hits="0"/><line number="96" hits="0"/><line number="97" hits="0"/><line number="98" hits="0"/><line number="99" hits="0"/><line number="100" hits="0"/><line number="101" hits="0"/><line number="126" hits="0"/><line number="127" hits="0"/><line number="132" hits="0"/><line number="133" hits="0"/><line number="134" hits="0"/><line number="135" hits="0"/><line number="136" hits="0"/><line number="137" hits="0"/><line number="138" hits="0"/><line number="139" hits="0"/></lines></class></classes></package><package name="code/crates/nestgate-installer/src/config" line-rate="0.8571428571428571" branch-rate="0" complexity="0"><classes><class name="mod" filename="code/crates/nestgate-installer/src/config/mod.rs" line-rate="0.8571428571428571" branch-rate="0" complexity="0"><methods/><lines><line number="36" hits="1"/><line number="38" hits="1"/><line number="39" hits="1"/><line number="40" hits="1"/><line number="49" hits="1"/><line number="50" hits="1"/><line number="51" hits="1"/><line number="52" hits="1"/><line number="54" hits="1"/><line number="55" hits="1"/><line number="60" hits="1"/><line number="62" hits="1"/><line number="63" hits="1"/><line number="134" hits="1"/><line number="137" hits="1"/><line number="138" hits="0"/><line number="140" hits="0"/><line number="144" hits="1"/><line number="145" hits="0"/><line number="148" hits="1"/><line number="152" hits="1"/><line number="154" hits="2"/><line number="155" hits="1"/><line number="156" hits="1"/><line number="157" hits="1"/><line number="158" hits="1"/><line number="169" hits="0"/><line number="170" hits="1"/></lines></class></classes></package><package name="tests/integration" line-rate="0" branch-rate="0" complexity="0"><classes></classes></package><package name="code/crates/nestgate-middleware/src/config" line-rate="0" branch-rate="0" complexity="0"><classes></classes></package><package name="code/crates/nestgate-core/src/canonical/dynamic_config" line-rate="0" branch-rate="0" complexity="0"><classes></classes></package><package name="code/crates/nestgate-core/src/services" line-rate="0.16452991452991453" branch-rate="0" complexity="0"><classes><class name="sync" filename="code/crates/nestgate-core/src/services/sync.rs" line-rate="0" branch-rate="0" complexity="0"><methods/><lines><line number="27" hits="0"/><line number="28" hits="0"/><line number="32" hits="0"/><line number="33" hits="0"/><line number="37" hits="0"/><line number="38" hits="0"/><line number="44" hits="0"/><line number="50" hits="0"/><line number="54" hits="0"/><line number="55" hits="0"/><line number="56" hits="0"/><line number="62" hits="0"/><line number="156" hits="0"/></lines></class></classes></package><package name="code/crates/nestgate-core/src/traits/migration" line-rate="0" branch-rate="0" complexity="0"><classes><class name="storage_adapters" filename="code/crates/nestgate-core/src/traits/migration/storage_adapters.rs" line-rate="0" branch-rate="0" complexity="0"><methods/><lines><line number="38" hits="0"/><line number="41" hits="0"/><line number="42" hits="0"/><line number="47" hits="0"/><line number="66" hits="0"/><line number="67" hits="0"/><line number="70" hits="0"/><line number="71" hits="0"/><line number="74" hits="0"/><line number="75" hits="0"/><line number="76" hits="0"/><line number="77" hits="0"/><line number="78" hits="0"/><line number="83" hits="0"/><line number="84" hits="0"/><line number="87" hits="0"/><line number="88" hits="0"/><line number="89" hits="0"/><line number="90" hits="0"/><line number="95" hits="0"/><line number="96" hits="0"/><line number="99" hits="0"/><line number="100" hits="0"/><line number="123" hits="0"/><line number="124" hits="0"/><line number="125" hits="0"/><line number="126" hits="0"/><line number="127" hits="0"/><line number="128" hits="0"/><line number="137" hits="0"/><line number="141" hits="0"/><line number="142" hits="0"/><line number="143" hits="0"/><line number="144" hits="0"/><line number="145" hits="0"/><line number="149" hits="0"/><line number="150" hits="0"/><line number="151" hits="0"/><line number="152" hits="0"/><line number="153" hits="0"/><line number="154" hits="0"/><line number="158" hits="0"/><line number="159" hits="0"/><line number="161" hits="0"/><line number="162" hits="0"/><line number="163" hits="0"/><line number="172" hits="0"/><line number="173" hits="0"/><line number="174" hits="0"/><line number="175" hits="0"/><line number="176" hits="0"/><line number="177" hits="0"/><line number="185" hits="0"/><line number="186" hits="0"/><line number="188" hits="0"/><line number="189" hits="0"/><line number="244" hits="0"/><line number="247" hits="0"/><line number="261" hits="0"/><line number="262" hits="0"/><line number="265" hits="0"/><line number="266" hits="0"/><line number="269" hits="0"/><line number="270" hits="0"/><line number="271" hits="0"/><line number="272" hits="0"/><line number="273" hits="0"/><line number="278" hits="0"/><line number="279" hits="0"/><line number="282" hits="0"/><line number="283" hits="0"/><line number="284" hits="0"/><line number="285" hits="0"/><line number="290" hits="0"/><line number="291" hits="0"/><line number="294" hits="0"/><line number="295" hits="0"/><line number="313" hits="0"/><line number="325" hits="0"/><line number="327" hits="0"/><line number="331" hits="0"/><line number="332" hits="0"/><line number="334" hits="0"/><line number="338" hits="0"/><line number="339" hits="0"/><line number="346" hits="0"/><line number="353" hits="0"/><line number="393" hits="0"/><line number="396" hits="0"/><line number="413" hits="0"/><line number="414" hits="0"/><line number="417" hits="0"/><line number="418" hits="0"/><line number="421" hits="0"/><line number="422" hits="0"/><line number="423" hits="0"/><line number="424" hits="0"/><line number="425" hits="0"/><line number="430" hits="0"/><line number="431" hits="0"/><line number="434" hits="0"/><line number="435" hits="0"/><line number="436" hits="0"/><line number="437" hits="0"/><line number="442" hits="0"/><line number="443" hits="0"/><line number="446" hits="0"/><line number="447" hits="0"/><line number="465" hits="0"/><line number="467" hits="0"/><line number="476" hits="0"/><line number="477" hits="0"/><line number="478" hits="0"/><line number="479" hits="0"/><line number="480" hits="0"/><line number="484" hits="0"/><line number="485" hits="0"/><line number="487" hits="0"/><line number="488" hits="0"/><line number="489" hits="0"/><line number="491" hits="0"/><line number="496" hits="0"/><line number="497" hits="0"/><line number="498" hits="0"/><line number="506" hits="0"/><line number="508" hits="0"/><line number="516" hits="0"/><line number="518" hits="0"/></lines></class></classes></package></packages></coverage>