TN:
SF:/home/eastgate/Development/ecoPrimals/nestgate/benches/core_performance_benchmark.rs
FNF:0
DA:246,0
DA:247,0
LF:2
LH:0
end_of_record
TN:
SF:/home/eastgate/Development/ecoPrimals/nestgate/benches/standalone_performance_benchmark.rs
FNF:0
DA:372,0
DA:373,0
DA:374,0
DA:375,0
DA:377,0
LF:5
LH:0
end_of_record
TN:
SF:/home/eastgate/Development/ecoPrimals/nestgate/benches/ultimate_performance_mastery.rs
FNF:0
DA:293,0
DA:294,0
LF:2
LH:0
end_of_record
TN:
SF:/home/eastgate/Development/ecoPrimals/nestgate/code/crates/nestgate-api/src/ecoprimal_sdk/traits.rs
FN:59,AdvancedEcoPrimal::advanced_operation
FNF:1
FNDA:0,AdvancedEcoPrimal::advanced_operation
DA:59,0
DA:60,0
DA:62,0
LF:3
LH:0
end_of_record
TN:
SF:/home/eastgate/Development/ecoPrimals/nestgate/code/crates/nestgate-api/src/error.rs
FN:48,<impl Display for ApiError>::fmt
FNF:1
FNDA:1,<impl Display for ApiError>::fmt
DA:48,1
DA:49,1
DA:50,0
DA:51,0
DA:52,0
DA:53,1
DA:54,1
DA:55,1
DA:56,1
DA:119,0
DA:120,1
DA:125,0
DA:126,1
LF:13
LH:8
end_of_record
TN:
SF:/home/eastgate/Development/ecoPrimals/nestgate/code/crates/nestgate-api/src/handlers/ai_first_example.rs
FNF:0
DA:96,0
DA:100,0
DA:106,0
DA:110,0
DA:532,0
DA:533,0
DA:534,0
LF:7
LH:0
end_of_record
TN:
SF:/home/eastgate/Development/ecoPrimals/nestgate/code/crates/nestgate-api/src/handlers/compliance.rs
FNF:0
DA:324,0
DA:325,0
DA:326,0
DA:327,0
DA:328,0
DA:329,0
DA:330,0
DA:331,0
DA:332,0
DA:366,1
DA:377,1
DA:378,4
DA:379,1
DA:383,1
DA:384,4
DA:385,1
DA:398,1
DA:399,4
DA:400,1
DA:401,2
DA:405,1
DA:406,4
DA:410,2
DA:415,1
DA:416,2
DA:417,1
DA:418,1
DA:421,1
DA:429,1
DA:434,3
DA:435,1
DA:436,1
DA:439,1
DA:440,1
DA:450,1
DA:451,1
DA:456,0
DA:460,1
DA:464,1
DA:471,1
DA:472,1
DA:476,1
DA:479,0
DA:482,1
DA:489,1
DA:497,1
DA:522,0
DA:525,2
DA:526,1
DA:527,10
DA:531,1
DA:532,1
DA:538,0
DA:541,2
DA:543,8
DA:547,1
DA:573,0
DA:577,2
DA:578,1
DA:580,0
DA:584,10
DA:588,1
DA:589,1
DA:595,0
DA:599,2
DA:600,1
DA:605,0
DA:606,0
DA:607,0
DA:620,8
DA:624,1
DA:639,1
DA:640,1
DA:643,1
DA:644,1
DA:646,2
DA:671,1
DA:675,1
DA:676,1
DA:682,1
DA:683,1
DA:684,1
DA:687,1
DA:689,4
DA:690,1
LF:85
LH:66
end_of_record
TN:
SF:/home/eastgate/Development/ecoPrimals/nestgate/code/crates/nestgate-api/src/handlers/hardware_tuning/types.rs
FNF:0
DA:458,0
DA:460,0
DA:461,0
DA:462,0
DA:463,0
DA:464,0
DA:465,0
DA:466,0
DA:467,0
DA:468,0
DA:470,0
DA:471,0
DA:472,0
DA:476,0
DA:479,0
DA:481,0
DA:485,0
DA:487,0
DA:488,0
DA:492,0
DA:493,0
DA:494,0
DA:495,0
DA:497,0
DA:498,0
DA:499,0
DA:504,0
DA:505,0
DA:506,0
DA:512,0
DA:516,0
DA:519,0
DA:520,0
DA:526,0
DA:527,0
DA:528,0
DA:529,0
DA:533,0
DA:536,0
DA:538,0
DA:541,0
DA:542,0
DA:543,0
DA:545,0
DA:546,0
DA:547,0
DA:548,0
DA:549,0
DA:550,0
DA:557,0
DA:560,0
LF:51
LH:0
end_of_record
TN:
SF:/home/eastgate/Development/ecoPrimals/nestgate/code/crates/nestgate-api/src/handlers/metrics_collector.rs
FNF:0
DA:299,0
DA:325,0
DA:360,0
DA:416,0
DA:471,0
DA:532,0
DA:589,0
LF:7
LH:0
end_of_record
TN:
SF:/home/eastgate/Development/ecoPrimals/nestgate/code/crates/nestgate-api/src/handlers/mod.rs
FNF:0
DA:221,0
DA:222,0
DA:223,0
DA:224,0
DA:225,0
DA:226,0
DA:227,0
DA:228,0
DA:229,0
DA:230,0
LF:10
LH:0
end_of_record
TN:
SF:/home/eastgate/Development/ecoPrimals/nestgate/code/crates/nestgate-api/src/handlers/performance_analyzer/collectors.rs
FNF:0
DA:62,0
LF:1
LH:0
end_of_record
TN:
SF:/home/eastgate/Development/ecoPrimals/nestgate/code/crates/nestgate-api/src/handlers/performance_analyzer/metrics.rs
FNF:0
DA:29,0
DA:39,0
DA:44,0
DA:49,0
DA:58,0
LF:5
LH:0
end_of_record
TN:
SF:/home/eastgate/Development/ecoPrimals/nestgate/code/crates/nestgate-api/src/handlers/performance_dashboard/handlers.rs
FNF:0
DA:67,0
LF:1
LH:0
end_of_record
TN:
SF:/home/eastgate/Development/ecoPrimals/nestgate/code/crates/nestgate-api/src/handlers/performance_dashboard/metrics.rs
FNF:0
DA:69,0
DA:93,0
DA:135,0
DA:164,0
DA:207,0
DA:282,0
DA:306,0
DA:346,0
DA:386,0
DA:429,0
DA:469,0
DA:500,0
DA:505,0
DA:506,0
DA:508,0
DA:513,0
DA:523,0
DA:549,0
DA:550,0
DA:551,0
DA:555,0
DA:557,0
DA:559,0
DA:562,0
DA:563,0
DA:564,0
DA:565,0
DA:566,0
DA:567,0
DA:568,0
DA:569,0
DA:572,0
DA:574,0
LF:33
LH:0
end_of_record
TN:
SF:/home/eastgate/Development/ecoPrimals/nestgate/code/crates/nestgate-api/src/handlers/status.rs
FN:22,initialize_uptime
FN:26,get_status
FNF:2
FNDA:0,initialize_uptime
FNDA:1,get_status
DA:22,0
DA:23,5
DA:26,1
DA:27,3
DA:28,1
DA:29,1
DA:30,1
DA:34,1
DA:35,1
DA:39,1
DA:40,1
DA:41,1
LF:12
LH:11
end_of_record
TN:
SF:/home/eastgate/Development/ecoPrimals/nestgate/code/crates/nestgate-api/src/handlers/storage.rs
FNF:0
DA:103,2
DA:104,2
DA:105,1
DA:106,1
DA:110,1
DA:112,1
DA:113,1
DA:117,1
DA:121,1
DA:128,2
DA:129,2
DA:130,1
DA:131,1
DA:132,1
DA:137,1
DA:138,1
DA:139,1
DA:146,1
DA:153,2
DA:154,2
DA:155,1
DA:156,1
DA:157,1
DA:158,1
DA:161,1
DA:162,1
DA:163,1
DA:164,1
DA:169,1
DA:176,1
DA:186,1
DA:299,0
DA:301,0
DA:303,0
DA:304,0
DA:305,0
DA:306,0
DA:307,0
DA:308,0
DA:309,0
DA:325,0
DA:326,0
DA:330,0
DA:331,0
DA:336,0
DA:338,0
DA:339,0
DA:340,0
DA:341,0
DA:342,0
DA:343,0
DA:344,0
DA:345,0
DA:346,0
DA:347,0
DA:348,0
DA:349,0
DA:350,0
DA:351,0
DA:354,0
DA:355,0
DA:358,0
DA:359,0
DA:366,0
DA:367,0
DA:368,0
DA:369,0
DA:370,0
DA:371,0
DA:372,0
DA:375,0
DA:432,0
DA:436,0
DA:438,0
DA:439,0
DA:440,0
DA:441,0
DA:442,0
DA:443,0
DA:444,0
DA:445,0
DA:449,0
LF:82
LH:31
end_of_record
TN:
SF:/home/eastgate/Development/ecoPrimals/nestgate/code/crates/nestgate-api/src/handlers/workspace_management/crud.rs
FNF:0
DA:491,0
DA:525,0
DA:565,0
DA:581,0
DA:582,0
DA:585,0
DA:586,0
DA:591,0
DA:596,0
DA:604,0
DA:605,0
DA:606,0
DA:607,0
DA:608,0
DA:609,0
DA:614,0
LF:16
LH:0
end_of_record
TN:
SF:/home/eastgate/Development/ecoPrimals/nestgate/code/crates/nestgate-api/src/handlers/workspace_management/optimization.rs
FNF:0
DA:84,0
DA:86,0
DA:90,0
DA:91,0
DA:94,0
DA:95,0
DA:96,0
DA:103,0
DA:104,0
DA:105,0
DA:106,0
DA:109,0
DA:117,0
DA:119,0
DA:121,0
DA:128,0
DA:129,0
DA:132,0
DA:133,0
DA:136,0
DA:137,0
DA:138,0
DA:140,0
DA:144,0
DA:146,0
DA:155,0
DA:156,0
DA:159,0
DA:160,0
DA:163,0
DA:164,0
DA:165,0
DA:167,0
DA:171,0
DA:173,0
DA:175,0
DA:182,0
DA:183,0
DA:186,0
DA:187,0
DA:190,0
DA:191,0
DA:192,0
DA:196,0
DA:200,0
DA:202,0
DA:203,0
DA:206,0
DA:207,0
DA:208,0
DA:210,0
DA:211,0
DA:212,0
DA:214,0
DA:218,0
DA:264,0
DA:266,0
DA:267,0
DA:277,0
DA:278,0
DA:279,0
DA:280,0
DA:282,0
DA:283,0
DA:284,0
DA:285,0
DA:286,0
DA:287,0
DA:288,0
DA:289,0
DA:296,0
LF:71
LH:0
end_of_record
TN:
SF:/home/eastgate/Development/ecoPrimals/nestgate/code/crates/nestgate-api/src/handlers/zero_cost_api_handlers.rs
FN:99,<impl Default for ZeroCostPoolHandler<MAX_REQUESTS,TIMEOUT_MS>>::default
FN:109,ZeroCostPoolHandler<MAX_REQUESTS,TIMEOUT_MS>::new
FN:118,ZeroCostPoolHandler<MAX_REQUESTS,TIMEOUT_MS>::max_requests
FN:124,ZeroCostPoolHandler<MAX_REQUESTS,TIMEOUT_MS>::timeout_ms
FN:136,ZeroCostPoolHandler<MAX_REQUESTS,TIMEOUT_MS>::handle_list_pools
FN:167,ZeroCostPoolHandler<MAX_REQUESTS,TIMEOUT_MS>::handle_get_pool
FN:210,ZeroCostPoolHandler<MAX_REQUESTS,TIMEOUT_MS>::handle_create_pool
FN:233,ZeroCostPoolHandler<MAX_REQUESTS,TIMEOUT_MS>::handle_delete_pool
FN:265,ZeroCostPoolHandler<MAX_REQUESTS,TIMEOUT_MS>::process_request
FN:466,<impl ZeroCostApiHandler for ZeroCostPoolHandler<MAX_REQUESTS,TIMEOUT_MS>>::handle_request
FN:480,<impl Default for ZeroCostRouterBuilder<MAX_ROUTES,MAX_MIDDLEWARE>>::default
FN:490,ZeroCostRouterBuilder<MAX_ROUTES,MAX_MIDDLEWARE>::new
FN:500,ZeroCostRouterBuilder<MAX_ROUTES,MAX_MIDDLEWARE>::can_add_route
FN:506,ZeroCostRouterBuilder<MAX_ROUTES,MAX_MIDDLEWARE>::can_add_middleware
FN:512,ZeroCostRouterBuilder<MAX_ROUTES,MAX_MIDDLEWARE>::max_routes
FN:518,ZeroCostRouterBuilder<MAX_ROUTES,MAX_MIDDLEWARE>::max_middleware
FN:527,ZeroCostRouterBuilder<MAX_ROUTES,MAX_MIDDLEWARE>::build_zfs_api_router
FNF:17
FNDA:0,<impl Default for ZeroCostPoolHandler<MAX_REQUESTS,TIMEOUT_MS>>::default
FNDA:0,ZeroCostPoolHandler<MAX_REQUESTS,TIMEOUT_MS>::new
FNDA:0,ZeroCostPoolHandler<MAX_REQUESTS,TIMEOUT_MS>::max_requests
FNDA:0,ZeroCostPoolHandler<MAX_REQUESTS,TIMEOUT_MS>::timeout_ms
FNDA:0,ZeroCostPoolHandler<MAX_REQUESTS,TIMEOUT_MS>::handle_list_pools
FNDA:0,ZeroCostPoolHandler<MAX_REQUESTS,TIMEOUT_MS>::handle_get_pool
FNDA:0,ZeroCostPoolHandler<MAX_REQUESTS,TIMEOUT_MS>::handle_create_pool
FNDA:0,ZeroCostPoolHandler<MAX_REQUESTS,TIMEOUT_MS>::handle_delete_pool
FNDA:0,ZeroCostPoolHandler<MAX_REQUESTS,TIMEOUT_MS>::process_request
FNDA:0,<impl ZeroCostApiHandler for ZeroCostPoolHandler<MAX_REQUESTS,TIMEOUT_MS>>::handle_request
FNDA:0,<impl Default for ZeroCostRouterBuilder<MAX_ROUTES,MAX_MIDDLEWARE>>::default
FNDA:0,ZeroCostRouterBuilder<MAX_ROUTES,MAX_MIDDLEWARE>::new
FNDA:0,ZeroCostRouterBuilder<MAX_ROUTES,MAX_MIDDLEWARE>::can_add_route
FNDA:0,ZeroCostRouterBuilder<MAX_ROUTES,MAX_MIDDLEWARE>::can_add_middleware
FNDA:0,ZeroCostRouterBuilder<MAX_ROUTES,MAX_MIDDLEWARE>::max_routes
FNDA:0,ZeroCostRouterBuilder<MAX_ROUTES,MAX_MIDDLEWARE>::max_middleware
FNDA:0,ZeroCostRouterBuilder<MAX_ROUTES,MAX_MIDDLEWARE>::build_zfs_api_router
DA:99,0
DA:100,0
DA:109,0
DA:111,0
DA:118,0
DA:119,0
DA:124,0
DA:125,0
DA:136,0
DA:138,0
DA:139,0
DA:140,0
DA:141,0
DA:142,0
DA:143,0
DA:144,0
DA:145,0
DA:147,0
DA:148,0
DA:149,0
DA:150,0
DA:151,0
DA:152,0
DA:153,0
DA:156,0
DA:167,0
DA:169,0
DA:170,0
DA:171,0
DA:172,0
DA:173,0
DA:174,0
DA:175,0
DA:176,0
DA:177,0
DA:178,0
DA:179,0
DA:181,0
DA:182,0
DA:183,0
DA:184,0
DA:185,0
DA:186,0
DA:187,0
DA:188,0
DA:189,0
DA:190,0
DA:192,0
DA:210,0
DA:213,0
DA:214,0
DA:215,0
DA:216,0
DA:217,0
DA:218,0
DA:219,0
DA:220,0
DA:233,0
DA:235,0
DA:236,0
DA:240,0
DA:241,0
DA:242,0
DA:243,0
DA:244,0
DA:246,0
DA:265,0
DA:268,0
DA:271,0
DA:274,0
DA:275,0
DA:277,0
DA:279,0
DA:283,0
DA:284,0
DA:285,0
DA:286,0
DA:287,0
DA:293,0
DA:295,0
DA:297,0
DA:299,0
DA:300,0
DA:301,0
DA:302,0
DA:303,0
DA:304,0
DA:305,0
DA:307,0
DA:308,0
DA:466,0
DA:480,0
DA:481,0
DA:490,0
DA:492,0
DA:500,0
DA:501,0
DA:506,0
DA:507,0
DA:512,0
DA:513,0
DA:518,0
DA:519,0
DA:527,0
DA:531,0
DA:532,0
DA:533,0
DA:538,0
DA:539,0
DA:540,0
DA:545,0
DA:546,0
DA:547,0
DA:548,0
DA:554,0
DA:555,0
DA:556,0
DA:560,0
DA:561,0
LF:119
LH:0
end_of_record
TN:
SF:/home/eastgate/Development/ecoPrimals/nestgate/code/crates/nestgate-api/src/handlers/zfs/production_placeholders.rs
FNF:0
DA:67,0
DA:70,0
LF:2
LH:0
end_of_record
TN:
SF:/home/eastgate/Development/ecoPrimals/nestgate/code/crates/nestgate-api/src/handlers/zfs/universal_zfs/fail_safe/retry_executor.rs
FNF:0
DA:48,0
DA:49,0
DA:51,0
DA:52,0
DA:54,0
DA:55,0
DA:56,0
DA:57,0
DA:58,0
DA:61,0
DA:62,0
DA:63,0
DA:65,0
DA:67,0
DA:68,0
DA:69,0
DA:71,0
LF:17
LH:0
end_of_record
TN:
SF:/home/eastgate/Development/ecoPrimals/nestgate/code/crates/nestgate-api/src/handlers/zfs/zero_cost_factory.rs
FN:51,<impl Default for ZeroCostNativeZfsService<MAX_POOLS>>::default
FN:60,ZeroCostNativeZfsService<MAX_POOLS>::new
FNF:2
FNDA:0,<impl Default for ZeroCostNativeZfsService<MAX_POOLS>>::default
FNDA:0,ZeroCostNativeZfsService<MAX_POOLS>::new
DA:26,0
DA:27,0
DA:35,0
DA:37,0
DA:51,0
DA:52,0
DA:60,0
DA:61,0
LF:8
LH:0
end_of_record
TN:
SF:/home/eastgate/Development/ecoPrimals/nestgate/code/crates/nestgate-api/src/rest/handlers/monitoring.rs
FNF:0
DA:421,0
LF:1
LH:0
end_of_record
TN:
SF:/home/eastgate/Development/ecoPrimals/nestgate/code/crates/nestgate-api/src/rest/handlers/system.rs
FN:97,health_check
FNF:1
FNDA:0,health_check
DA:97,0
DA:212,0
DA:215,0
DA:216,0
DA:217,0
DA:219,0
DA:221,0
DA:225,0
DA:226,0
DA:227,0
DA:231,0
DA:238,0
DA:240,0
DA:243,0
DA:246,0
DA:250,0
DA:251,0
DA:254,0
DA:256,0
DA:262,0
DA:279,0
DA:283,0
DA:284,0
LF:23
LH:0
end_of_record
TN:
SF:/home/eastgate/Development/ecoPrimals/nestgate/code/crates/nestgate-api/src/rest/handlers/websocket.rs
FNF:0
DA:70,0
DA:106,0
DA:136,0
DA:169,0
DA:254,0
DA:258,0
DA:262,0
DA:263,0
DA:264,0
DA:265,0
DA:266,0
DA:269,0
DA:271,0
DA:284,0
DA:293,0
DA:294,0
DA:295,0
DA:296,0
DA:297,0
DA:318,0
DA:394,0
DA:396,0
DA:400,0
DA:401,0
DA:404,0
DA:406,0
DA:410,0
DA:411,0
DA:414,0
DA:416,0
DA:420,0
DA:421,0
DA:424,0
DA:426,0
DA:430,0
DA:431,0
DA:434,0
DA:435,0
DA:438,0
DA:439,0
DA:442,0
DA:444,0
DA:448,0
DA:449,0
DA:452,0
DA:454,0
DA:458,0
DA:459,0
DA:462,0
DA:463,0
DA:466,0
DA:467,0
DA:470,0
DA:471,0
DA:474,0
DA:476,0
DA:480,0
DA:481,0
LF:58
LH:0
end_of_record
TN:
SF:/home/eastgate/Development/ecoPrimals/nestgate/code/crates/nestgate-api/src/rest/handlers/zfs.rs
FNF:0
DA:710,0
DA:794,0
DA:832,0
DA:838,0
DA:839,0
DA:840,0
DA:841,0
DA:842,0
DA:847,0
LF:9
LH:0
end_of_record
TN:
SF:/home/eastgate/Development/ecoPrimals/nestgate/code/crates/nestgate-api/src/rest/mod.rs
FNF:0
DA:146,0
DA:149,0
DA:155,0
DA:158,0
DA:159,0
DA:194,0
DA:198,0
LF:7
LH:0
end_of_record
TN:
SF:/home/eastgate/Development/ecoPrimals/nestgate/code/crates/nestgate-api/src/rest/models/mod.rs
FN:87,ApiResponse<T>::success
FN:98,ApiResponse<T>::error
FNF:2
FNDA:0,ApiResponse<T>::success
FNDA:0,ApiResponse<T>::error
DA:87,0
DA:90,0
DA:92,0
DA:98,0
DA:102,0
DA:103,0
LF:6
LH:0
end_of_record
TN:
SF:/home/eastgate/Development/ecoPrimals/nestgate/code/crates/nestgate-api/src/rest/models/validation.rs
FN:6,validate_dataset_name
FN:37,validate_snapshot_name
FN:71,validate_positive_f64
FN:93,validate_positive_u64
FNF:4
FNDA:1,validate_dataset_name
FNDA:1,validate_snapshot_name
FNDA:0,validate_positive_f64
FNDA:0,validate_positive_u64
DA:6,1
DA:10,2
DA:13,1
DA:14,0
DA:15,0
DA:20,1
DA:21,0
DA:22,0
DA:27,1
DA:28,0
DA:29,0
DA:33,1
DA:37,1
DA:41,2
DA:44,1
DA:45,0
DA:46,0
DA:51,2
DA:53,1
DA:55,0
DA:56,0
DA:61,1
DA:62,0
DA:63,0
DA:67,1
DA:71,0
DA:75,2
DA:77,1
DA:78,1
DA:79,0
DA:83,1
DA:84,0
DA:85,0
DA:89,0
DA:93,0
DA:97,1
DA:99,1
DA:100,1
DA:101,0
DA:105,0
LF:40
LH:20
end_of_record
TN:
SF:/home/eastgate/Development/ecoPrimals/nestgate/code/crates/nestgate-api/src/rest/rpc/bidirectional_streams.rs
FNF:0
DA:195,0
DA:238,0
DA:287,0
DA:338,0
DA:394,0
LF:5
LH:0
end_of_record
TN:
SF:/home/eastgate/Development/ecoPrimals/nestgate/code/crates/nestgate-api/src/rest/rpc/config.rs
FN:143,<impl Default for NestGateRpcConfig>::default
FNF:1
FNDA:1,<impl Default for NestGateRpcConfig>::default
DA:143,1
DA:152,1
DA:163,1
DA:179,1
LF:4
LH:4
end_of_record
TN:
SF:/home/eastgate/Development/ecoPrimals/nestgate/code/crates/nestgate-api/src/rest/rpc/manager.rs
FN:44,<impl Display for UnifiedRpcManager>::fmt
FNF:1
FNDA:0,<impl Display for UnifiedRpcManager>::fmt
DA:44,0
DA:45,1
DA:121,0
DA:122,1
DA:127,1
DA:128,1
DA:131,1
DA:132,1
DA:133,1
DA:134,1
DA:135,1
DA:136,1
DA:137,1
DA:138,1
DA:185,0
DA:279,0
DA:285,0
DA:296,0
DA:297,0
DA:300,0
DA:387,1
DA:388,1
DA:405,1
DA:406,1
LF:24
LH:16
end_of_record
TN:
SF:/home/eastgate/Development/ecoPrimals/nestgate/code/crates/nestgate-api/src/rest/rpc/rpc_router.rs
FN:21,UnifiedRpcRouter::new
FN:34,UnifiedRpcRouter::initialize_routing_rules
FN:148,UnifiedRpcRouter::route_request
FN:186,UnifiedRpcRouter::apply_heuristic_routing
FNF:4
FNDA:1,UnifiedRpcRouter::new
FNDA:1,UnifiedRpcRouter::initialize_routing_rules
FNDA:1,UnifiedRpcRouter::route_request
FNDA:1,UnifiedRpcRouter::apply_heuristic_routing
DA:21,1
DA:29,1
DA:30,1
DA:34,1
DA:37,1
DA:39,1
DA:41,1
DA:43,1
DA:45,1
DA:47,1
DA:51,1
DA:55,1
DA:59,1
DA:61,1
DA:63,1
DA:67,1
DA:69,1
DA:71,1
DA:75,1
DA:79,1
DA:85,1
DA:89,1
DA:93,1
DA:97,1
DA:101,1
DA:105,1
DA:109,1
DA:114,1
DA:115,1
DA:117,1
DA:121,1
DA:125,1
DA:127,1
DA:129,1
DA:133,0
DA:148,1
DA:152,3
DA:158,2
DA:159,3
DA:167,3
DA:168,0
DA:176,1
DA:177,3
DA:186,1
DA:190,1
DA:191,1
DA:192,1
DA:193,1
DA:194,1
DA:195,1
DA:196,1
DA:197,1
DA:203,1
DA:204,1
DA:205,1
DA:206,1
DA:207,1
DA:208,1
DA:209,1
DA:210,1
DA:216,1
DA:217,1
DA:218,1
DA:219,1
DA:220,1
DA:221,1
DA:222,1
DA:228,1
DA:233,1
LF:69
LH:67
end_of_record
TN:
SF:/home/eastgate/Development/ecoPrimals/nestgate/code/crates/nestgate-api/src/rest/rpc/types.rs
FNF:0
DA:148,0
LF:1
LH:0
end_of_record
TN:
SF:/home/eastgate/Development/ecoPrimals/nestgate/code/crates/nestgate-api/src/rest/websocket.rs
FN:65,WebSocketManager::new
FNF:1
FNDA:1,WebSocketManager::new
DA:65,1
DA:66,1
DA:96,2
DA:97,3
DA:216,0
DA:218,1
DA:219,1
DA:244,0
DA:246,1
DA:247,1
LF:10
LH:8
end_of_record
TN:
SF:/home/eastgate/Development/ecoPrimals/nestgate/code/crates/nestgate-automation/src/analysis.rs
FNF:0
DA:59,0
DA:132,0
DA:211,0
DA:230,0
DA:233,0
DA:238,0
DA:239,0
DA:240,0
DA:241,0
DA:242,0
DA:243,0
DA:249,0
DA:257,0
DA:262,0
DA:268,0
DA:279,0
DA:280,0
DA:285,0
DA:286,0
DA:288,0
DA:290,0
DA:425,0
DA:440,0
DA:452,0
DA:510,0
DA:558,0
LF:26
LH:0
end_of_record
TN:
SF:/home/eastgate/Development/ecoPrimals/nestgate/code/crates/nestgate-automation/src/error.rs
FN:20,<impl Display for AutomationError>::fmt
FN:40,<impl From for AutomationError>::from
FNF:2
FNDA:1,<impl Display for AutomationError>::fmt
FNDA:0,<impl From for AutomationError>::from
DA:20,1
DA:21,1
DA:22,1
DA:23,1
DA:24,1
DA:25,1
DA:26,1
DA:34,0
DA:35,1
DA:40,0
DA:41,1
LF:11
LH:9
end_of_record
TN:
SF:/home/eastgate/Development/ecoPrimals/nestgate/code/crates/nestgate-automation/src/lifecycle.rs
FNF:0
DA:310,0
DA:433,0
DA:440,0
DA:490,0
DA:599,0
DA:609,0
DA:650,0
DA:664,0
DA:669,0
DA:670,0
DA:671,0
DA:672,0
DA:674,0
DA:678,0
DA:679,0
DA:682,0
DA:683,0
DA:690,0
DA:691,0
DA:692,0
DA:693,0
DA:694,0
DA:695,0
DA:696,0
DA:706,0
DA:728,0
LF:26
LH:0
end_of_record
TN:
SF:/home/eastgate/Development/ecoPrimals/nestgate/code/crates/nestgate-bin/src/cli.rs
FNF:0
DA:273,0
DA:274,0
DA:275,0
DA:276,0
DA:285,0
DA:286,0
DA:290,0
DA:291,0
DA:292,0
DA:293,0
DA:294,0
DA:295,0
LF:12
LH:0
end_of_record
TN:
SF:/home/eastgate/Development/ecoPrimals/nestgate/code/crates/nestgate-bin/src/commands/zfs.rs
FNF:0
DA:80,0
DA:81,0
DA:82,0
DA:90,0
DA:198,0
DA:199,0
DA:200,0
DA:202,0
DA:203,0
DA:205,0
DA:206,0
DA:207,0
DA:210,0
DA:211,0
DA:212,0
LF:15
LH:0
end_of_record
TN:
SF:/home/eastgate/Development/ecoPrimals/nestgate/code/crates/nestgate-bin/src/error.rs
FN:88,BinErrorHelper::command_execution_error
FN:104,BinErrorHelper::configuration_error
FN:114,BinErrorHelper::argument_parsing_error
FN:127,BinErrorHelper::service_initialization_error
FN:137,BinErrorHelper::runtime_error
FNF:5
FNDA:0,BinErrorHelper::command_execution_error
FNDA:0,BinErrorHelper::configuration_error
FNDA:0,BinErrorHelper::argument_parsing_error
FNDA:0,BinErrorHelper::service_initialization_error
FNDA:0,BinErrorHelper::runtime_error
DA:88,0
DA:89,0
DA:90,0
DA:91,0
DA:92,0
DA:104,0
DA:105,0
DA:114,0
DA:115,0
DA:116,0
DA:117,0
DA:127,0
DA:128,0
DA:129,0
DA:130,0
DA:137,0
DA:139,0
DA:140,0
DA:141,0
DA:142,0
DA:219,0
DA:226,0
DA:228,0
DA:234,0
DA:236,0
DA:242,0
DA:244,0
DA:250,0
DA:252,0
DA:272,0
DA:273,0
DA:274,0
DA:278,0
DA:279,0
LF:34
LH:0
end_of_record
TN:
SF:/home/eastgate/Development/ecoPrimals/nestgate/code/crates/nestgate-canonical/src/config.rs
FN:22,NestGateConfig::from_env
FN:34,NestGateConfig::from_file
FN:54,NestGateConfig::validate
FNF:3
FNDA:0,NestGateConfig::from_env
FNDA:1,NestGateConfig::from_file
FNDA:1,NestGateConfig::validate
DA:22,0
DA:23,1
DA:34,1
DA:35,2
DA:36,5
DA:38,0
DA:39,0
DA:41,0
DA:42,0
DA:54,1
DA:55,1
DA:59,1
DA:63,1
DA:67,1
LF:14
LH:9
end_of_record
TN:
SF:/home/eastgate/Development/ecoPrimals/nestgate/code/crates/nestgate-canonical/src/error.rs
FN:45,<impl Display for NestGateError>::fmt
FN:108,NestGateError::configuration
FN:116,NestGateError::configuration_field
FN:124,NestGateError::network
FN:132,NestGateError::network_endpoint
FN:140,NestGateError::storage
FN:148,NestGateError::storage_path
FN:156,NestGateError::security
FN:164,NestGateError::internal
FN:172,NestGateError::validation
FN:180,NestGateError::file_system
FNF:11
FNDA:1,<impl Display for NestGateError>::fmt
FNDA:0,NestGateError::configuration
FNDA:0,NestGateError::configuration_field
FNDA:0,NestGateError::network
FNDA:0,NestGateError::network_endpoint
FNDA:0,NestGateError::storage
FNDA:0,NestGateError::storage_path
FNDA:0,NestGateError::security
FNDA:0,NestGateError::internal
FNDA:0,NestGateError::validation
FNDA:0,NestGateError::file_system
DA:45,1
DA:46,1
DA:47,1
DA:48,2
DA:49,1
DA:50,2
DA:54,1
DA:57,2
DA:58,1
DA:59,2
DA:63,1
DA:64,2
DA:65,1
DA:66,2
DA:70,1
DA:73,2
DA:74,1
DA:75,2
DA:79,1
DA:80,2
DA:83,1
DA:84,2
DA:108,0
DA:110,9
DA:116,0
DA:118,1
DA:119,1
DA:124,0
DA:126,4
DA:132,0
DA:134,3
DA:135,3
DA:140,0
DA:142,3
DA:148,0
DA:150,2
DA:151,2
DA:156,0
DA:158,4
DA:164,0
DA:166,4
DA:167,4
DA:172,0
DA:174,13
DA:175,13
DA:180,0
DA:182,3
DA:183,3
LF:48
LH:38
end_of_record
TN:
SF:/home/eastgate/Development/ecoPrimals/nestgate/code/crates/nestgate-canonical/src/types.rs
FN:21,<impl Display for UnifiedServiceType>::fmt
FN:43,CapabilityId::new
FNF:2
FNDA:1,<impl Display for UnifiedServiceType>::fmt
FNDA:0,CapabilityId::new
DA:21,1
DA:22,1
DA:23,1
DA:24,1
DA:25,1
DA:26,1
DA:27,1
DA:28,1
DA:43,0
DA:108,0
DA:111,1
DA:112,1
DA:120,0
DA:123,3
DA:124,3
DA:130,0
DA:133,1
DA:134,1
DA:152,0
DA:250,0
DA:252,1
DA:263,1
DA:265,1
DA:266,1
DA:267,1
DA:269,1
DA:270,1
DA:280,1
DA:297,1
DA:299,2
DA:311,0
DA:323,0
DA:351,0
DA:363,0
DA:365,2
LF:35
LH:25
end_of_record
TN:
SF:/home/eastgate/Development/ecoPrimals/nestgate/code/crates/nestgate-core/src/advanced_optimizations.rs
FN:19,<impl Default for UltraPerformanceBatchProcessor>::default
FN:27,UltraPerformanceBatchProcessor::new
FN:42,UltraPerformanceBatchProcessor::process_batch_optimized
FNF:3
FNDA:0,<impl Default for UltraPerformanceBatchProcessor>::default
FNDA:0,UltraPerformanceBatchProcessor::new
FNDA:0,UltraPerformanceBatchProcessor::process_batch_optimized
DA:19,0
DA:27,0
DA:42,0
DA:43,0
DA:46,1
DA:49,3
DA:50,1
DA:51,1
DA:52,1
DA:53,1
DA:57,1
DA:58,0
DA:61,0
DA:62,0
DA:63,0
DA:83,0
DA:84,0
DA:91,0
DA:93,0
DA:107,0
DA:108,0
DA:109,1
DA:114,0
DA:115,2
DA:117,1
DA:120,1
DA:130,0
DA:131,0
DA:138,0
DA:139,0
DA:145,0
DA:146,2
DA:161,0
DA:169,0
DA:178,0
DA:179,0
DA:184,0
DA:185,0
DA:191,0
DA:192,0
DA:197,0
DA:198,0
DA:216,0
DA:226,1
DA:229,1
DA:230,0
DA:233,1
DA:238,1
DA:239,2
DA:242,1
DA:244,1
DA:246,1
DA:255,0
DA:256,1
DA:261,1
DA:262,1
DA:269,1
LF:57
LH:24
end_of_record
TN:
SF:/home/eastgate/Development/ecoPrimals/nestgate/code/crates/nestgate-core/src/ai_first_refactored.rs
FN:271,AIFirstResponseBuilder<T>::new
FN:283,AIFirstResponseBuilder<T>::with_error
FN:290,AIFirstResponseBuilder<T>::with_confidence
FN:296,AIFirstResponseBuilder<T>::add_suggestion
FN:302,AIFirstResponseBuilder<T>::with_metadata
FN:307,AIFirstResponseBuilder<T>::build
FN:336,<impl Default for AIResponseMetadata>::default
FN:348,<impl Default for ResourceUsage>::default
FN:359,<impl Default for QualityIndicators>::default
FN:370,<impl Default for EcosystemCompatibility>::default
FN:384,<impl Default for EcosystemMetadata>::default
FN:403,<impl IntoAIFirstError for NestGateError>::into_ai_first_error
FN:420,<impl IntoAIFirstError for NestGateError>::into_ai_first_error_with_hints
FN:440,<impl NestGateErrorExt for NestGateError>::error_code
FN:453,<impl NestGateErrorExt for NestGateError>::ai_error_category
FN:463,<impl NestGateErrorExt for NestGateError>::retry_strategy
FN:478,<impl NestGateErrorExt for NestGateError>::automation_hints
FN:495,<impl NestGateErrorExt for NestGateError>::severity
FN:504,<impl NestGateErrorExt for NestGateError>::requires_human_intervention
FN:510,<impl NestGateErrorExt for NestGateError>::recovery_suggestions
FN:536,ai_success
FN:542,ai_success_with_confidence
FN:549,ai_error
FN:556,ai_response_with_actions
FNF:24
FNDA:0,AIFirstResponseBuilder<T>::new
FNDA:0,AIFirstResponseBuilder<T>::with_error
FNDA:0,AIFirstResponseBuilder<T>::with_confidence
FNDA:0,AIFirstResponseBuilder<T>::add_suggestion
FNDA:0,AIFirstResponseBuilder<T>::with_metadata
FNDA:0,AIFirstResponseBuilder<T>::build
FNDA:0,<impl Default for AIResponseMetadata>::default
FNDA:0,<impl Default for ResourceUsage>::default
FNDA:0,<impl Default for QualityIndicators>::default
FNDA:0,<impl Default for EcosystemCompatibility>::default
FNDA:0,<impl Default for EcosystemMetadata>::default
FNDA:0,<impl IntoAIFirstError for NestGateError>::into_ai_first_error
FNDA:0,<impl IntoAIFirstError for NestGateError>::into_ai_first_error_with_hints
FNDA:0,<impl NestGateErrorExt for NestGateError>::error_code
FNDA:0,<impl NestGateErrorExt for NestGateError>::ai_error_category
FNDA:0,<impl NestGateErrorExt for NestGateError>::retry_strategy
FNDA:0,<impl NestGateErrorExt for NestGateError>::automation_hints
FNDA:0,<impl NestGateErrorExt for NestGateError>::severity
FNDA:0,<impl NestGateErrorExt for NestGateError>::requires_human_intervention
FNDA:0,<impl NestGateErrorExt for NestGateError>::recovery_suggestions
FNDA:0,ai_success
FNDA:0,ai_success_with_confidence
FNDA:0,ai_error
FNDA:0,ai_response_with_actions
DA:271,0
DA:277,0
DA:283,0
DA:284,0
DA:285,0
DA:286,0
DA:290,0
DA:291,0
DA:292,0
DA:296,0
DA:297,0
DA:298,0
DA:302,0
DA:303,0
DA:304,0
DA:307,0
DA:309,0
DA:310,0
DA:311,0
DA:312,0
DA:314,0
DA:316,0
DA:317,0
DA:318,0
DA:336,0
DA:338,0
DA:342,0
DA:348,0
DA:359,0
DA:370,0
DA:374,0
DA:384,0
DA:386,0
DA:387,0
DA:388,0
DA:390,0
DA:403,0
DA:405,0
DA:409,0
DA:413,0
DA:420,0
DA:421,0
DA:422,0
DA:423,0
DA:440,0
DA:441,0
DA:442,0
DA:443,0
DA:444,0
DA:445,0
DA:446,0
DA:447,0
DA:448,0
DA:453,0
DA:463,0
DA:464,0
DA:478,0
DA:479,0
DA:480,0
DA:481,0
DA:482,0
DA:483,0
DA:485,0
DA:486,0
DA:487,0
DA:488,0
DA:490,0
DA:495,0
DA:504,0
DA:510,0
DA:511,0
DA:512,0
DA:513,0
DA:514,0
DA:517,0
DA:536,0
DA:537,0
DA:542,0
DA:543,0
DA:544,0
DA:549,0
DA:550,0
DA:551,0
DA:556,0
DA:557,0
DA:558,0
DA:559,0
DA:561,0
LF:88
LH:0
end_of_record
TN:
SF:/home/eastgate/Development/ecoPrimals/nestgate/code/crates/nestgate-core/src/cache/manager.rs
FN:22,<impl Default for UnifiedCacheConfig>::default
FN:42,CacheEntry::new
FN:53,CacheEntry::is_expired
FN:57,CacheEntry::access
FN:74,CacheStats::hit_rate
FN:93,CacheManager::new
FN:105,CacheManager::get
FN:150,CacheManager::put
FN:165,CacheManager::remove
FN:179,CacheManager::clear
FN:190,CacheManager::stats
FN:201,CacheManager::maintenance
FN:210,CacheManager::expire_entries
FN:222,CacheManager::expire_hot_tier
FN:239,CacheManager::expire_warm_tier
FN:256,CacheManager::expire_cold_tier
FN:273,CacheManager::evict_if_needed
FN:281,CacheManager::total_size
FN:286,CacheManager::evict_one_entry
FN:326,CacheManager::find_lru_key
FN:332,CacheManager::get_cache_path
FN:343,CacheManager::load_from_disk
FN:351,CacheManager::save_to_disk
FN:364,CacheManager::reset_stats
FN:370,CacheManager::flush
FN:381,<impl Default for CacheManager>::default
FNF:26
FNDA:0,<impl Default for UnifiedCacheConfig>::default
FNDA:0,CacheEntry::new
FNDA:1,CacheEntry::is_expired
FNDA:0,CacheEntry::access
FNDA:0,CacheStats::hit_rate
FNDA:1,CacheManager::new
FNDA:1,CacheManager::get
FNDA:8,CacheManager::put
FNDA:1,CacheManager::remove
FNDA:0,CacheManager::clear
FNDA:0,CacheManager::stats
FNDA:2,CacheManager::maintenance
FNDA:1,CacheManager::expire_entries
FNDA:1,CacheManager::expire_hot_tier
FNDA:1,CacheManager::expire_warm_tier
FNDA:1,CacheManager::expire_cold_tier
FNDA:2,CacheManager::evict_if_needed
FNDA:0,CacheManager::total_size
FNDA:1,CacheManager::evict_one_entry
FNDA:2,CacheManager::find_lru_key
FNDA:0,CacheManager::get_cache_path
FNDA:0,CacheManager::load_from_disk
FNDA:0,CacheManager::save_to_disk
FNDA:0,CacheManager::reset_stats
FNDA:0,CacheManager::flush
FNDA:1,<impl Default for CacheManager>::default
DA:22,0
DA:27,1
DA:42,0
DA:43,1
DA:53,1
DA:54,2
DA:57,0
DA:58,1
DA:59,1
DA:74,0
DA:93,1
DA:105,1
DA:107,2
DA:109,1
DA:110,3
DA:111,1
DA:115,2
DA:117,0
DA:119,0
DA:120,0
DA:121,0
DA:126,2
DA:128,0
DA:130,0
DA:131,0
DA:132,0
DA:137,1
DA:138,3
DA:139,1
DA:150,8
DA:151,1
DA:154,1
DA:155,1
DA:158,2
DA:160,4
DA:165,1
DA:166,2
DA:167,0
DA:168,0
DA:170,0
DA:171,2
DA:172,3
DA:179,0
DA:180,0
DA:181,0
DA:182,0
DA:183,0
DA:184,0
DA:190,0
DA:201,2
DA:203,2
DA:204,4
DA:210,1
DA:214,1
DA:215,1
DA:216,1
DA:222,1
DA:223,1
DA:226,1
DA:227,1
DA:230,2
DA:232,1
DA:233,2
DA:234,4
DA:239,1
DA:240,1
DA:243,0
DA:244,0
DA:247,2
DA:249,0
DA:250,0
DA:251,0
DA:256,1
DA:257,1
DA:260,0
DA:261,0
DA:264,2
DA:266,0
DA:267,0
DA:268,0
DA:273,2
DA:274,2
DA:275,1
DA:281,0
DA:282,3
DA:286,1
DA:288,1
DA:289,0
DA:291,0
DA:292,0
DA:293,0
DA:299,1
DA:300,0
DA:302,0
DA:303,0
DA:304,0
DA:310,1
DA:311,1
DA:313,1
DA:314,2
DA:315,3
DA:326,2
DA:327,1
DA:332,0
DA:333,0
DA:334,0
DA:335,0
DA:337,0
DA:343,0
DA:344,0
DA:345,0
DA:346,0
DA:351,0
DA:352,0
DA:354,0
DA:355,0
DA:358,0
DA:359,0
DA:360,0
DA:364,0
DA:365,0
DA:366,0
DA:370,0
DA:371,0
DA:372,0
DA:373,0
DA:374,0
DA:375,0
DA:381,1
LF:129
LH:63
end_of_record
TN:
SF:/home/eastgate/Development/ecoPrimals/nestgate/code/crates/nestgate-core/src/cache/mod.rs
FN:58,CacheSystem::single_tier
FN:74,CacheSystem::multi_tier
FN:80,CacheSystem::get
FN:88,CacheSystem::put
FN:96,CacheSystem::remove
FN:104,CacheSystem::clear
FN:115,CacheSystem::contains_key
FN:127,CacheSystem::stats
FN:142,CacheSystem::maintenance
FN:151,CacheSystem::flush
FN:171,CacheSystemStats::total_hits
FN:180,CacheSystemStats::total_misses
FN:188,CacheSystemStats::total_items
FN:197,CacheSystemStats::total_size_bytes
FN:206,CacheSystemStats::hit_ratio
FN:223,CacheBuilder::new
FN:233,CacheBuilder::with_policy
FN:239,CacheBuilder::with_cache_dir
FN:246,CacheBuilder::with_ttl
FN:253,CacheBuilder::with_hot_tier_size
FN:261,CacheBuilder::with_multi_tier
FN:289,CacheBuilder::enable_multi_tier
FN:296,CacheBuilder::build
FN:307,<impl Default for CacheBuilder>::default
FNF:24
FNDA:1,CacheSystem::single_tier
FNDA:0,CacheSystem::multi_tier
FNDA:2,CacheSystem::get
FNDA:5,CacheSystem::put
FNDA:2,CacheSystem::remove
FNDA:0,CacheSystem::clear
FNDA:2,CacheSystem::contains_key
FNDA:1,CacheSystem::stats
FNDA:1,CacheSystem::maintenance
FNDA:1,CacheSystem::flush
FNDA:0,CacheSystemStats::total_hits
FNDA:0,CacheSystemStats::total_misses
FNDA:0,CacheSystemStats::total_items
FNDA:0,CacheSystemStats::total_size_bytes
FNDA:0,CacheSystemStats::hit_ratio
FNDA:0,CacheBuilder::new
FNDA:1,CacheBuilder::with_policy
FNDA:1,CacheBuilder::with_cache_dir
FNDA:0,CacheBuilder::with_ttl
FNDA:0,CacheBuilder::with_hot_tier_size
FNDA:1,CacheBuilder::with_multi_tier
FNDA:0,CacheBuilder::enable_multi_tier
FNDA:2,CacheBuilder::build
FNDA:0,<impl Default for CacheBuilder>::default
DA:58,1
DA:63,1
DA:64,1
DA:65,1
DA:66,2
DA:69,1
DA:70,1
DA:74,0
DA:75,2
DA:76,1
DA:80,2
DA:81,1
DA:82,1
DA:83,2
DA:88,5
DA:89,1
DA:90,3
DA:91,2
DA:96,2
DA:97,1
DA:98,1
DA:99,0
DA:104,0
DA:105,0
DA:107,0
DA:110,0
DA:115,2
DA:116,1
DA:119,1
DA:121,0
DA:127,1
DA:131,1
DA:135,0
DA:136,0
DA:142,1
DA:143,1
DA:144,0
DA:151,1
DA:152,0
DA:171,0
DA:180,0
DA:188,0
DA:189,0
DA:191,0
DA:197,0
DA:198,0
DA:200,0
DA:206,0
DA:207,0
DA:223,0
DA:225,2
DA:233,1
DA:234,2
DA:235,1
DA:239,1
DA:240,4
DA:241,3
DA:246,0
DA:247,1
DA:248,3
DA:253,0
DA:254,0
DA:255,0
DA:261,1
DA:262,1
DA:265,1
DA:270,1
DA:275,1
DA:283,2
DA:284,1
DA:289,0
DA:290,0
DA:291,0
DA:292,0
DA:296,2
DA:297,1
DA:298,2
DA:301,1
DA:307,0
LF:79
LH:48
end_of_record
TN:
SF:/home/eastgate/Development/ecoPrimals/nestgate/code/crates/nestgate-core/src/cache/multi_tier.rs
FN:81,MultiTierCache::new
FN:108,MultiTierCache::set
FN:120,MultiTierCache::put
FN:132,MultiTierCache::get
FN:165,MultiTierCache::remove
FN:190,MultiTierCache::clear
FNF:6
FNDA:1,MultiTierCache::new
FNDA:10,MultiTierCache::set
FNDA:2,MultiTierCache::put
FNDA:2,MultiTierCache::get
FNDA:2,MultiTierCache::remove
FNDA:2,MultiTierCache::clear
DA:81,1
DA:88,1
DA:89,1
DA:92,1
DA:93,1
DA:94,1
DA:95,1
DA:96,1
DA:108,10
DA:109,15
DA:120,2
DA:121,3
DA:132,2
DA:136,4
DA:141,3
DA:143,0
DA:144,0
DA:148,3
DA:150,0
DA:151,0
DA:165,2
DA:166,1
DA:169,4
DA:170,1
DA:172,4
DA:173,0
DA:175,4
DA:176,0
DA:179,1
DA:190,2
DA:191,3
DA:192,3
DA:193,4
DA:226,0
DA:228,0
DA:231,0
DA:234,0
DA:248,0
DA:250,0
DA:290,0
DA:291,0
DA:306,3
DA:313,5
DA:314,3
DA:318,3
DA:319,4
DA:322,3
DA:323,4
DA:326,3
DA:327,2
DA:331,0
DA:332,0
DA:337,1
DA:339,1
DA:344,1
DA:349,1
LF:56
LH:40
end_of_record
TN:
SF:/home/eastgate/Development/ecoPrimals/nestgate/code/crates/nestgate-core/src/cache/types.rs
FN:17,StorageTier::priority
FN:29,StorageTier::typical_access_time
FN:53,<impl Display for CachePolicy>::fmt
FN:95,<impl Default for CacheStats>::default
FN:123,CacheStats::hit_ratio
FN:133,CacheStats::total_items
FN:139,CacheStats::total_size_bytes
FN:145,CacheStats::total_evictions
FN:150,CacheStats::record_hit
FN:156,CacheStats::record_miss
FN:162,CacheStats::record_access_time
FN:191,<impl Default for EfficiencyMetrics>::default
FN:205,EfficiencyMetrics::update_hit
FN:211,EfficiencyMetrics::update_miss
FN:217,EfficiencyMetrics::add_operation
FN:223,EfficiencyMetrics::recalculate_metrics
FN:243,EfficiencyMetrics::calculate_effectiveness_score
FN:260,EfficiencyMetrics::calculate_variance
FN:315,CacheEntry::new
FN:332,CacheEntry::is_expired
FN:342,CacheEntry::touch
FN:349,CacheEntry::age
FNF:22
FNDA:0,StorageTier::priority
FNDA:0,StorageTier::typical_access_time
FNDA:1,<impl Display for CachePolicy>::fmt
FNDA:1,<impl Default for CacheStats>::default
FNDA:0,CacheStats::hit_ratio
FNDA:0,CacheStats::total_items
FNDA:0,CacheStats::total_size_bytes
FNDA:0,CacheStats::total_evictions
FNDA:0,CacheStats::record_hit
FNDA:0,CacheStats::record_miss
FNDA:0,CacheStats::record_access_time
FNDA:0,<impl Default for EfficiencyMetrics>::default
FNDA:0,EfficiencyMetrics::update_hit
FNDA:0,EfficiencyMetrics::update_miss
FNDA:0,EfficiencyMetrics::add_operation
FNDA:0,EfficiencyMetrics::recalculate_metrics
FNDA:0,EfficiencyMetrics::calculate_effectiveness_score
FNDA:0,EfficiencyMetrics::calculate_variance
FNDA:0,CacheEntry::new
FNDA:0,CacheEntry::is_expired
FNDA:0,CacheEntry::touch
FNDA:0,CacheEntry::age
DA:17,0
DA:29,0
DA:53,1
DA:54,1
DA:55,0
DA:56,0
DA:57,1
DA:58,0
DA:95,1
DA:123,0
DA:124,0
DA:133,0
DA:134,0
DA:139,0
DA:140,0
DA:145,0
DA:146,0
DA:150,0
DA:151,0
DA:156,0
DA:157,0
DA:162,0
DA:164,0
DA:166,0
DA:191,0
DA:205,0
DA:207,0
DA:211,0
DA:213,0
DA:217,0
DA:223,0
DA:224,0
DA:229,0
DA:230,0
DA:233,0
DA:234,0
DA:238,0
DA:243,0
DA:246,0
DA:247,0
DA:248,0
DA:257,0
DA:260,0
DA:261,0
DA:269,0
DA:270,0
DA:272,0
DA:273,0
DA:277,0
DA:281,0
DA:282,0
DA:284,0
DA:315,0
DA:316,0
DA:317,0
DA:332,0
DA:333,0
DA:334,0
DA:335,0
DA:342,0
DA:343,0
DA:344,0
DA:349,0
DA:350,0
LF:64
LH:4
end_of_record
TN:
SF:/home/eastgate/Development/ecoPrimals/nestgate/code/crates/nestgate-core/src/cache_math.rs
FN:18,needs_eviction
FN:33,calculate_total_cache_size
FN:44,calculate_eviction_size
FN:56,calculate_hit_ratio
FNF:4
FNDA:0,needs_eviction
FNDA:0,calculate_total_cache_size
FNDA:0,calculate_eviction_size
FNDA:0,calculate_hit_ratio
DA:18,0
DA:22,0
DA:26,0
DA:33,0
DA:37,0
DA:44,0
DA:56,0
DA:61,0
DA:64,0
DA:79,0
DA:87,0
DA:102,0
DA:105,0
DA:106,0
DA:114,0
DA:117,0
DA:118,5
LF:17
LH:1
end_of_record
TN:
SF:/home/eastgate/Development/ecoPrimals/nestgate/code/crates/nestgate-core/src/canonical/types/config_registry.rs
FNF:0
DA:670,0
DA:671,0
DA:686,0
DA:687,0
LF:4
LH:0
end_of_record
TN:
SF:/home/eastgate/Development/ecoPrimals/nestgate/code/crates/nestgate-core/src/canonical/types/core_types.rs
FN:160,<impl Default for ServiceInfo>::default
FN:174,<impl Default for EventHandler>::default
FN:184,<impl Default for AlertRule>::default
FN:196,<impl Default for Alert>::default
FN:209,<impl Default for AlertChannel>::default
FN:220,<impl Default for SuppressionRule>::default
FN:232,<impl Default for HealthCheck>::default
FNF:7
FNDA:0,<impl Default for ServiceInfo>::default
FNDA:0,<impl Default for EventHandler>::default
FNDA:0,<impl Default for AlertRule>::default
FNDA:0,<impl Default for Alert>::default
FNDA:0,<impl Default for AlertChannel>::default
FNDA:0,<impl Default for SuppressionRule>::default
FNDA:0,<impl Default for HealthCheck>::default
DA:160,0
DA:162,0
DA:163,0
DA:164,0
DA:165,0
DA:167,0
DA:168,0
DA:174,0
DA:176,0
DA:177,0
DA:178,0
DA:184,0
DA:186,0
DA:187,0
DA:188,0
DA:189,0
DA:196,0
DA:198,0
DA:199,0
DA:200,0
DA:201,0
DA:202,0
DA:209,0
DA:211,0
DA:212,0
DA:213,0
DA:220,0
DA:222,0
DA:223,0
DA:224,0
DA:232,0
DA:234,0
DA:235,0
DA:236,0
LF:34
LH:0
end_of_record
TN:
SF:/home/eastgate/Development/ecoPrimals/nestgate/code/crates/nestgate-core/src/canonical_modernization/builders.rs
FN:17,CanonicalConfigBuilder::new
FN:28,CanonicalConfigBuilder::build
FN:36,CanonicalConfigBuilder::service_name
FN:43,CanonicalConfigBuilder::environment
FN:50,CanonicalConfigBuilder::api_port
FN:59,CanonicalConfigBuilder::enable_tls
FN:68,<impl Default for CanonicalConfigBuilder>::default
FN:77,NestGateCanonicalConfig::default_config
FNF:8
FNDA:0,CanonicalConfigBuilder::new
FNDA:0,CanonicalConfigBuilder::build
FNDA:0,CanonicalConfigBuilder::service_name
FNDA:0,CanonicalConfigBuilder::environment
FNDA:0,CanonicalConfigBuilder::api_port
FNDA:0,CanonicalConfigBuilder::enable_tls
FNDA:0,<impl Default for CanonicalConfigBuilder>::default
FNDA:0,NestGateCanonicalConfig::default_config
DA:17,0
DA:19,0
DA:28,0
DA:31,0
DA:36,0
DA:37,0
DA:38,0
DA:43,0
DA:44,0
DA:45,0
DA:50,0
DA:54,0
DA:59,0
DA:63,0
DA:68,0
DA:77,0
DA:78,0
LF:17
LH:0
end_of_record
TN:
SF:/home/eastgate/Development/ecoPrimals/nestgate/code/crates/nestgate-core/src/canonical_modernization/idiomatic_evolution/builders.rs
FN:17,IdiomaticConfigBuilder<T>::new
FN:25,IdiomaticConfigBuilder<T>::with_metadata
FN:32,<impl Default for IdiomaticConfigBuilder<T>>::default
FN:47,SmartConfigBuilder<T>::new
FN:56,SmartConfigBuilder<T>::with_evolution_metadata
FN:62,SmartConfigBuilder<T>::apply_modernization
FN:69,<impl Default for SmartConfigBuilder<T>>::default
FN:84,EvolutionAwareBuilder<T>::new
FN:93,EvolutionAwareBuilder<T>::check_compatibility
FN:99,EvolutionAwareBuilder<T>::with_evolution_score
FN:106,<impl Default for EvolutionAwareBuilder<T>>::default
FN:120,CanonicalBuilder<T>::new
FN:128,CanonicalBuilder<T>::apply_canonical_patterns
FN:135,<impl Default for CanonicalBuilder<T>>::default
FN:150,ModernizationBuilder<T>::new
FN:159,ModernizationBuilder<T>::add_modernization_step
FN:165,ModernizationBuilder<T>::enable_rollback
FN:172,<impl Default for ModernizationBuilder<T>>::default
FNF:18
FNDA:0,IdiomaticConfigBuilder<T>::new
FNDA:0,IdiomaticConfigBuilder<T>::with_metadata
FNDA:0,<impl Default for IdiomaticConfigBuilder<T>>::default
FNDA:0,SmartConfigBuilder<T>::new
FNDA:0,SmartConfigBuilder<T>::with_evolution_metadata
FNDA:0,SmartConfigBuilder<T>::apply_modernization
FNDA:0,<impl Default for SmartConfigBuilder<T>>::default
FNDA:0,EvolutionAwareBuilder<T>::new
FNDA:0,EvolutionAwareBuilder<T>::check_compatibility
FNDA:0,EvolutionAwareBuilder<T>::with_evolution_score
FNDA:0,<impl Default for EvolutionAwareBuilder<T>>::default
FNDA:0,CanonicalBuilder<T>::new
FNDA:0,CanonicalBuilder<T>::apply_canonical_patterns
FNDA:0,<impl Default for CanonicalBuilder<T>>::default
FNDA:0,ModernizationBuilder<T>::new
FNDA:0,ModernizationBuilder<T>::add_modernization_step
FNDA:0,ModernizationBuilder<T>::enable_rollback
FNDA:0,<impl Default for ModernizationBuilder<T>>::default
DA:17,0
DA:20,0
DA:25,0
DA:26,0
DA:27,0
DA:32,0
DA:33,0
DA:47,0
DA:50,0
DA:56,0
DA:57,0
DA:58,0
DA:62,0
DA:63,0
DA:64,0
DA:69,0
DA:70,0
DA:84,0
DA:93,0
DA:94,0
DA:95,0
DA:99,0
DA:100,0
DA:101,0
DA:106,0
DA:107,0
DA:120,0
DA:128,0
DA:129,0
DA:130,0
DA:135,0
DA:136,0
DA:150,0
DA:153,0
DA:159,0
DA:160,0
DA:161,0
DA:165,0
DA:166,0
DA:167,0
DA:172,0
DA:173,0
LF:42
LH:0
end_of_record
TN:
SF:/home/eastgate/Development/ecoPrimals/nestgate/code/crates/nestgate-core/src/canonical_modernization/idiomatic_evolution/evolution.rs
FN:17,EvolutionTracker::new
FN:21,EvolutionTracker::track_component
FN:26,EvolutionTracker::set_evolution_score
FN:31,EvolutionTracker::get_overall_score
FN:54,MigrationManager::new
FN:59,MigrationManager::production_optimized
FN:64,MigrationManager::development_optimized
FN:68,MigrationManager::update_migration_status
FNF:8
FNDA:0,EvolutionTracker::new
FNDA:0,EvolutionTracker::track_component
FNDA:0,EvolutionTracker::set_evolution_score
FNDA:0,EvolutionTracker::get_overall_score
FNDA:0,MigrationManager::new
FNDA:0,MigrationManager::production_optimized
FNDA:0,MigrationManager::development_optimized
FNDA:0,MigrationManager::update_migration_status
DA:17,0
DA:21,0
DA:23,0
DA:26,0
DA:27,0
DA:31,0
DA:32,0
DA:37,0
DA:54,0
DA:59,0
DA:64,0
DA:68,0
DA:69,0
DA:70,0
DA:93,0
DA:95,0
DA:96,0
DA:103,0
DA:104,0
DA:108,0
DA:109,0
DA:113,0
DA:114,0
DA:117,0
DA:119,0
DA:123,0
DA:124,0
DA:142,0
DA:144,0
DA:152,0
DA:153,0
DA:157,0
DA:158,0
DA:162,0
DA:163,0
DA:166,0
DA:168,0
DA:185,0
DA:187,0
DA:195,0
DA:200,0
DA:205,0
DA:210,0
DA:211,0
LF:44
LH:0
end_of_record
TN:
SF:/home/eastgate/Development/ecoPrimals/nestgate/code/crates/nestgate-core/src/canonical_modernization/idiomatic_evolution/implementations.rs
FN:10,<impl SmartDefault for String>::smart_default
FNF:1
FNDA:0,<impl SmartDefault for String>::smart_default
DA:10,0
DA:69,0
DA:70,0
DA:79,0
DA:91,0
DA:100,0
DA:108,0
DA:116,0
DA:124,0
DA:125,0
DA:131,0
DA:137,0
LF:12
LH:0
end_of_record
TN:
SF:/home/eastgate/Development/ecoPrimals/nestgate/code/crates/nestgate-core/src/canonical_modernization/idiomatic_evolution/metadata.rs
FN:90,<impl Default for EvolutionMetadata>::default
FN:103,EvolutionMetadata::production_optimized
FN:119,EvolutionMetadata::development_optimized
FN:129,EvolutionMetadata::track_component_evolution
FNF:4
FNDA:0,<impl Default for EvolutionMetadata>::default
FNDA:0,EvolutionMetadata::production_optimized
FNDA:0,EvolutionMetadata::development_optimized
FNDA:0,EvolutionMetadata::track_component_evolution
DA:90,0
DA:92,0
DA:94,0
DA:95,0
DA:103,0
DA:105,0
DA:106,0
DA:112,0
DA:113,0
DA:119,0
DA:121,0
DA:123,0
DA:124,0
DA:129,0
DA:134,0
DA:135,0
DA:147,0
DA:148,0
LF:18
LH:0
end_of_record
TN:
SF:/home/eastgate/Development/ecoPrimals/nestgate/code/crates/nestgate-core/src/canonical_modernization/idiomatic_evolution/mod.rs
FN:75,IdiomaticEvolutionSystem::new
FN:81,IdiomaticEvolutionSystem::production_optimized
FN:93,IdiomaticEvolutionSystem::development_optimized
FN:109,IdiomaticEvolutionSystem::apply_evolution
FN:118,IdiomaticEvolutionSystem::track_evolution
FN:128,IdiomaticEvolutionSystem::get_evolution_stats
FN:142,IdiomaticEvolutionSystem::calculate_evolution_progress
FN:150,IdiomaticEvolutionSystem::validate
FNF:8
FNDA:0,IdiomaticEvolutionSystem::new
FNDA:0,IdiomaticEvolutionSystem::production_optimized
FNDA:0,IdiomaticEvolutionSystem::development_optimized
FNDA:0,IdiomaticEvolutionSystem::apply_evolution
FNDA:0,IdiomaticEvolutionSystem::track_evolution
FNDA:0,IdiomaticEvolutionSystem::get_evolution_stats
FNDA:0,IdiomaticEvolutionSystem::calculate_evolution_progress
FNDA:0,IdiomaticEvolutionSystem::validate
DA:75,0
DA:76,0
DA:81,0
DA:83,0
DA:84,0
DA:93,0
DA:95,0
DA:96,0
DA:109,0
DA:112,0
DA:114,0
DA:118,0
DA:119,0
DA:120,0
DA:121,0
DA:122,0
DA:128,0
DA:142,0
DA:150,0
DA:152,0
LF:20
LH:0
end_of_record
TN:
SF:/home/eastgate/Development/ecoPrimals/nestgate/code/crates/nestgate-core/src/canonical_modernization/idiomatic_evolution/patterns.rs
FN:11,safe_smart_default
FN:15,with_evolution_metadata
FN:23,apply_modernization_pattern
FN:31,create_idiomatic_builder
FN:40,smart_conversion_pattern
FN:50,safe_evolution_pattern
FN:65,batch_evolution_pattern
FN:79,validate_evolution
FNF:8
FNDA:0,safe_smart_default
FNDA:0,with_evolution_metadata
FNDA:0,apply_modernization_pattern
FNDA:0,create_idiomatic_builder
FNDA:0,smart_conversion_pattern
FNDA:0,safe_evolution_pattern
FNDA:0,batch_evolution_pattern
FNDA:0,validate_evolution
DA:11,0
DA:12,0
DA:15,0
DA:16,0
DA:23,0
DA:31,0
DA:40,0
DA:43,0
DA:50,0
DA:52,0
DA:53,0
DA:54,0
DA:56,0
DA:65,0
DA:67,0
DA:68,0
DA:71,0
DA:79,0
DA:82,0
DA:83,0
DA:84,0
DA:88,0
LF:22
LH:0
end_of_record
TN:
SF:/home/eastgate/Development/ecoPrimals/nestgate/code/crates/nestgate-core/src/canonical_modernization/idiomatic_evolution/traits.rs
FN:15,SmartDefault::smart_default_with_context
FN:26,SmartDefault::can_derive_default
FN:48,SmartClone::smart_clone_with_context
FN:65,EvolutionCompatible::get_evolution_version
FN:70,EvolutionCompatible::apply_compatibility_fixes
FN:84,ModernizationTrait::needs_modernization
FN:89,ModernizationTrait::get_modernization_recommendations
FN:103,CanonicalEvolution::evolve_canonically
FN:112,CanonicalEvolution::get_evolution_score
FNF:9
FNDA:0,SmartDefault::smart_default_with_context
FNDA:0,SmartDefault::can_derive_default
FNDA:0,SmartClone::smart_clone_with_context
FNDA:0,EvolutionCompatible::get_evolution_version
FNDA:0,EvolutionCompatible::apply_compatibility_fixes
FNDA:0,ModernizationTrait::needs_modernization
FNDA:0,ModernizationTrait::get_modernization_recommendations
FNDA:0,CanonicalEvolution::evolve_canonically
FNDA:0,CanonicalEvolution::get_evolution_score
DA:15,0
DA:20,0
DA:21,0
DA:26,0
DA:48,0
DA:53,0
DA:54,0
DA:65,0
DA:66,0
DA:70,0
DA:71,0
DA:84,0
DA:85,0
DA:89,0
DA:90,0
DA:103,0
DA:106,0
DA:108,0
DA:112,0
LF:19
LH:0
end_of_record
TN:
SF:/home/eastgate/Development/ecoPrimals/nestgate/code/crates/nestgate-core/src/canonical_modernization/mod.rs
FN:51,service_metadata::<impl Default for ServiceDependency>::default
FN:79,service_metadata::<impl Default for UniversalServiceMetadata>::default
FNF:2
FNDA:0,service_metadata::<impl Default for ServiceDependency>::default
FNDA:0,service_metadata::<impl Default for UniversalServiceMetadata>::default
DA:51,0
DA:53,0
DA:54,0
DA:56,0
DA:79,0
DA:80,0
DA:84,0
DA:86,0
DA:89,0
DA:92,0
DA:93,0
LF:11
LH:0
end_of_record
TN:
SF:/home/eastgate/Development/ecoPrimals/nestgate/code/crates/nestgate-core/src/canonical_modernization/unified_enums.rs
FN:32,<impl Default for UnifiedCapabilityType>::default
FN:62,<impl Default for UnifiedServiceType>::default
FN:92,<impl Default for UnifiedServiceState>::default
FN:128,<impl Default for UnifiedHealthStatus>::default
FN:150,<impl Default for UnifiedTierType>::default
FNF:5
FNDA:0,<impl Default for UnifiedCapabilityType>::default
FNDA:0,<impl Default for UnifiedServiceType>::default
FNDA:0,<impl Default for UnifiedServiceState>::default
FNDA:0,<impl Default for UnifiedHealthStatus>::default
FNDA:0,<impl Default for UnifiedTierType>::default
DA:32,0
DA:33,0
DA:62,0
DA:63,0
DA:92,0
DA:93,0
DA:128,0
DA:129,0
DA:150,0
DA:151,0
LF:10
LH:0
end_of_record
TN:
SF:/home/eastgate/Development/ecoPrimals/nestgate/code/crates/nestgate-core/src/canonical_modernization/unified_types.rs
FNF:0
DA:68,1
DA:69,1
DA:70,1
DA:71,0
DA:72,1
DA:73,0
DA:74,0
DA:75,0
DA:76,0
DA:77,0
DA:78,1
DA:79,0
DA:183,1
DA:190,1
DA:191,1
DA:192,1
DA:220,0
DA:222,0
DA:226,0
DA:242,0
DA:246,0
DA:263,0
DA:265,0
DA:271,0
DA:294,0
DA:296,0
DA:297,0
DA:299,0
DA:300,0
DA:326,0
DA:349,0
DA:373,0
DA:396,0
DA:420,0
DA:421,0
DA:423,0
DA:426,0
DA:452,0
DA:457,0
DA:460,0
DA:468,0
DA:477,0
DA:478,0
DA:479,0
DA:484,0
DA:485,0
DA:486,0
DA:487,0
DA:513,1
DA:514,1
DA:515,1
DA:516,1
DA:517,1
DA:518,1
DA:519,1
DA:520,1
DA:521,1
DA:522,1
DA:523,1
DA:531,1
DA:532,1
DA:533,1
DA:534,1
DA:535,1
DA:536,1
DA:537,2
DA:538,0
DA:539,0
DA:540,0
DA:541,0
LF:70
LH:27
end_of_record
TN:
SF:/home/eastgate/Development/ecoPrimals/nestgate/code/crates/nestgate-core/src/canonical_types.rs
FN:22,service::<impl Default for ServiceId>::default
FN:104,service::<impl Default for ServiceInfo>::default
FN:187,network::<impl Default for Endpoint>::default
FNF:3
FNDA:0,service::<impl Default for ServiceId>::default
FNDA:0,service::<impl Default for ServiceInfo>::default
FNDA:0,network::<impl Default for Endpoint>::default
DA:22,0
DA:23,0
DA:104,0
DA:107,0
DA:108,0
DA:109,0
DA:111,0
DA:118,0
DA:119,0
DA:187,0
DA:189,0
DA:348,0
DA:350,0
DA:351,0
DA:354,0
DA:355,0
DA:357,0
DA:500,0
DA:502,0
DA:504,0
DA:506,0
DA:507,0
DA:508,0
DA:509,0
DA:515,0
DA:525,0
DA:537,0
DA:573,0
DA:574,0
DA:575,0
DA:576,0
DA:577,0
DA:578,0
DA:586,0
DA:587,0
DA:588,0
DA:589,0
DA:590,0
DA:591,0
DA:592,0
LF:40
LH:0
end_of_record
TN:
SF:/home/eastgate/Development/ecoPrimals/nestgate/code/crates/nestgate-core/src/capabilities/discovery/ai.rs
FN:36,AiCapabilityDiscovery::new
FN:50,AiCapabilityDiscovery::discover_capabilities
FN:86,AiCapabilityDiscovery::get_capability
FN:95,AiCapabilityDiscovery::discover_inference_capability
FN:112,AiCapabilityDiscovery::discover_analytics_capability
FN:129,AiCapabilityDiscovery::discover_nlp_capability
FN:147,<impl Default for AiCapabilityDiscovery>::default
FN:153,get_ai_endpoint
FNF:8
FNDA:0,AiCapabilityDiscovery::new
FNDA:0,AiCapabilityDiscovery::discover_capabilities
FNDA:0,AiCapabilityDiscovery::get_capability
FNDA:0,AiCapabilityDiscovery::discover_inference_capability
FNDA:0,AiCapabilityDiscovery::discover_analytics_capability
FNDA:0,AiCapabilityDiscovery::discover_nlp_capability
FNDA:0,<impl Default for AiCapabilityDiscovery>::default
FNDA:0,get_ai_endpoint
DA:36,0
DA:50,0
DA:55,0
DA:56,0
DA:60,0
DA:61,0
DA:65,0
DA:66,0
DA:70,0
DA:71,0
DA:72,0
DA:75,0
DA:86,0
DA:90,0
DA:91,0
DA:95,0
DA:97,0
DA:99,0
DA:100,0
DA:101,0
DA:102,0
DA:103,0
DA:104,0
DA:105,0
DA:107,0
DA:112,0
DA:114,0
DA:116,0
DA:117,0
DA:118,0
DA:119,0
DA:120,0
DA:121,0
DA:122,0
DA:124,0
DA:129,0
DA:131,0
DA:133,0
DA:134,0
DA:135,0
DA:136,0
DA:137,0
DA:138,0
DA:139,0
DA:141,0
DA:147,0
DA:153,0
DA:156,0
DA:157,0
DA:159,0
DA:160,0
DA:166,0
LF:52
LH:0
end_of_record
TN:
SF:/home/eastgate/Development/ecoPrimals/nestgate/code/crates/nestgate-core/src/capabilities/discovery/config/core.rs
FN:46,UnifiedDynamicDiscoveryExtensions::new
FN:52,UnifiedDynamicDiscoveryExtensions::with_custom_settings
FN:57,UnifiedDynamicDiscoveryExtensions::validate
FN:84,UnifiedDynamicDiscoveryExtensionsBuilder::new
FN:97,UnifiedDynamicDiscoveryExtensionsBuilder::with_timeout
FN:104,UnifiedDynamicDiscoveryExtensionsBuilder::with_network
FN:111,UnifiedDynamicDiscoveryExtensionsBuilder::with_security
FN:118,UnifiedDynamicDiscoveryExtensionsBuilder::with_environment
FN:125,UnifiedDynamicDiscoveryExtensionsBuilder::with_storage
FN:132,UnifiedDynamicDiscoveryExtensionsBuilder::with_cache
FN:139,UnifiedDynamicDiscoveryExtensionsBuilder::build
FN:152,<impl Default for UnifiedDynamicDiscoveryExtensionsBuilder>::default
FNF:12
FNDA:0,UnifiedDynamicDiscoveryExtensions::new
FNDA:0,UnifiedDynamicDiscoveryExtensions::with_custom_settings
FNDA:0,UnifiedDynamicDiscoveryExtensions::validate
FNDA:0,UnifiedDynamicDiscoveryExtensionsBuilder::new
FNDA:0,UnifiedDynamicDiscoveryExtensionsBuilder::with_timeout
FNDA:0,UnifiedDynamicDiscoveryExtensionsBuilder::with_network
FNDA:0,UnifiedDynamicDiscoveryExtensionsBuilder::with_security
FNDA:0,UnifiedDynamicDiscoveryExtensionsBuilder::with_environment
FNDA:0,UnifiedDynamicDiscoveryExtensionsBuilder::with_storage
FNDA:0,UnifiedDynamicDiscoveryExtensionsBuilder::with_cache
FNDA:0,UnifiedDynamicDiscoveryExtensionsBuilder::build
FNDA:0,<impl Default for UnifiedDynamicDiscoveryExtensionsBuilder>::default
DA:46,0
DA:52,0
DA:57,0
DA:84,0
DA:97,0
DA:98,0
DA:99,0
DA:104,0
DA:105,0
DA:106,0
DA:111,0
DA:112,0
DA:113,0
DA:118,0
DA:119,0
DA:120,0
DA:125,0
DA:126,0
DA:127,0
DA:132,0
DA:133,0
DA:134,0
DA:139,0
DA:142,0
DA:143,0
DA:144,0
DA:145,0
DA:146,0
DA:152,0
LF:29
LH:0
end_of_record
TN:
SF:/home/eastgate/Development/ecoPrimals/nestgate/code/crates/nestgate-core/src/capabilities/discovery/config/network.rs
FN:25,<impl Default for NetworkDiscoverySettings>::default
FNF:1
FNDA:0,<impl Default for NetworkDiscoverySettings>::default
DA:25,0
LF:1
LH:0
end_of_record
TN:
SF:/home/eastgate/Development/ecoPrimals/nestgate/code/crates/nestgate-core/src/capabilities/discovery/config/timeout.rs
FN:35,<impl Default for TimeoutDiscoverySettings>::default
FN:50,TimeoutDiscoverySettings::new
FN:56,TimeoutDiscoverySettings::with_default_timeout
FN:63,TimeoutDiscoverySettings::with_cache_ttl
FN:69,TimeoutDiscoverySettings::validate
FN:87,TimeoutDiscoverySettings::calculate_adaptive_timeout
FNF:6
FNDA:0,<impl Default for TimeoutDiscoverySettings>::default
FNDA:0,TimeoutDiscoverySettings::new
FNDA:0,TimeoutDiscoverySettings::with_default_timeout
FNDA:0,TimeoutDiscoverySettings::with_cache_ttl
FNDA:0,TimeoutDiscoverySettings::validate
FNDA:0,TimeoutDiscoverySettings::calculate_adaptive_timeout
DA:35,0
DA:50,0
DA:56,0
DA:57,0
DA:58,0
DA:63,0
DA:64,0
DA:65,0
DA:69,0
DA:70,0
DA:76,0
DA:87,0
DA:92,0
DA:93,0
DA:96,0
DA:97,0
DA:98,0
DA:99,0
DA:104,0
DA:107,0
DA:108,0
DA:109,0
DA:110,0
DA:112,0
LF:24
LH:0
end_of_record
TN:
SF:/home/eastgate/Development/ecoPrimals/nestgate/code/crates/nestgate-core/src/capabilities/discovery/mod.rs
FN:41,discover_storage_capabilities
FN:46,discover_orchestration_capabilities
FN:52,discover_security_capabilities
FN:58,discover_ai_capabilities
FNF:4
FNDA:0,discover_storage_capabilities
FNDA:0,discover_orchestration_capabilities
FNDA:0,discover_security_capabilities
FNDA:0,discover_ai_capabilities
DA:41,0
DA:46,0
DA:52,0
DA:58,0
LF:4
LH:0
end_of_record
TN:
SF:/home/eastgate/Development/ecoPrimals/nestgate/code/crates/nestgate-core/src/capabilities/discovery/orchestration.rs
FN:39,OrchestrationCapabilityDiscovery::new
FN:53,OrchestrationCapabilityDiscovery::discover_capabilities
FN:89,OrchestrationCapabilityDiscovery::get_capability
FN:98,OrchestrationCapabilityDiscovery::discover_service_mesh_capability
FN:115,OrchestrationCapabilityDiscovery::discover_load_balancer_capability
FN:132,OrchestrationCapabilityDiscovery::discover_service_discovery_capability
FN:150,<impl Default for OrchestrationCapabilityDiscovery>::default
FN:156,get_orchestration_endpoint
FNF:8
FNDA:0,OrchestrationCapabilityDiscovery::new
FNDA:0,OrchestrationCapabilityDiscovery::discover_capabilities
FNDA:0,OrchestrationCapabilityDiscovery::get_capability
FNDA:0,OrchestrationCapabilityDiscovery::discover_service_mesh_capability
FNDA:0,OrchestrationCapabilityDiscovery::discover_load_balancer_capability
FNDA:0,OrchestrationCapabilityDiscovery::discover_service_discovery_capability
FNDA:0,<impl Default for OrchestrationCapabilityDiscovery>::default
FNDA:0,get_orchestration_endpoint
DA:39,0
DA:53,0
DA:58,0
DA:59,0
DA:63,0
DA:64,0
DA:68,0
DA:69,0
DA:73,0
DA:74,0
DA:75,0
DA:78,0
DA:89,0
DA:93,0
DA:94,0
DA:98,0
DA:100,0
DA:102,0
DA:103,0
DA:104,0
DA:105,0
DA:106,0
DA:107,0
DA:108,0
DA:110,0
DA:115,0
DA:117,0
DA:119,0
DA:120,0
DA:121,0
DA:122,0
DA:123,0
DA:124,0
DA:125,0
DA:127,0
DA:132,0
DA:134,0
DA:136,0
DA:137,0
DA:138,0
DA:139,0
DA:140,0
DA:141,0
DA:142,0
DA:144,0
DA:150,0
DA:156,0
DA:159,0
DA:160,0
DA:162,0
DA:163,0
DA:172,0
LF:52
LH:0
end_of_record
TN:
SF:/home/eastgate/Development/ecoPrimals/nestgate/code/crates/nestgate-core/src/capabilities/discovery/security.rs
FN:39,SecurityCapabilityDiscovery::new
FN:53,SecurityCapabilityDiscovery::discover_capabilities
FN:89,SecurityCapabilityDiscovery::get_capability
FN:98,SecurityCapabilityDiscovery::discover_authentication_capability
FN:115,SecurityCapabilityDiscovery::discover_authorization_capability
FN:132,SecurityCapabilityDiscovery::discover_encryption_capability
FN:150,<impl Default for SecurityCapabilityDiscovery>::default
FN:156,get_auth_endpoint
FNF:8
FNDA:0,SecurityCapabilityDiscovery::new
FNDA:0,SecurityCapabilityDiscovery::discover_capabilities
FNDA:0,SecurityCapabilityDiscovery::get_capability
FNDA:0,SecurityCapabilityDiscovery::discover_authentication_capability
FNDA:0,SecurityCapabilityDiscovery::discover_authorization_capability
FNDA:0,SecurityCapabilityDiscovery::discover_encryption_capability
FNDA:0,<impl Default for SecurityCapabilityDiscovery>::default
FNDA:0,get_auth_endpoint
DA:39,0
DA:53,0
DA:58,0
DA:59,0
DA:63,0
DA:64,0
DA:68,0
DA:69,0
DA:73,0
DA:74,0
DA:75,0
DA:78,0
DA:89,0
DA:93,0
DA:94,0
DA:98,0
DA:100,0
DA:102,0
DA:103,0
DA:104,0
DA:105,0
DA:106,0
DA:107,0
DA:108,0
DA:110,0
DA:115,0
DA:117,0
DA:119,0
DA:120,0
DA:121,0
DA:122,0
DA:123,0
DA:124,0
DA:125,0
DA:127,0
DA:132,0
DA:134,0
DA:136,0
DA:137,0
DA:138,0
DA:139,0
DA:140,0
DA:141,0
DA:142,0
DA:144,0
DA:150,0
DA:156,0
DA:159,0
DA:160,0
DA:162,0
DA:163,0
DA:172,0
LF:52
LH:0
end_of_record
TN:
SF:/home/eastgate/Development/ecoPrimals/nestgate/code/crates/nestgate-core/src/capabilities/discovery/storage.rs
FN:37,StorageCapabilityDiscovery::new
FN:51,StorageCapabilityDiscovery::discover_capabilities
FN:82,StorageCapabilityDiscovery::get_capability
FN:91,StorageCapabilityDiscovery::discover_zfs_capability
FN:108,StorageCapabilityDiscovery::discover_dataset_capability
FN:126,<impl Default for StorageCapabilityDiscovery>::default
FN:132,get_zfs_endpoint
FNF:7
FNDA:0,StorageCapabilityDiscovery::new
FNDA:0,StorageCapabilityDiscovery::discover_capabilities
FNDA:0,StorageCapabilityDiscovery::get_capability
FNDA:0,StorageCapabilityDiscovery::discover_zfs_capability
FNDA:0,StorageCapabilityDiscovery::discover_dataset_capability
FNDA:0,<impl Default for StorageCapabilityDiscovery>::default
FNDA:0,get_zfs_endpoint
DA:37,0
DA:51,0
DA:56,0
DA:57,0
DA:61,0
DA:62,0
DA:66,0
DA:67,0
DA:68,0
DA:71,0
DA:82,0
DA:86,0
DA:87,0
DA:91,0
DA:93,0
DA:95,0
DA:96,0
DA:97,0
DA:98,0
DA:99,0
DA:100,0
DA:101,0
DA:103,0
DA:108,0
DA:110,0
DA:112,0
DA:113,0
DA:114,0
DA:115,0
DA:116,0
DA:117,0
DA:118,0
DA:120,0
DA:126,0
DA:132,0
DA:135,0
DA:136,0
DA:138,0
DA:139,0
DA:145,0
LF:40
LH:0
end_of_record
TN:
SF:/home/eastgate/Development/ecoPrimals/nestgate/code/crates/nestgate-core/src/capabilities/routing/mod.rs
FN:18,UniversalRouter::new
FN:33,UniversalRouter::route_to_storage
FN:53,UniversalRouter::route_to_orchestration
FN:71,UniversalRouter::route_to_security
FN:89,UniversalRouter::route_to_ai
FN:107,UniversalRouter::route_to_capability
FN:137,UniversalRouter::get_cached_endpoint
FN:143,UniversalRouter::cache_endpoint
FN:149,UniversalRouter::clear_cache
FNF:9
FNDA:1,UniversalRouter::new
FNDA:2,UniversalRouter::route_to_storage
FNDA:2,UniversalRouter::route_to_orchestration
FNDA:2,UniversalRouter::route_to_security
FNDA:2,UniversalRouter::route_to_ai
FNDA:2,UniversalRouter::route_to_capability
FNDA:2,UniversalRouter::get_cached_endpoint
FNDA:2,UniversalRouter::cache_endpoint
FNDA:2,UniversalRouter::clear_cache
DA:18,1
DA:21,1
DA:33,2
DA:35,3
DA:40,2
DA:41,3
DA:42,1
DA:53,2
DA:54,3
DA:58,2
DA:59,3
DA:60,1
DA:71,2
DA:72,3
DA:76,2
DA:77,3
DA:78,1
DA:89,2
DA:90,3
DA:94,2
DA:95,3
DA:96,1
DA:107,2
DA:109,4
DA:110,4
DA:111,2
DA:113,5
DA:114,5
DA:119,1
DA:121,4
DA:122,1
DA:123,1
DA:124,2
DA:129,0
DA:130,0
DA:131,0
DA:137,2
DA:138,2
DA:139,1
DA:143,2
DA:144,3
DA:145,1
DA:149,2
DA:150,3
DA:151,1
LF:45
LH:42
end_of_record
TN:
SF:/home/eastgate/Development/ecoPrimals/nestgate/code/crates/nestgate-core/src/capabilities/taxonomy/capability.rs
FN:31,Capability::new
FN:44,Capability::with_provider
FN:51,Capability::with_version
FN:58,Capability::with_confidence
FN:65,Capability::with_metadata
FNF:5
FNDA:1,Capability::new
FNDA:0,Capability::with_provider
FNDA:0,Capability::with_version
FNDA:0,Capability::with_confidence
FNDA:1,Capability::with_metadata
DA:31,1
DA:38,1
DA:44,0
DA:45,8
DA:46,4
DA:51,0
DA:52,6
DA:53,3
DA:58,0
DA:59,3
DA:60,4
DA:65,1
DA:66,1
DA:67,1
LF:14
LH:11
end_of_record
TN:
SF:/home/eastgate/Development/ecoPrimals/nestgate/code/crates/nestgate-core/src/capabilities/taxonomy/types.rs
FN:173,CapabilityType::as_str
FN:219,CapabilityType::from_string
FN:226,CapabilityType::from_str
FN:233,CapabilityType::category
FN:272,<impl FromStr for CapabilityType>::from_str
FNF:5
FNDA:1,CapabilityType::as_str
FNDA:0,CapabilityType::from_string
FNDA:0,CapabilityType::from_str
FNDA:0,CapabilityType::category
FNDA:1,<impl FromStr for CapabilityType>::from_str
DA:173,1
DA:219,0
DA:226,0
DA:233,0
DA:272,1
DA:273,1
DA:275,1
DA:276,1
DA:277,3
DA:278,1
DA:279,1
DA:280,2
DA:283,1
DA:284,1
DA:285,2
DA:286,0
DA:287,0
DA:288,0
DA:289,0
DA:290,0
DA:291,0
DA:294,0
DA:295,0
DA:296,0
DA:297,0
DA:300,0
DA:301,0
DA:302,0
DA:303,0
DA:306,0
DA:307,0
DA:308,0
DA:309,1
DA:311,0
LF:34
LH:13
end_of_record
TN:
SF:/home/eastgate/Development/ecoPrimals/nestgate/code/crates/nestgate-core/src/cert/manager.rs
FN:19,CertificateManager::new
FN:34,CertificateManager::get_certificate_info
FN:45,create_default_certificate_manager
FNF:3
FNDA:0,CertificateManager::new
FNDA:0,CertificateManager::get_certificate_info
FNDA:0,create_default_certificate_manager
DA:19,0
DA:21,0
DA:23,0
DA:34,0
DA:36,0
DA:37,0
DA:38,0
DA:39,0
DA:45,0
DA:46,0
LF:10
LH:0
end_of_record
TN:
SF:/home/eastgate/Development/ecoPrimals/nestgate/code/crates/nestgate-core/src/cert/types.rs
FN:138,<impl Default for ValidationResult>::default
FN:149,Certificate::is_expired
FN:168,Certificate::is_valid
FN:174,Certificate::to_info
FNF:4
FNDA:0,<impl Default for ValidationResult>::default
FNDA:1,Certificate::is_expired
FNDA:0,Certificate::is_valid
FNDA:0,Certificate::to_info
DA:138,0
DA:141,0
DA:142,0
DA:149,1
DA:151,1
DA:156,2
DA:157,1
DA:159,1
DA:162,0
DA:168,0
DA:169,3
DA:174,0
DA:176,0
DA:177,0
DA:178,0
DA:179,0
DA:180,0
LF:17
LH:6
end_of_record
TN:
SF:/home/eastgate/Development/ecoPrimals/nestgate/code/crates/nestgate-core/src/cert/utils.rs
FN:16,format_system_time
FN:22,parse_system_time
FN:41,CertUtils::generate_self_signed
FNF:3
FNDA:3,format_system_time
FNDA:1,parse_system_time
FNDA:0,CertUtils::generate_self_signed
DA:16,3
DA:17,3
DA:18,0
DA:22,1
DA:23,1
DA:24,1
DA:25,0
DA:41,0
DA:54,1
DA:87,0
DA:124,0
DA:125,2
DA:126,1
DA:131,1
DA:132,1
DA:134,1
DA:136,2
DA:140,1
DA:141,1
DA:143,1
DA:144,1
DA:145,1
DA:146,1
DA:152,1
DA:153,1
DA:154,2
DA:155,3
DA:156,2
DA:157,1
DA:162,1
DA:163,1
DA:165,1
DA:166,0
DA:169,1
DA:170,1
DA:173,1
DA:174,1
DA:177,1
DA:178,0
DA:181,1
DA:182,0
DA:185,1
DA:186,0
DA:189,2
DA:190,0
DA:193,1
DA:198,1
DA:199,2
DA:200,2
DA:202,2
DA:203,1
DA:204,1
DA:207,1
DA:215,1
DA:216,1
DA:217,2
DA:219,2
DA:220,1
DA:221,1
DA:223,1
DA:224,1
DA:232,1
DA:233,1
DA:234,1
DA:236,4
DA:245,1
LF:66
LH:56
end_of_record
TN:
SF:/home/eastgate/Development/ecoPrimals/nestgate/code/crates/nestgate-core/src/cert/validator.rs
FN:15,CertificateValidator::new
FN:30,CertificateValidator::validate_certificate
FN:44,CertificateValidator::is_certificate_expired
FN:52,create_default_certificate_validator
FNF:4
FNDA:0,CertificateValidator::new
FNDA:0,CertificateValidator::validate_certificate
FNDA:0,CertificateValidator::is_certificate_expired
FNDA:0,create_default_certificate_validator
DA:15,0
DA:17,0
DA:19,0
DA:30,0
DA:33,0
DA:44,0
DA:46,0
DA:52,0
DA:53,0
LF:9
LH:0
end_of_record
TN:
SF:/home/eastgate/Development/ecoPrimals/nestgate/code/crates/nestgate-core/src/config/canonical/builders.rs
FNF:0
DA:63,0
DA:64,0
DA:68,0
DA:69,0
DA:70,0
DA:78,0
DA:79,0
DA:83,0
DA:84,0
DA:85,0
DA:89,0
DA:90,0
DA:91,0
DA:99,0
DA:100,0
DA:104,0
DA:105,0
DA:106,0
DA:303,0
DA:304,0
DA:473,0
DA:474,0
DA:475,0
DA:482,0
DA:483,0
LF:25
LH:0
end_of_record
TN:
SF:/home/eastgate/Development/ecoPrimals/nestgate/code/crates/nestgate-core/src/config/canonical/defaults.rs
FNF:0
DA:40,0
DA:41,0
DA:42,0
LF:3
LH:0
end_of_record
TN:
SF:/home/eastgate/Development/ecoPrimals/nestgate/code/crates/nestgate-core/src/config/canonical_master/api_config.rs
FN:18,<impl Default for ApiConfig>::default
FNF:1
FNDA:0,<impl Default for ApiConfig>::default
DA:18,0
DA:21,2
LF:2
LH:1
end_of_record
TN:
SF:/home/eastgate/Development/ecoPrimals/nestgate/code/crates/nestgate-core/src/config/canonical_master/builders.rs
FN:25,CanonicalConfigBuilder<MAX_CONNECTIONS,BUFFER_SIZE,TIMEOUT_MS,API_PORT>::new
FN:36,CanonicalConfigBuilder<MAX_CONNECTIONS,BUFFER_SIZE,TIMEOUT_MS,API_PORT>::build
FN:41,CanonicalConfigBuilder<MAX_CONNECTIONS,BUFFER_SIZE,TIMEOUT_MS,API_PORT>::with_system
FN:48,CanonicalConfigBuilder<MAX_CONNECTIONS,BUFFER_SIZE,TIMEOUT_MS,API_PORT>::with_network
FN:55,CanonicalConfigBuilder<MAX_CONNECTIONS,BUFFER_SIZE,TIMEOUT_MS,API_PORT>::with_storage
FN:62,CanonicalConfigBuilder<MAX_CONNECTIONS,BUFFER_SIZE,TIMEOUT_MS,API_PORT>::with_security
FN:75,<impl Default for CanonicalConfigBuilder<MAX_CONNECTIONS,BUFFER_SIZE,TIMEOUT_MS,API_PORT>>::default
FNF:7
FNDA:0,CanonicalConfigBuilder<MAX_CONNECTIONS,BUFFER_SIZE,TIMEOUT_MS,API_PORT>::new
FNDA:0,CanonicalConfigBuilder<MAX_CONNECTIONS,BUFFER_SIZE,TIMEOUT_MS,API_PORT>::build
FNDA:0,CanonicalConfigBuilder<MAX_CONNECTIONS,BUFFER_SIZE,TIMEOUT_MS,API_PORT>::with_system
FNDA:0,CanonicalConfigBuilder<MAX_CONNECTIONS,BUFFER_SIZE,TIMEOUT_MS,API_PORT>::with_network
FNDA:0,CanonicalConfigBuilder<MAX_CONNECTIONS,BUFFER_SIZE,TIMEOUT_MS,API_PORT>::with_storage
FNDA:0,CanonicalConfigBuilder<MAX_CONNECTIONS,BUFFER_SIZE,TIMEOUT_MS,API_PORT>::with_security
FNDA:0,<impl Default for CanonicalConfigBuilder<MAX_CONNECTIONS,BUFFER_SIZE,TIMEOUT_MS,API_PORT>>::default
DA:25,0
DA:27,0
DA:36,0
DA:41,0
DA:42,0
DA:43,0
DA:48,0
DA:49,0
DA:50,0
DA:55,0
DA:56,0
DA:57,0
DA:62,0
DA:63,0
DA:64,0
DA:75,0
DA:76,0
LF:17
LH:0
end_of_record
TN:
SF:/home/eastgate/Development/ecoPrimals/nestgate/code/crates/nestgate-core/src/config/canonical_master/detailed_configs.rs
FNF:0
DA:697,0
DA:706,0
DA:709,0
LF:3
LH:0
end_of_record
TN:
SF:/home/eastgate/Development/ecoPrimals/nestgate/code/crates/nestgate-core/src/config/canonical_master/domains/consolidated_domains.rs
FN:332,<impl Default for ApiServerConfig>::default
FN:361,<impl DomainConfigValidation for ConsolidatedDomainConfigs>::validate
FN:378,<impl DomainConfigValidation for ConsolidatedDomainConfigs>::validate_for_environment
FN:404,<impl DomainConfigValidation for ConsolidatedDomainConfigs>::required_fields
FN:412,<impl DomainConfigValidation for ConsolidatedDomainConfigs>::optional_fields
FN:435,migration::migrate_from_legacy
FN:457,migration::migrate_zfs_config
FNF:7
FNDA:0,<impl Default for ApiServerConfig>::default
FNDA:0,<impl DomainConfigValidation for ConsolidatedDomainConfigs>::validate
FNDA:0,<impl DomainConfigValidation for ConsolidatedDomainConfigs>::validate_for_environment
FNDA:0,<impl DomainConfigValidation for ConsolidatedDomainConfigs>::required_fields
FNDA:0,<impl DomainConfigValidation for ConsolidatedDomainConfigs>::optional_fields
FNDA:0,migration::migrate_from_legacy
FNDA:0,migration::migrate_zfs_config
DA:332,0
DA:334,2
DA:361,0
DA:362,0
DA:365,0
DA:366,0
DA:367,0
DA:368,0
DA:369,0
DA:370,0
DA:371,0
DA:372,0
DA:373,0
DA:375,0
DA:378,0
DA:381,0
DA:383,0
DA:384,0
DA:385,0
DA:386,0
DA:387,0
DA:388,0
DA:404,0
DA:405,0
DA:412,0
DA:413,0
DA:435,0
DA:438,0
DA:441,0
DA:442,0
DA:446,0
DA:447,0
DA:452,0
DA:457,0
DA:580,0
DA:581,0
DA:586,0
DA:589,0
DA:595,0
DA:596,0
DA:601,0
DA:604,0
DA:613,0
DA:614,0
DA:619,0
DA:622,0
DA:640,2
DA:642,2
DA:645,2
DA:651,0
DA:654,2
DA:662,0
DA:664,2
DA:695,0
LF:54
LH:6
end_of_record
TN:
SF:/home/eastgate/Development/ecoPrimals/nestgate/code/crates/nestgate-core/src/config/canonical_master/domains/handler_canonical/api.rs
FN:47,<impl Default for RequestHandlerConfig>::default
FNF:1
FNDA:0,<impl Default for RequestHandlerConfig>::default
DA:47,0
DA:66,0
DA:69,2
DA:75,2
DA:78,2
DA:94,0
DA:98,0
DA:102,0
DA:106,0
DA:107,0
LF:10
LH:3
end_of_record
TN:
SF:/home/eastgate/Development/ecoPrimals/nestgate/code/crates/nestgate-core/src/config/canonical_master/domains/handler_canonical/environment.rs
FN:33,<impl Default for HandlerEnvironmentConfig>::default
FNF:1
FNDA:2,<impl Default for HandlerEnvironmentConfig>::default
DA:33,2
DA:35,2
DA:56,0
DA:57,0
DA:60,0
DA:61,0
DA:64,0
DA:65,0
DA:68,0
DA:69,0
LF:10
LH:2
end_of_record
TN:
SF:/home/eastgate/Development/ecoPrimals/nestgate/code/crates/nestgate-core/src/config/canonical_master/domains/handler_canonical/error.rs
FNF:0
DA:58,0
LF:1
LH:0
end_of_record
TN:
SF:/home/eastgate/Development/ecoPrimals/nestgate/code/crates/nestgate-core/src/config/canonical_master/domains/handler_canonical/event.rs
FNF:0
DA:58,0
LF:1
LH:0
end_of_record
TN:
SF:/home/eastgate/Development/ecoPrimals/nestgate/code/crates/nestgate-core/src/config/canonical_master/domains/handler_canonical/lifecycle.rs
FNF:0
DA:58,0
LF:1
LH:0
end_of_record
TN:
SF:/home/eastgate/Development/ecoPrimals/nestgate/code/crates/nestgate-core/src/config/canonical_master/domains/handler_canonical/middleware.rs
FNF:0
DA:58,0
LF:1
LH:0
end_of_record
TN:
SF:/home/eastgate/Development/ecoPrimals/nestgate/code/crates/nestgate-core/src/config/canonical_master/domains/handler_canonical/mod.rs
FN:129,CanonicalHandlerConfigs::new
FN:135,CanonicalHandlerConfigs::production_optimized
FN:153,CanonicalHandlerConfigs::development_optimized
FN:171,CanonicalHandlerConfigs::high_performance
FN:189,CanonicalHandlerConfigs::merge
FNF:5
FNDA:0,CanonicalHandlerConfigs::new
FNDA:0,CanonicalHandlerConfigs::production_optimized
FNDA:0,CanonicalHandlerConfigs::development_optimized
FNDA:0,CanonicalHandlerConfigs::high_performance
FNDA:0,CanonicalHandlerConfigs::merge
DA:129,0
DA:130,0
DA:135,0
DA:153,0
DA:171,0
DA:189,0
DA:190,0
DA:200,0
DA:201,0
LF:9
LH:0
end_of_record
TN:
SF:/home/eastgate/Development/ecoPrimals/nestgate/code/crates/nestgate-core/src/config/canonical_master/domains/handler_canonical/monitoring.rs
FNF:0
DA:58,0
LF:1
LH:0
end_of_record
TN:
SF:/home/eastgate/Development/ecoPrimals/nestgate/code/crates/nestgate-core/src/config/canonical_master/domains/handler_canonical/performance.rs
FNF:0
DA:58,0
LF:1
LH:0
end_of_record
TN:
SF:/home/eastgate/Development/ecoPrimals/nestgate/code/crates/nestgate-core/src/config/canonical_master/domains/handler_canonical/security.rs
FNF:0
DA:58,0
LF:1
LH:0
end_of_record
TN:
SF:/home/eastgate/Development/ecoPrimals/nestgate/code/crates/nestgate-core/src/config/canonical_master/domains/handler_canonical/validation.rs
FNF:0
DA:58,0
LF:1
LH:0
end_of_record
TN:
SF:/home/eastgate/Development/ecoPrimals/nestgate/code/crates/nestgate-core/src/config/canonical_master/domains/handler_canonical/zfs.rs
FNF:0
DA:58,0
LF:1
LH:0
end_of_record
TN:
SF:/home/eastgate/Development/ecoPrimals/nestgate/code/crates/nestgate-core/src/config/canonical_master/domains/network/api.rs
FN:53,NetworkApiConfig::development_optimized
FN:67,NetworkApiConfig::production_hardened
FN:85,NetworkApiConfig::validate
FN:98,NetworkApiConfig::merge
FN:112,<impl Default for TlsConfig>::default
FN:124,TlsConfig::production
FN:135,<impl Default for RateLimitingConfig>::default
FN:142,RateLimitingConfig::development
FN:151,RateLimitingConfig::production
FN:161,<impl Default for NetworkApiConfig>::default
FNF:10
FNDA:3,NetworkApiConfig::development_optimized
FNDA:0,NetworkApiConfig::production_hardened
FNDA:0,NetworkApiConfig::validate
FNDA:0,NetworkApiConfig::merge
FNDA:0,<impl Default for TlsConfig>::default
FNDA:0,TlsConfig::production
FNDA:0,<impl Default for RateLimitingConfig>::default
FNDA:0,RateLimitingConfig::development
FNDA:0,RateLimitingConfig::production
FNDA:0,<impl Default for NetworkApiConfig>::default
DA:53,3
DA:55,3
DA:67,0
DA:69,0
DA:75,0
DA:85,0
DA:86,0
DA:87,0
DA:89,0
DA:90,0
DA:98,0
DA:99,0
DA:100,0
DA:101,0
DA:102,0
DA:103,0
DA:104,0
DA:105,0
DA:106,0
DA:107,0
DA:112,0
DA:114,3
DA:115,3
DA:124,0
DA:126,0
DA:127,0
DA:128,0
DA:135,0
DA:142,0
DA:151,0
DA:161,0
DA:162,0
LF:32
LH:4
end_of_record
TN:
SF:/home/eastgate/Development/ecoPrimals/nestgate/code/crates/nestgate-core/src/config/canonical_master/domains/network/discovery.rs
FN:15,NetworkDiscoveryConfig::development_optimized
FN:24,NetworkDiscoveryConfig::production_hardened
FNF:2
FNDA:0,NetworkDiscoveryConfig::development_optimized
FNDA:0,NetworkDiscoveryConfig::production_hardened
DA:15,0
DA:18,3
DA:24,0
DA:27,0
DA:42,0
DA:43,0
DA:44,0
DA:45,0
DA:46,0
LF:9
LH:1
end_of_record
TN:
SF:/home/eastgate/Development/ecoPrimals/nestgate/code/crates/nestgate-core/src/config/canonical_master/domains/network/environment.rs
FN:16,NetworkEnvironmentConfig::development_optimized
FN:28,NetworkEnvironmentConfig::production_hardened
FNF:2
FNDA:3,NetworkEnvironmentConfig::development_optimized
FNDA:0,NetworkEnvironmentConfig::production_hardened
DA:16,3
DA:18,3
DA:21,3
DA:22,3
DA:28,0
DA:30,0
DA:31,0
DA:34,0
DA:35,0
DA:50,0
DA:51,0
DA:52,0
DA:53,0
DA:54,0
LF:14
LH:4
end_of_record
TN:
SF:/home/eastgate/Development/ecoPrimals/nestgate/code/crates/nestgate-core/src/config/canonical_master/domains/network/mod.rs
FN:84,CanonicalNetworkConfig::development_optimized
FN:100,CanonicalNetworkConfig::production_hardened
FN:122,CanonicalNetworkConfig::validate
FN:137,CanonicalNetworkConfig::merge
FN:152,<impl Default for CanonicalNetworkConfig>::default
FNF:5
FNDA:3,CanonicalNetworkConfig::development_optimized
FNDA:0,CanonicalNetworkConfig::production_hardened
FNDA:0,CanonicalNetworkConfig::validate
FNDA:0,CanonicalNetworkConfig::merge
FNDA:1,<impl Default for CanonicalNetworkConfig>::default
DA:84,3
DA:86,3
DA:94,3
DA:100,0
DA:105,0
DA:108,0
DA:110,0
DA:122,0
DA:137,0
DA:138,0
DA:139,0
DA:140,0
DA:141,0
DA:142,0
DA:143,0
DA:144,0
DA:145,0
DA:146,0
DA:147,0
DA:152,1
DA:153,3
LF:21
LH:5
end_of_record
TN:
SF:/home/eastgate/Development/ecoPrimals/nestgate/code/crates/nestgate-core/src/config/canonical_master/domains/network/monitoring.rs
FN:15,NetworkMonitoringConfig::development_optimized
FN:24,NetworkMonitoringConfig::production_hardened
FNF:2
FNDA:0,NetworkMonitoringConfig::development_optimized
FNDA:0,NetworkMonitoringConfig::production_hardened
DA:15,0
DA:24,0
DA:42,0
DA:43,0
DA:44,0
DA:45,0
DA:46,0
LF:7
LH:0
end_of_record
TN:
SF:/home/eastgate/Development/ecoPrimals/nestgate/code/crates/nestgate-core/src/config/canonical_master/domains/network/orchestration.rs
FN:15,NetworkOrchestrationConfig::development_optimized
FN:24,NetworkOrchestrationConfig::production_hardened
FNF:2
FNDA:0,NetworkOrchestrationConfig::development_optimized
FNDA:0,NetworkOrchestrationConfig::production_hardened
DA:15,0
DA:18,3
DA:24,0
DA:27,0
DA:42,0
DA:43,0
DA:44,0
DA:45,0
DA:46,0
LF:9
LH:1
end_of_record
TN:
SF:/home/eastgate/Development/ecoPrimals/nestgate/code/crates/nestgate-core/src/config/canonical_master/domains/network/performance.rs
FN:15,NetworkPerformanceConfig::development_optimized
FN:24,NetworkPerformanceConfig::production_hardened
FNF:2
FNDA:0,NetworkPerformanceConfig::development_optimized
FNDA:0,NetworkPerformanceConfig::production_hardened
DA:15,0
DA:24,0
DA:42,0
LF:3
LH:0
end_of_record
TN:
SF:/home/eastgate/Development/ecoPrimals/nestgate/code/crates/nestgate-core/src/config/canonical_master/domains/network/protocols.rs
FN:33,NetworkProtocolConfig::development_optimized
FN:51,NetworkProtocolConfig::production_hardened
FNF:2
FNDA:0,NetworkProtocolConfig::development_optimized
FNDA:0,NetworkProtocolConfig::production_hardened
DA:33,0
DA:51,0
DA:78,0
DA:79,0
DA:80,0
DA:81,0
DA:82,0
LF:7
LH:0
end_of_record
TN:
SF:/home/eastgate/Development/ecoPrimals/nestgate/code/crates/nestgate-core/src/config/canonical_master/domains/network/security.rs
FN:15,NetworkSecurityConfig::development_optimized
FN:24,NetworkSecurityConfig::production_hardened
FNF:2
FNDA:0,NetworkSecurityConfig::development_optimized
FNDA:0,NetworkSecurityConfig::production_hardened
DA:15,0
DA:18,3
DA:19,3
DA:24,0
DA:27,0
DA:28,0
DA:42,0
DA:43,0
DA:44,0
DA:45,0
DA:46,0
LF:11
LH:2
end_of_record
TN:
SF:/home/eastgate/Development/ecoPrimals/nestgate/code/crates/nestgate-core/src/config/canonical_master/domains/network/vlan.rs
FN:15,NetworkVlanConfig::development_optimized
FN:24,NetworkVlanConfig::production_hardened
FNF:2
FNDA:0,NetworkVlanConfig::development_optimized
FNDA:0,NetworkVlanConfig::production_hardened
DA:15,0
DA:19,3
DA:24,0
DA:28,0
DA:42,0
DA:43,0
DA:44,0
DA:45,0
DA:46,0
LF:9
LH:1
end_of_record
TN:
SF:/home/eastgate/Development/ecoPrimals/nestgate/code/crates/nestgate-core/src/config/canonical_master/domains/performance/concurrency.rs
FN:33,<impl Default for ConcurrencyConfig>::default
FNF:1
FNDA:0,<impl Default for ConcurrencyConfig>::default
DA:33,0
LF:1
LH:0
end_of_record
TN:
SF:/home/eastgate/Development/ecoPrimals/nestgate/code/crates/nestgate-core/src/config/canonical_master/domains/performance/core.rs
FN:51,CanonicalPerformanceConfig::new
FN:63,CanonicalPerformanceConfig::validate
FN:101,CanonicalPerformanceConfig::from_environment
FN:109,CanonicalPerformanceConfig::merge
FNF:4
FNDA:0,CanonicalPerformanceConfig::new
FNDA:0,CanonicalPerformanceConfig::validate
FNDA:0,CanonicalPerformanceConfig::from_environment
FNDA:0,CanonicalPerformanceConfig::merge
DA:51,0
DA:52,0
DA:63,0
DA:65,0
DA:68,0
DA:71,0
DA:80,0
DA:81,0
DA:82,0
DA:83,0
DA:84,0
DA:85,0
DA:101,0
DA:102,0
DA:103,0
DA:104,0
DA:109,0
DA:112,0
LF:18
LH:0
end_of_record
TN:
SF:/home/eastgate/Development/ecoPrimals/nestgate/code/crates/nestgate-core/src/config/canonical_master/domains/performance/cpu.rs
FN:127,<impl Default for CpuAffinityConfig>::default
FN:137,<impl Default for ThreadPoolConfig>::default
FN:149,<impl Default for CpuSchedulingConfig>::default
FN:159,<impl Default for SimdConfig>::default
FN:169,<impl Default for CpuMonitoringConfig>::default
FN:189,CpuPerformanceConfig::validate
FNF:6
FNDA:0,<impl Default for CpuAffinityConfig>::default
FNDA:0,<impl Default for ThreadPoolConfig>::default
FNDA:0,<impl Default for CpuSchedulingConfig>::default
FNDA:0,<impl Default for SimdConfig>::default
FNDA:0,<impl Default for CpuMonitoringConfig>::default
FNDA:0,CpuPerformanceConfig::validate
DA:127,0
DA:130,0
DA:137,0
DA:140,0
DA:143,0
DA:149,0
DA:159,0
DA:162,0
DA:169,0
DA:189,0
DA:191,0
DA:192,0
DA:198,0
DA:199,0
DA:206,0
DA:207,0
LF:16
LH:0
end_of_record
TN:
SF:/home/eastgate/Development/ecoPrimals/nestgate/code/crates/nestgate-core/src/config/canonical_master/domains/performance/io.rs
FNF:0
DA:66,0
DA:67,0
DA:68,0
DA:69,0
DA:70,0
DA:71,0
DA:72,0
LF:7
LH:0
end_of_record
TN:
SF:/home/eastgate/Development/ecoPrimals/nestgate/code/crates/nestgate-core/src/config/canonical_master/domains/performance/memory.rs
FN:55,<impl Default for MemoryPoolConfig>::default
FN:65,<impl Default for GarbageCollectionConfig>::default
FN:75,<impl Default for MemoryMonitoringConfig>::default
FN:90,MemoryPerformanceConfig::validate
FNF:4
FNDA:0,<impl Default for MemoryPoolConfig>::default
FNDA:0,<impl Default for GarbageCollectionConfig>::default
FNDA:0,<impl Default for MemoryMonitoringConfig>::default
FNDA:0,MemoryPerformanceConfig::validate
DA:55,0
DA:65,0
DA:75,0
DA:90,0
DA:91,0
LF:5
LH:0
end_of_record
TN:
SF:/home/eastgate/Development/ecoPrimals/nestgate/code/crates/nestgate-core/src/config/canonical_master/domains/performance/monitoring.rs
FN:58,<impl Default for MetricsConfig>::default
FN:68,<impl Default for ProfilingConfig>::default
FN:79,<impl Default for AlertingConfig>::default
FNF:3
FNDA:0,<impl Default for MetricsConfig>::default
FNDA:0,<impl Default for ProfilingConfig>::default
FNDA:0,<impl Default for AlertingConfig>::default
DA:58,0
DA:61,0
DA:68,0
DA:79,0
LF:4
LH:0
end_of_record
TN:
SF:/home/eastgate/Development/ecoPrimals/nestgate/code/crates/nestgate-core/src/config/canonical_master/domains/security_canonical/authentication.rs
FN:455,<impl Default for AuthenticationConfig>::default
FN:470,<impl Default for MfaConfig>::default
FN:483,<impl Default for BackupCodesConfig>::default
FN:494,<impl Default for RememberDeviceConfig>::default
FN:504,<impl Default for SessionConfig>::default
FN:517,<impl Default for SessionStorageConfig>::default
FN:527,<impl Default for SessionEncryptionConfig>::default
FN:537,<impl Default for KeyRotationConfig>::default
FNF:8
FNDA:0,<impl Default for AuthenticationConfig>::default
FNDA:0,<impl Default for MfaConfig>::default
FNDA:0,<impl Default for BackupCodesConfig>::default
FNDA:0,<impl Default for RememberDeviceConfig>::default
FNDA:0,<impl Default for SessionConfig>::default
FNDA:0,<impl Default for SessionStorageConfig>::default
FNDA:0,<impl Default for SessionEncryptionConfig>::default
FNDA:0,<impl Default for KeyRotationConfig>::default
DA:455,0
DA:459,0
DA:470,0
DA:474,0
DA:483,0
DA:494,0
DA:504,0
DA:517,0
DA:520,0
DA:527,0
DA:530,0
DA:537,0
DA:560,0
DA:570,0
DA:573,0
DA:575,0
DA:576,0
DA:583,0
DA:587,0
DA:595,0
DA:605,0
DA:616,0
DA:619,0
DA:620,0
DA:626,0
DA:634,0
DA:637,0
DA:644,0
DA:661,0
DA:664,0
DA:665,0
DA:682,0
DA:709,0
DA:713,0
DA:717,0
DA:740,0
DA:741,0
DA:747,0
DA:749,0
DA:753,0
DA:755,0
DA:756,0
DA:762,0
DA:763,0
DA:769,0
DA:770,0
LF:46
LH:0
end_of_record
TN:
SF:/home/eastgate/Development/ecoPrimals/nestgate/code/crates/nestgate-core/src/config/canonical_master/domains/security_canonical/authorization.rs
FN:20,AccessControlConfig::development_optimized
FN:28,AccessControlConfig::compliance_focused
FN:36,AccessControlConfig::production_hardened
FN:44,AccessControlConfig::merge
FN:76,<impl Default for AccessControlConfig>::default
FN:86,AuthorizationConfig::production_hardened
FN:90,AuthorizationConfig::development_optimized
FN:94,AuthorizationConfig::compliance_focused
FN:98,AuthorizationConfig::merge
FNF:9
FNDA:0,AccessControlConfig::development_optimized
FNDA:0,AccessControlConfig::compliance_focused
FNDA:0,AccessControlConfig::production_hardened
FNDA:0,AccessControlConfig::merge
FNDA:0,<impl Default for AccessControlConfig>::default
FNDA:0,AuthorizationConfig::production_hardened
FNDA:0,AuthorizationConfig::development_optimized
[...]
end_of_record
TN:
SF:/home/eastgate/Development/ecoPrimals/nestgate/ecosystem-expansion/templates/performance-templates/memory_pool.rs
FN:23,ZeroCostPoolInterface::pool_size
FN:28,ZeroCostPoolInterface::buffer_size
FN:61,ZeroCostMemoryPoolManager<BufferPool,ObjectPool,MAX_POOLS>::new
FN:71,ZeroCostMemoryPoolManager<BufferPool,ObjectPool,MAX_POOLS>::get_buffer
FN:76,ZeroCostMemoryPoolManager<BufferPool,ObjectPool,MAX_POOLS>::return_buffer
FN:81,ZeroCostMemoryPoolManager<BufferPool,ObjectPool,MAX_POOLS>::get_object
FN:86,ZeroCostMemoryPoolManager<BufferPool,ObjectPool,MAX_POOLS>::return_object
FN:91,ZeroCostMemoryPoolManager<BufferPool,ObjectPool,MAX_POOLS>::get_comprehensive_stats
FN:105,ZeroCostMemoryPoolManager<BufferPool,ObjectPool,MAX_POOLS>::max_pools
FNF:9
FNDA:0,ZeroCostPoolInterface::pool_size
FNDA:0,ZeroCostPoolInterface::buffer_size
FNDA:0,ZeroCostMemoryPoolManager<BufferPool,ObjectPool,MAX_POOLS>::new
FNDA:0,ZeroCostMemoryPoolManager<BufferPool,ObjectPool,MAX_POOLS>::get_buffer
FNDA:0,ZeroCostMemoryPoolManager<BufferPool,ObjectPool,MAX_POOLS>::return_buffer
FNDA:0,ZeroCostMemoryPoolManager<BufferPool,ObjectPool,MAX_POOLS>::get_object
FNDA:0,ZeroCostMemoryPoolManager<BufferPool,ObjectPool,MAX_POOLS>::return_object
FNDA:0,ZeroCostMemoryPoolManager<BufferPool,ObjectPool,MAX_POOLS>::get_comprehensive_stats
FNDA:0,ZeroCostMemoryPoolManager<BufferPool,ObjectPool,MAX_POOLS>::max_pools
DA:23,0
DA:24,0
DA:28,0
DA:29,0
DA:61,0
DA:71,0
DA:72,0
DA:76,0
DA:77,0
DA:81,0
DA:82,0
DA:86,0
DA:87,0
DA:91,0
DA:92,0
DA:93,0
DA:98,0
DA:105,0
DA:106,0
LF:19
LH:0
end_of_record
TN:
SF:/home/eastgate/Development/ecoPrimals/nestgate/ecosystem-expansion/templates/performance-templates/migrated_core_service_example.rs
FNF:0
DA:94,0
DA:95,0
DA:101,0
DA:103,0
DA:105,0
DA:112,0
DA:113,0
DA:114,0
DA:118,0
DA:120,0
DA:121,0
DA:122,0
DA:123,0
DA:124,0
DA:125,0
DA:129,0
DA:130,0
DA:134,0
DA:136,0
DA:140,0
DA:141,0
DA:142,0
DA:144,0
DA:145,0
DA:146,0
DA:148,0
DA:149,0
DA:150,0
DA:153,0
DA:154,0
DA:169,0
DA:170,0
DA:171,0
DA:174,0
DA:176,0
DA:179,0
DA:181,0
DA:182,0
DA:183,0
DA:184,0
DA:186,0
DA:189,0
DA:190,0
DA:191,0
DA:192,0
DA:193,0
DA:194,0
DA:195,0
DA:196,0
DA:197,0
DA:202,0
DA:203,0
DA:204,0
DA:205,0
DA:211,0
DA:220,0
DA:221,0
DA:222,0
DA:223,0
DA:224,0
DA:225,0
DA:228,0
DA:229,0
DA:232,0
DA:233,0
DA:235,0
DA:239,0
DA:240,0
DA:245,0
DA:246,0
DA:247,0
DA:249,0
DA:252,0
DA:253,0
DA:256,0
DA:259,0
DA:261,0
DA:262,0
DA:263,0
DA:264,0
DA:265,0
DA:269,0
DA:270,0
DA:271,0
DA:272,0
DA:273,0
DA:278,0
DA:279,0
DA:280,0
DA:281,0
DA:282,0
DA:283,0
DA:285,0
DA:289,0
DA:314,0
DA:315,0
DA:319,0
DA:320,0
DA:324,0
DA:327,0
DA:328,0
DA:329,0
DA:330,0
LF:103
LH:0
end_of_record
TN:
SF:/home/eastgate/Development/ecoPrimals/nestgate/ecosystem-expansion/templates/performance-templates/migrated_load_balancer.rs
FN:82,ZeroCostLoadBalancer::max_services
FN:87,ZeroCostLoadBalancer::max_history
FN:100,ZeroCostLoadBalancer::select_service_sync
FN:108,ZeroCostLoadBalancer::batch_update_weights
FN:119,ZeroCostLoadBalancer::get_health_scores
FN:128,ZeroCostLoadBalancer::initialize
FN:133,ZeroCostLoadBalancer::shutdown
FN:138,ZeroCostLoadBalancer::reset_stats
FNF:8
FNDA:0,ZeroCostLoadBalancer::max_services
FNDA:0,ZeroCostLoadBalancer::max_history
FNDA:0,ZeroCostLoadBalancer::select_service_sync
FNDA:0,ZeroCostLoadBalancer::batch_update_weights
FNDA:0,ZeroCostLoadBalancer::get_health_scores
FNDA:0,ZeroCostLoadBalancer::initialize
FNDA:0,ZeroCostLoadBalancer::shutdown
FNDA:0,ZeroCostLoadBalancer::reset_stats
DA:82,0
DA:83,0
DA:87,0
DA:88,0
DA:100,0
DA:108,0
DA:110,0
DA:114,0
DA:119,0
DA:120,0
DA:128,0
DA:129,0
DA:133,0
DA:134,0
DA:138,0
DA:139,0
DA:508,0
DA:513,0
DA:514,0
DA:518,0
DA:519,0
DA:523,0
DA:524,0
LF:23
LH:0
end_of_record
TN:
SF:/home/eastgate/Development/ecoPrimals/nestgate/ecosystem-expansion/templates/performance-templates/native_async_traits.rs
FN:38,NativeAsyncUniversalProvider::max_services
FN:43,NativeAsyncUniversalProvider::timeout_seconds
FN:80,NativeAsyncSecurityProvider::max_tokens
FN:85,NativeAsyncSecurityProvider::token_expiry_seconds
FN:126,NativeAsyncStorageProvider::max_objects
FN:131,NativeAsyncStorageProvider::max_object_size
FN:169,NativeAsyncComputeProvider::max_workloads
FN:174,NativeAsyncComputeProvider::max_cpu_cores
FN:218,NativeAsyncNetworkProvider::max_connections
FN:223,NativeAsyncNetworkProvider::buffer_size
FN:268,NativeAsyncDiscoveryProvider::max_endpoints
FN:273,NativeAsyncDiscoveryProvider::discovery_timeout_seconds
FN:319,NativeAsyncUniversalZfsService::max_pools
FN:324,NativeAsyncUniversalZfsService::max_datasets
FNF:14
FNDA:0,NativeAsyncUniversalProvider::max_services
FNDA:0,NativeAsyncUniversalProvider::timeout_seconds
FNDA:0,NativeAsyncSecurityProvider::max_tokens
FNDA:0,NativeAsyncSecurityProvider::token_expiry_seconds
FNDA:0,NativeAsyncStorageProvider::max_objects
FNDA:0,NativeAsyncStorageProvider::max_object_size
FNDA:0,NativeAsyncComputeProvider::max_workloads
FNDA:0,NativeAsyncComputeProvider::max_cpu_cores
FNDA:0,NativeAsyncNetworkProvider::max_connections
FNDA:0,NativeAsyncNetworkProvider::buffer_size
FNDA:0,NativeAsyncDiscoveryProvider::max_endpoints
FNDA:0,NativeAsyncDiscoveryProvider::discovery_timeout_seconds
FNDA:0,NativeAsyncUniversalZfsService::max_pools
FNDA:0,NativeAsyncUniversalZfsService::max_datasets
DA:38,0
DA:39,0
DA:43,0
DA:44,0
DA:80,0
DA:81,0
DA:85,0
DA:86,0
DA:126,0
DA:127,0
DA:131,0
DA:132,0
DA:169,0
DA:170,0
DA:174,0
DA:175,0
DA:218,0
DA:219,0
DA:223,0
DA:224,0
DA:268,0
DA:269,0
DA:273,0
DA:274,0
DA:319,0
DA:320,0
DA:324,0
DA:325,0
DA:428,0
DA:429,0
DA:442,0
DA:448,0
DA:449,0
DA:456,0
DA:457,0
DA:459,0
DA:463,0
DA:465,0
DA:466,0
DA:468,0
DA:469,0
DA:471,0
DA:476,0
DA:477,0
DA:478,0
DA:479,0
DA:481,0
DA:485,0
DA:487,0
DA:491,0
DA:492,0
LF:51
LH:0
end_of_record
TN:
SF:/home/eastgate/Development/ecoPrimals/nestgate/ecosystem-expansion/templates/performance-templates/optimized_traits.rs
FN:29,ZeroCostService::buffer_size
FN:34,ZeroCostService::max_connections
FN:39,ZeroCostService::can_handle_load
FN:54,ZeroCostStorageBackend::block_size
FN:59,ZeroCostStorageBackend::cache_size
FN:64,ZeroCostStorageBackend::max_concurrent_ops
FN:69,ZeroCostStorageBackend::can_perform_operation
FN:74,ZeroCostStorageBackend::optimal_buffer_size
FN:126,<impl Default for ZeroCostServiceConfig<TIMEOUT_MS,RETRY_ATTEMPTS,BUFFER_SIZE,MAX_CONNECTIONS,DEBUG_MODE>>::default
FN:139,ZeroCostServiceConfig<TIMEOUT_MS,RETRY_ATTEMPTS,BUFFER_SIZE,MAX_CONNECTIONS,DEBUG_MODE>::new
FN:146,ZeroCostServiceConfig<TIMEOUT_MS,RETRY_ATTEMPTS,BUFFER_SIZE,MAX_CONNECTIONS,DEBUG_MODE>::timeout_ms
FN:151,ZeroCostServiceConfig<TIMEOUT_MS,RETRY_ATTEMPTS,BUFFER_SIZE,MAX_CONNECTIONS,DEBUG_MODE>::retry_attempts
FN:156,ZeroCostServiceConfig<TIMEOUT_MS,RETRY_ATTEMPTS,BUFFER_SIZE,MAX_CONNECTIONS,DEBUG_MODE>::buffer_size
FN:161,ZeroCostServiceConfig<TIMEOUT_MS,RETRY_ATTEMPTS,BUFFER_SIZE,MAX_CONNECTIONS,DEBUG_MODE>::max_connections
FN:166,ZeroCostServiceConfig<TIMEOUT_MS,RETRY_ATTEMPTS,BUFFER_SIZE,MAX_CONNECTIONS,DEBUG_MODE>::is_debug_mode
FN:171,ZeroCostServiceConfig<TIMEOUT_MS,RETRY_ATTEMPTS,BUFFER_SIZE,MAX_CONNECTIONS,DEBUG_MODE>::validate
FN:189,HighPerformanceTrait::batch_size
FN:194,HighPerformanceTrait::is_batch_full
FN:207,MemoryOptimizedTrait::pool_size
FN:212,MemoryOptimizedTrait::block_size
FN:217,MemoryOptimizedTrait::total_memory_usage
FN:222,MemoryOptimizedTrait::can_allocate
FNF:22
FNDA:0,ZeroCostService::buffer_size
FNDA:0,ZeroCostService::max_connections
FNDA:0,ZeroCostService::can_handle_load
FNDA:0,ZeroCostStorageBackend::block_size
FNDA:0,ZeroCostStorageBackend::cache_size
FNDA:0,ZeroCostStorageBackend::max_concurrent_ops
FNDA:0,ZeroCostStorageBackend::can_perform_operation
FNDA:0,ZeroCostStorageBackend::optimal_buffer_size
FNDA:0,<impl Default for ZeroCostServiceConfig<TIMEOUT_MS,RETRY_ATTEMPTS,BUFFER_SIZE,MAX_CONNECTIONS,DEBUG_MODE>>::default
FNDA:0,ZeroCostServiceConfig<TIMEOUT_MS,RETRY_ATTEMPTS,BUFFER_SIZE,MAX_CONNECTIONS,DEBUG_MODE>::new
FNDA:0,ZeroCostServiceConfig<TIMEOUT_MS,RETRY_ATTEMPTS,BUFFER_SIZE,MAX_CONNECTIONS,DEBUG_MODE>::timeout_ms
FNDA:0,ZeroCostServiceConfig<TIMEOUT_MS,RETRY_ATTEMPTS,BUFFER_SIZE,MAX_CONNECTIONS,DEBUG_MODE>::retry_attempts
FNDA:0,ZeroCostServiceConfig<TIMEOUT_MS,RETRY_ATTEMPTS,BUFFER_SIZE,MAX_CONNECTIONS,DEBUG_MODE>::buffer_size
FNDA:0,ZeroCostServiceConfig<TIMEOUT_MS,RETRY_ATTEMPTS,BUFFER_SIZE,MAX_CONNECTIONS,DEBUG_MODE>::max_connections
FNDA:0,ZeroCostServiceConfig<TIMEOUT_MS,RETRY_ATTEMPTS,BUFFER_SIZE,MAX_CONNECTIONS,DEBUG_MODE>::is_debug_mode
FNDA:0,ZeroCostServiceConfig<TIMEOUT_MS,RETRY_ATTEMPTS,BUFFER_SIZE,MAX_CONNECTIONS,DEBUG_MODE>::validate
FNDA:0,HighPerformanceTrait::batch_size
FNDA:0,HighPerformanceTrait::is_batch_full
FNDA:0,MemoryOptimizedTrait::pool_size
FNDA:0,MemoryOptimizedTrait::block_size
FNDA:0,MemoryOptimizedTrait::total_memory_usage
FNDA:0,MemoryOptimizedTrait::can_allocate
DA:29,0
DA:30,0
DA:34,0
DA:35,0
DA:39,0
DA:40,0
DA:54,0
DA:55,0
DA:59,0
DA:60,0
DA:64,0
DA:65,0
DA:69,0
DA:70,0
DA:74,0
DA:75,0
DA:76,0
DA:79,0
DA:126,0
DA:127,0
DA:139,0
DA:146,0
DA:147,0
DA:151,0
DA:152,0
DA:156,0
DA:157,0
DA:161,0
DA:162,0
DA:166,0
DA:167,0
DA:171,0
DA:172,0
DA:189,0
DA:190,0
DA:194,0
DA:195,0
DA:207,0
DA:208,0
DA:212,0
DA:213,0
DA:217,0
DA:218,0
DA:222,0
DA:223,0
DA:291,0
DA:292,0
DA:296,0
DA:297,0
DA:301,0
DA:303,0
DA:307,0
DA:308,0
DA:319,0
DA:320,0
DA:324,0
DA:325,0
DA:329,0
DA:330,0
DA:334,0
LF:60
LH:0
end_of_record
TN:
SF:/home/eastgate/Development/ecoPrimals/nestgate/ecosystem-expansion/templates/performance-templates/traits.rs
FN:82,ZeroCostDataSource::buffer_size
FN:86,ZeroCostDataSource::max_results
FN:108,ZeroCostUniversalAdapter::health_check
FNF:3
FNDA:0,ZeroCostDataSource::buffer_size
FNDA:0,ZeroCostDataSource::max_results
FNDA:0,ZeroCostUniversalAdapter::health_check
DA:82,0
DA:83,0
DA:86,0
DA:87,0
DA:108,0
DA:109,0
DA:111,0
LF:7
LH:0
end_of_record
TN:
SF:/home/eastgate/Development/ecoPrimals/nestgate/ecosystem-expansion/templates/performance-templates/universal_coordination.rs
FN:118,ZeroCostCoordinationService<MAX_CONCURRENT>::new
FN:126,ZeroCostCoordinationService<MAX_CONCURRENT>::active_operation_count
FN:140,<impl ZeroCostUniversalCoordination for ZeroCostCoordinationService<MAX_CONCURRENT>>::coordinate_storage_provisioning
FN:164,<impl ZeroCostUniversalCoordination for ZeroCostCoordinationService<MAX_CONCURRENT>>::coordinate_volume_mounting
FN:184,<impl ZeroCostUniversalCoordination for ZeroCostCoordinationService<MAX_CONCURRENT>>::coordinate_backup_operations
FN:200,<impl ZeroCostUniversalCoordination for ZeroCostCoordinationService<MAX_CONCURRENT>>::get_coordination_capabilities
FN:209,<impl ZeroCostUniversalCoordination for ZeroCostCoordinationService<MAX_CONCURRENT>>::health_check
FN:231,CoordinationCompatibilityBridge<T>::new
FN:240,CoordinationCompatibilityBridge<T>::coordinate_storage_provisioning
FN:248,CoordinationCompatibilityBridge<T>::coordinate_volume_mounting
FN:256,CoordinationCompatibilityBridge<T>::coordinate_backup_operations
FNF:11
FNDA:0,ZeroCostCoordinationService<MAX_CONCURRENT>::new
FNDA:0,ZeroCostCoordinationService<MAX_CONCURRENT>::active_operation_count
FNDA:0,<impl ZeroCostUniversalCoordination for ZeroCostCoordinationService<MAX_CONCURRENT>>::coordinate_storage_provisioning
FNDA:0,<impl ZeroCostUniversalCoordination for ZeroCostCoordinationService<MAX_CONCURRENT>>::coordinate_volume_mounting
FNDA:0,<impl ZeroCostUniversalCoordination for ZeroCostCoordinationService<MAX_CONCURRENT>>::coordinate_backup_operations
FNDA:0,<impl ZeroCostUniversalCoordination for ZeroCostCoordinationService<MAX_CONCURRENT>>::get_coordination_capabilities
FNDA:0,<impl ZeroCostUniversalCoordination for ZeroCostCoordinationService<MAX_CONCURRENT>>::health_check
FNDA:0,CoordinationCompatibilityBridge<T>::new
FNDA:0,CoordinationCompatibilityBridge<T>::coordinate_storage_provisioning
FNDA:0,CoordinationCompatibilityBridge<T>::coordinate_volume_mounting
FNDA:0,CoordinationCompatibilityBridge<T>::coordinate_backup_operations
DA:118,0
DA:121,0
DA:126,0
DA:127,0
DA:128,0
DA:140,0
DA:141,0
DA:145,0
DA:146,0
DA:148,0
DA:152,0
DA:155,0
DA:156,0
DA:157,0
DA:164,0
DA:165,0
DA:168,0
DA:169,0
DA:171,0
DA:172,0
DA:175,0
DA:176,0
DA:177,0
DA:184,0
DA:185,0
DA:188,0
DA:189,0
DA:191,0
DA:192,0
DA:195,0
DA:196,0
DA:197,0
DA:200,0
DA:201,0
DA:202,0
DA:203,0
DA:204,0
DA:205,0
DA:209,0
DA:211,0
DA:214,0
DA:216,0
DA:231,0
DA:240,0
DA:248,0
DA:256,0
LF:46
LH:0
end_of_record
TN:
SF:/home/eastgate/Development/ecoPrimals/nestgate/ecosystem-expansion/templates/performance-templates/universal_service.rs
FN:53,ZeroCostUniversalService::restart
FN:89,ZeroCostUniversalService::validate_config
FNF:2
FNDA:0,ZeroCostUniversalService::restart
FNDA:0,ZeroCostUniversalService::validate_config
DA:53,0
DA:54,0
DA:55,0
DA:89,0
DA:92,0
LF:5
LH:0
end_of_record
TN:
SF:/home/eastgate/Development/ecoPrimals/nestgate/ecosystem-expansion/templates/performance-templates/zfs_operations.rs
FN:53,ZeroCostZfsOperations::can_create_pool
FN:58,ZeroCostZfsOperations::snapshot_retention_days
FN:91,ZeroCostUniversalZfsService::max_operations
FNF:3
FNDA:0,ZeroCostZfsOperations::can_create_pool
FNDA:0,ZeroCostZfsOperations::snapshot_retention_days
FNDA:0,ZeroCostUniversalZfsService::max_operations
DA:53,0
DA:54,0
DA:58,0
DA:59,0
DA:91,0
DA:92,0
DA:320,0
DA:323,0
DA:331,0
DA:333,0
DA:335,0
DA:337,0
DA:340,0
DA:341,0
DA:343,0
DA:346,0
DA:348,0
DA:350,0
DA:351,0
DA:352,0
DA:353,0
DA:354,0
DA:355,0
DA:361,0
DA:362,0
DA:364,0
DA:366,0
DA:367,0
LF:28
LH:0
end_of_record
TN:
SF:/home/eastgate/Development/ecoPrimals/nestgate/ecosystem-expansion/templates/performance-templates/zfs_service/traits.rs
FN:54,ZeroCostUniversalZfsService::service_version
FN:70,ZeroCostUniversalZfsService::is_available_sync
FN:168,ZeroCostUniversalZfsService::max_pools
FN:173,ZeroCostUniversalZfsService::max_datasets
FN:178,ZeroCostUniversalZfsService::max_snapshots
FN:189,ZeroCostUniversalZfsService::batch_create_datasets
FN:204,ZeroCostUniversalZfsService::batch_create_snapshots
FN:219,ZeroCostUniversalZfsService::batch_destroy_snapshots
FN:230,ZeroCostUniversalZfsService::get_operation_stats
FN:235,ZeroCostUniversalZfsService::reset_performance_counters
FN:242,ZeroCostUniversalZfsService::initialize
FN:247,ZeroCostUniversalZfsService::shutdown
FN:252,ZeroCostUniversalZfsService::restart
FNF:13
FNDA:0,ZeroCostUniversalZfsService::service_version
FNDA:0,ZeroCostUniversalZfsService::is_available_sync
FNDA:0,ZeroCostUniversalZfsService::max_pools
FNDA:0,ZeroCostUniversalZfsService::max_datasets
FNDA:0,ZeroCostUniversalZfsService::max_snapshots
FNDA:0,ZeroCostUniversalZfsService::batch_create_datasets
FNDA:0,ZeroCostUniversalZfsService::batch_create_snapshots
FNDA:0,ZeroCostUniversalZfsService::batch_destroy_snapshots
FNDA:0,ZeroCostUniversalZfsService::get_operation_stats
FNDA:0,ZeroCostUniversalZfsService::reset_performance_counters
FNDA:0,ZeroCostUniversalZfsService::initialize
FNDA:0,ZeroCostUniversalZfsService::shutdown
FNDA:0,ZeroCostUniversalZfsService::restart
DA:54,0
DA:55,0
DA:70,0
DA:168,0
DA:169,0
DA:173,0
DA:174,0
DA:178,0
DA:179,0
DA:189,0
DA:190,0
DA:191,0
DA:192,0
DA:193,0
DA:195,0
DA:204,0
DA:205,0
DA:206,0
DA:207,0
DA:208,0
DA:210,0
DA:219,0
DA:220,0
DA:221,0
DA:223,0
DA:230,0
DA:231,0
DA:235,0
DA:236,0
DA:242,0
DA:243,0
DA:247,0
DA:248,0
DA:252,0
DA:253,0
DA:254,0
DA:255,0
DA:256,0
LF:38
LH:0
end_of_record
TN:
SF:/home/eastgate/Development/ecoPrimals/nestgate/examples-disabled-oct-20-2025/comprehensive-idiomatic-evolution.rs
FNF:0
DA:338,0
DA:340,0
DA:344,0
DA:345,0
DA:354,0
LF:5
LH:0
end_of_record
TN:
SF:/home/eastgate/Development/ecoPrimals/nestgate/examples-disabled-oct-20-2025/idiomatic-result-evolution-guide.rs
FNF:0
DA:68,0
DA:193,0
LF:2
LH:0
end_of_record
TN:
SF:/home/eastgate/Development/ecoPrimals/nestgate/examples-disabled-oct-20-2025/unified_architecture_demo.rs
FNF:0
DA:325,0
DA:326,0
DA:329,0
DA:330,0
LF:4
LH:0
end_of_record
TN:
SF:/home/eastgate/Development/ecoPrimals/nestgate/rebuild_workspace/templates/modern_network_module.rs
FNF:0
DA:132,0
DA:134,0
DA:135,0
DA:136,0
LF:4
LH:0
end_of_record
TN:
SF:/home/eastgate/Development/ecoPrimals/nestgate/tests-archive-broken-oct-20-2025/common/mod.rs
FNF:0
DA:94,0
DA:97,0
DA:98,0
LF:3
LH:0
end_of_record
TN:
SF:/home/eastgate/Development/ecoPrimals/nestgate/tests-archive-broken-oct-20-2025/common/test_error_handling.rs
FNF:0
DA:52,0
DA:54,0
DA:55,0
DA:56,0
DA:57,0
DA:58,0
DA:59,0
DA:60,0
DA:62,0
DA:63,0
DA:64,0
DA:65,0
DA:66,0
DA:75,0
DA:77,0
DA:78,0
DA:79,0
DA:80,0
DA:81,0
DA:82,0
DA:83,0
DA:85,0
DA:86,0
DA:87,0
DA:88,0
DA:89,0
DA:102,0
DA:104,0
DA:105,0
DA:106,0
DA:107,0
DA:108,0
DA:109,0
DA:110,0
DA:112,0
DA:113,0
DA:114,0
DA:115,0
DA:116,0
DA:126,0
DA:127,0
DA:128,0
DA:129,0
DA:132,0
DA:218,0
DA:219,0
DA:221,0
DA:222,0
DA:223,0
DA:224,0
DA:225,0
DA:226,0
DA:228,0
DA:229,0
DA:230,0
DA:238,0
DA:239,0
DA:242,0
DA:301,0
LF:59
LH:0
end_of_record
TN:
SF:/home/eastgate/Development/ecoPrimals/nestgate/tests-archive-broken-oct-20-2025/common/test_helpers.rs
FNF:0
DA:344,0
DA:345,0
DA:346,0
DA:348,0
DA:350,0
DA:363,0
DA:365,0
DA:366,0
DA:367,0
DA:368,0
DA:371,0
DA:374,0
DA:375,0
DA:376,0
LF:14
LH:0
end_of_record
TN:
SF:/home/eastgate/Development/ecoPrimals/nestgate/tools/clone-optimizer/src/error.rs
FN:131,CloneOptimizerError::io
FN:139,CloneOptimizerError::parse
FN:148,CloneOptimizerError::parse_with_line
FN:157,CloneOptimizerError::pattern
FN:172,CloneOptimizerError::pattern_with_source
FN:179,CloneOptimizerError::config
FN:187,CloneOptimizerError::config_field
FN:204,CloneOptimizerError::safety
FN:210,CloneOptimizerError::performance
FN:223,CloneOptimizerError::performance_with_context
FN:239,CloneOptimizerError::optimization
FN:246,CloneOptimizerError::ast
FN:255,CloneOptimizerError::ast_with_source
FN:264,CloneOptimizerError::type_analysis
FN:277,CloneOptimizerError::type_analysis_with_name
FN:283,CloneOptimizerError::concurrency
FN:290,CloneOptimizerError::operation
FN:303,CloneOptimizerError::operation_with_context
FNF:18
FNDA:0,CloneOptimizerError::io
FNDA:0,CloneOptimizerError::parse
FNDA:0,CloneOptimizerError::parse_with_line
FNDA:0,CloneOptimizerError::pattern
FNDA:0,CloneOptimizerError::pattern_with_source
FNDA:0,CloneOptimizerError::config
FNDA:0,CloneOptimizerError::config_field
FNDA:0,CloneOptimizerError::safety
FNDA:0,CloneOptimizerError::performance
FNDA:0,CloneOptimizerError::performance_with_context
FNDA:0,CloneOptimizerError::optimization
FNDA:0,CloneOptimizerError::ast
FNDA:0,CloneOptimizerError::ast_with_source
FNDA:0,CloneOptimizerError::type_analysis
FNDA:0,CloneOptimizerError::type_analysis_with_name
FNDA:0,CloneOptimizerError::concurrency
FNDA:0,CloneOptimizerError::operation
FNDA:0,CloneOptimizerError::operation_with_context
DA:131,0
DA:133,0
DA:139,0
DA:142,0
DA:148,0
DA:151,0
DA:152,0
DA:157,0
DA:159,0
DA:160,0
DA:172,0
DA:173,0
DA:174,0
DA:179,0
DA:181,0
DA:187,0
DA:189,0
DA:190,0
DA:204,0
DA:205,0
DA:210,0
DA:212,0
DA:223,0
DA:224,0
DA:239,0
DA:240,0
DA:241,0
DA:246,0
DA:249,0
DA:255,0
DA:258,0
DA:259,0
DA:264,0
DA:266,0
DA:277,0
DA:278,0
DA:283,0
DA:285,0
DA:290,0
DA:292,0
DA:303,0
DA:304,0
DA:346,0
DA:347,0
DA:350,0
DA:351,0
LF:46
LH:0
end_of_record
TN:
SF:/home/eastgate/Development/ecoPrimals/nestgate/tools/clone-optimizer/src/patterns.rs
FN:56,ClonePattern::new
FNF:1
FNDA:0,ClonePattern::new
DA:56,0
DA:57,0
DA:59,0
DA:60,0
DA:61,0
DA:62,0
DA:63,0
DA:64,0
DA:65,0
DA:66,0
DA:67,0
DA:68,0
DA:69,0
DA:70,0
DA:94,0
DA:95,0
DA:96,0
DA:98,0
DA:121,0
DA:122,0
DA:123,0
DA:358,0
DA:359,0
DA:360,0
DA:361,0
DA:362,0
DA:367,0
DA:368,0
DA:369,0
DA:373,0
DA:374,0
DA:375,0
LF:32
LH:0
end_of_record
TN:
SF:/home/eastgate/Development/ecoPrimals/nestgate/tools/unwrap-migrator/src/advanced_panic_migrator.rs
FNF:0
DA:248,0
DA:249,0
DA:251,0
DA:252,0
DA:253,0
DA:255,0
DA:256,0
DA:257,0
DA:260,0
DA:261,0
DA:265,0
LF:11
LH:0
end_of_record
TN:
SF:/home/eastgate/Development/ecoPrimals/nestgate/tools/unwrap-migrator/src/enhanced_migrator.rs
FNF:0
DA:134,0
DA:135,0
LF:2
LH:0
end_of_record
